TN:
SF:src/NavigationPath.ts
FN:5,(anonymous_0)
FN:109,locationWithCancelBack
FN:117,cancelNavigation
FNF:3
FNH:0
FNDA:0,(anonymous_0)
FNDA:0,locationWithCancelBack
FNDA:0,cancelNavigation
DA:5,0
DA:7,0
DA:10,0
DA:11,0
DA:12,0
DA:15,0
DA:16,0
DA:17,0
DA:20,0
DA:23,0
DA:24,0
DA:25,0
DA:26,0
DA:27,0
DA:28,0
DA:29,0
DA:30,0
DA:31,0
DA:32,0
DA:33,0
DA:36,0
DA:37,0
DA:38,0
DA:39,0
DA:40,0
DA:41,0
DA:42,0
DA:43,0
DA:44,0
DA:45,0
DA:48,0
DA:49,0
DA:52,0
DA:53,0
DA:54,0
DA:57,0
DA:58,0
DA:59,0
DA:60,0
DA:61,0
DA:64,0
DA:65,0
DA:66,0
DA:69,0
DA:70,0
DA:71,0
DA:72,0
DA:75,0
DA:76,0
DA:77,0
DA:78,0
DA:79,0
DA:80,0
DA:81,0
DA:82,0
DA:83,0
DA:86,0
DA:87,0
DA:88,0
DA:89,0
DA:90,0
DA:91,0
DA:92,0
DA:93,0
DA:94,0
DA:95,0
DA:96,0
DA:97,0
DA:98,0
DA:101,0
DA:102,0
DA:103,0
DA:104,0
DA:109,0
DA:114,0
DA:117,0
DA:118,0
DA:119,0
DA:121,0
LF:79
LH:0
BRDA:5,0,0,0
BRDA:5,0,1,0
BRDA:114,1,0,0
BRDA:114,1,1,0
BRDA:114,2,0,0
BRDA:114,2,1,0
BRDA:118,3,0,0
BRDA:118,3,1,0
BRDA:118,4,0,0
BRDA:118,4,1,0
BRDA:118,5,0,0
BRDA:118,5,1,0
BRDA:118,6,0,0
BRDA:118,6,1,0
BRF:14
BRH:0
end_of_record
TN:
SF:src/atoms.tsx
FN:146,AtomArray
FN:234,LoadData
FN:286,(anonymous_3)
FN:288,addSetter
FN:394,(anonymous_5)
FN:397,processEventQueue
FN:400,(anonymous_7)
FN:415,(anonymous_10)
FN:421,(anonymous_12)
FN:444,processMessage
FN:458,(anonymous_14)
FN:476,startWatch
FN:479,(anonymous_16)
FN:483,(anonymous_17)
FN:493,(anonymous_18)
FN:499,(anonymous_19)
FN:500,checkLoggedIn
FN:505,(anonymous_21)
FN:518,(anonymous_22)
FN:525,(anonymous_23)
FN:532,(anonymous_24)
FN:539,usePolicies
FN:542,(anonymous_26)
FN:542,(anonymous_27)
FNF:24
FNH:0
FNDA:0,AtomArray
FNDA:0,LoadData
FNDA:0,(anonymous_3)
FNDA:0,addSetter
FNDA:0,(anonymous_5)
FNDA:0,processEventQueue
FNDA:0,(anonymous_7)
FNDA:0,(anonymous_10)
FNDA:0,(anonymous_12)
FNDA:0,processMessage
FNDA:0,(anonymous_14)
FNDA:0,startWatch
FNDA:0,(anonymous_16)
FNDA:0,(anonymous_17)
FNDA:0,(anonymous_18)
FNDA:0,(anonymous_19)
FNDA:0,checkLoggedIn
FNDA:0,(anonymous_21)
FNDA:0,(anonymous_22)
FNDA:0,(anonymous_23)
FNDA:0,(anonymous_24)
FNDA:0,usePolicies
FNDA:0,(anonymous_26)
FNDA:0,(anonymous_27)
DA:4,0
DA:5,0
DA:6,0
DA:7,0
DA:145,0
DA:147,0
DA:151,0
DA:153,0
DA:154,0
DA:156,0
DA:157,0
DA:158,0
DA:159,0
DA:160,0
DA:161,0
DA:162,0
DA:163,0
DA:164,0
DA:165,0
DA:166,0
DA:167,0
DA:168,0
DA:169,0
DA:170,0
DA:171,0
DA:172,0
DA:173,0
DA:174,0
DA:175,0
DA:176,0
DA:177,0
DA:178,0
DA:179,0
DA:180,0
DA:181,0
DA:182,0
DA:183,0
DA:184,0
DA:185,0
DA:186,0
DA:187,0
DA:188,0
DA:189,0
DA:190,0
DA:191,0
DA:192,0
DA:193,0
DA:194,0
DA:195,0
DA:196,0
DA:197,0
DA:198,0
DA:199,0
DA:200,0
DA:201,0
DA:202,0
DA:203,0
DA:205,0
DA:234,0
DA:235,0
DA:236,0
DA:237,0
DA:238,0
DA:239,0
DA:240,0
DA:241,0
DA:242,0
DA:243,0
DA:244,0
DA:245,0
DA:246,0
DA:247,0
DA:248,0
DA:249,0
DA:250,0
DA:251,0
DA:252,0
DA:253,0
DA:254,0
DA:255,0
DA:256,0
DA:257,0
DA:258,0
DA:259,0
DA:260,0
DA:261,0
DA:262,0
DA:263,0
DA:264,0
DA:265,0
DA:266,0
DA:267,0
DA:268,0
DA:269,0
DA:270,0
DA:271,0
DA:272,0
DA:273,0
DA:274,0
DA:275,0
DA:276,0
DA:277,0
DA:278,0
DA:279,0
DA:280,0
DA:281,0
DA:282,0
DA:283,0
DA:284,0
DA:286,0
DA:287,0
DA:289,0
DA:290,0
DA:291,0
DA:293,0
DA:294,0
DA:295,0
DA:296,0
DA:297,0
DA:298,0
DA:299,0
DA:300,0
DA:301,0
DA:302,0
DA:303,0
DA:304,0
DA:305,0
DA:306,0
DA:307,0
DA:308,0
DA:309,0
DA:310,0
DA:311,0
DA:312,0
DA:313,0
DA:314,0
DA:315,0
DA:316,0
DA:317,0
DA:318,0
DA:319,0
DA:320,0
DA:321,0
DA:322,0
DA:323,0
DA:324,0
DA:325,0
DA:326,0
DA:327,0
DA:328,0
DA:329,0
DA:330,0
DA:331,0
DA:332,0
DA:333,0
DA:334,0
DA:335,0
DA:336,0
DA:337,0
DA:338,0
DA:339,0
DA:340,0
DA:341,0
DA:342,0
DA:394,0
DA:395,0
DA:398,0
DA:400,0
DA:401,0
DA:402,0
DA:403,0
DA:404,0
DA:405,0
DA:406,0
DA:407,0
DA:409,0
DA:411,0
DA:412,0
DA:413,0
DA:414,0
DA:415,0
DA:416,0
DA:417,0
DA:418,0
DA:419,0
DA:420,0
DA:422,0
DA:425,0
DA:428,0
DA:429,0
DA:430,0
DA:432,0
DA:433,0
DA:437,0
DA:445,0
DA:446,0
DA:447,0
DA:448,0
DA:452,0
DA:453,0
DA:455,0
DA:456,0
DA:458,0
DA:459,0
DA:460,0
DA:462,0
DA:464,0
DA:466,0
DA:467,0
DA:470,0
DA:477,0
DA:478,0
DA:479,0
DA:480,0
DA:481,0
DA:483,0
DA:484,0
DA:486,0
DA:490,0
DA:492,0
DA:493,0
DA:494,0
DA:495,0
DA:499,0
DA:501,0
DA:506,0
DA:508,0
DA:510,0
DA:511,0
DA:513,0
DA:515,0
DA:519,0
DA:520,0
DA:522,0
DA:526,0
DA:529,0
DA:532,0
DA:534,0
DA:536,0
DA:539,0
DA:540,0
DA:541,0
DA:542,0
LF:243
LH:0
BRDA:290,0,0,0
BRDA:398,1,0,0
BRDA:400,2,0,0
BRDA:400,2,1,0
BRDA:400,3,0,0
BRDA:400,3,1,0
BRDA:404,4,0,0
BRDA:405,5,0,0
BRDA:413,6,0,0
BRDA:413,6,1,0
BRDA:413,7,0,0
BRDA:413,7,1,0
BRDA:414,8,0,0
BRDA:417,9,0,0
BRDA:417,9,1,0
BRDA:417,10,0,0
BRDA:417,10,1,0
BRDA:418,11,0,0
BRDA:422,12,0,0
BRDA:422,12,1,0
BRDA:422,13,0,0
BRDA:422,13,1,0
BRDA:422,14,0,0
BRDA:422,14,1,0
BRDA:423,15,0,0
BRDA:423,15,1,0
BRDA:423,16,0,0
BRDA:423,16,1,0
BRDA:425,17,0,0
BRDA:425,17,1,0
BRDA:425,17,2,0
BRDA:428,18,0,0
BRDA:428,18,1,0
BRDA:432,19,0,0
BRDA:445,20,0,0
BRDA:448,21,0,0
BRDA:448,21,1,0
BRDA:448,21,2,0
BRDA:448,21,3,0
BRDA:448,21,4,0
BRDA:448,21,5,0
BRDA:459,22,0,0
BRDA:480,23,0,0
BRDA:480,23,1,0
BRDA:480,24,0,0
BRDA:480,24,1,0
BRDA:481,25,0,0
BRDA:481,26,0,0
BRDA:481,26,1,0
BRDA:481,27,0,0
BRDA:481,27,1,0
BRDA:495,28,0,0
BRDA:506,29,0,0
BRDA:506,29,1,0
BRDA:510,30,0,0
BRDA:510,30,1,0
BRDA:519,31,0,0
BRDA:519,31,1,0
BRDA:534,32,0,0
BRDA:534,33,0,0
BRDA:534,33,1,0
BRDA:542,34,0,0
BRDA:542,34,1,0
BRDA:542,35,0,0
BRDA:542,35,1,0
BRF:65
BRH:0
end_of_record
TN:
SF:src/globals.d.ts
FNF:0
FNH:0
LF:0
LH:0
BRF:0
BRH:0
end_of_record
TN:
SF:src/jest.d.ts
FNF:0
FNH:0
LF:0
LH:0
BRF:0
BRH:0
end_of_record
TN:
SF:src/perspective.tsx
FN:6,ACMIcon
FN:24,(anonymous_3)
FN:26,(anonymous_4)
FNF:3
FNH:0
FNDA:0,ACMIcon
FNDA:0,(anonymous_3)
FNDA:0,(anonymous_4)
DA:4,0
DA:7,0
DA:11,0
DA:22,0
DA:24,0
DA:26,0
LF:6
LH:0
BRF:0
BRH:0
end_of_record
TN:
SF:src/react-app-env.d.ts
FNF:0
FNH:0
LF:0
LH:0
BRF:0
BRH:0
end_of_record
TN:
SF:src/svg.mock.js
FNF:0
FNH:0
DA:3,0
LF:1
LH:0
BRF:0
BRH:0
end_of_record
TN:
SF:src/typings.d.ts
FNF:0
FNH:0
LF:0
LH:0
BRF:0
BRH:0
end_of_record
TN:
SF:src/components/AcmDataForm.tsx
FN:107,generalValidationMessage
FN:111,requiredValidationMessage
FN:120,AcmDataFormPage
FN:134,(anonymous_8)
FN:164,(anonymous_9)
FN:209,(anonymous_10)
FN:212,(anonymous_11)
FN:215,(anonymous_12)
FN:227,(anonymous_13)
FN:236,(anonymous_14)
FN:292,AcmDataForm
FN:332,AcmDataFormDefault
FN:346,(anonymous_17)
FN:363,(anonymous_18)
FN:403,(anonymous_19)
FN:410,(anonymous_20)
FN:440,AcmDataFormWizard
FN:454,createStep
FN:498,(anonymous_23)
FN:503,(anonymous_24)
FN:536,(anonymous_25)
FN:562,(anonymous_26)
FN:563,(anonymous_27)
FN:606,(anonymous_28)
FN:612,(anonymous_29)
FN:655,AcmDataFormDetails
FN:667,(anonymous_31)
FN:703,(anonymous_32)
FN:708,(anonymous_33)
FN:726,(anonymous_34)
FN:742,AcmInputDescription
FN:758,(anonymous_36)
FN:765,(anonymous_37)
FN:786,(anonymous_38)
FN:809,(anonymous_39)
FN:834,(anonymous_40)
FN:853,(anonymous_41)
FN:865,(anonymous_42)
FN:876,AcmDataFormInputs
FN:885,(anonymous_44)
FN:967,AcmDataFormInput
FN:990,(anonymous_46)
FN:1006,(anonymous_47)
FN:1044,(anonymous_48)
FN:1062,(anonymous_49)
FN:1073,(anonymous_50)
FN:1080,(anonymous_51)
FN:1100,(anonymous_52)
FN:1104,(anonymous_53)
FN:1111,(anonymous_54)
FN:1119,(anonymous_55)
FN:1182,(anonymous_56)
FN:1196,(anonymous_57)
FN:1198,(anonymous_58)
FN:1224,(anonymous_59)
FN:1238,(anonymous_60)
FN:1239,(anonymous_61)
FN:1243,(anonymous_62)
FN:1259,sectionHasValue
FN:1276,anyInputHasValue
FN:1286,formHasErrors
FN:1293,sectionHasErrors
FN:1310,formHasRequiredErrors
FN:1317,sectionHasRequiredErrors
FN:1336,inputsHaveRequiredErrors
FN:1344,inputsHaveErrors
FN:1352,inputError
FN:1358,inputHasValue
FN:1369,sectionHidden
FN:1387,inputsHidden
FN:1396,SelectWithToggle
FN:1404,(anonymous_76)
FN:1405,(anonymous_77)
FN:1416,LabelHelp
FN:1427,(anonymous_79)
FN:1438,SelectOptionsGallery
FN:1442,(anonymous_81)
FN:1449,(anonymous_82)
FN:1452,(anonymous_83)
FN:1463,PasteInputButton
FN:1468,(anonymous_85)
FN:1469,(anonymous_86)
FN:1480,ClearInputButton
FN:1489,ShowSecretsButton
FN:1492,(anonymous_89)
FN:1498,OrderedItemsInput
FN:1509,(anonymous_91)
FN:1510,(anonymous_92)
FN:1510,(anonymous_93)
FN:1513,(anonymous_94)
FN:1516,(anonymous_95)
FN:1531,(anonymous_96)
FN:1549,(anonymous_97)
FN:1557,(anonymous_98)
FN:1558,(anonymous_99)
FN:1575,(anonymous_100)
FNF:96
FNH:0
FNDA:0,generalValidationMessage
FNDA:0,requiredValidationMessage
FNDA:0,AcmDataFormPage
FNDA:0,(anonymous_8)
FNDA:0,(anonymous_9)
FNDA:0,(anonymous_10)
FNDA:0,(anonymous_11)
FNDA:0,(anonymous_12)
FNDA:0,(anonymous_13)
FNDA:0,(anonymous_14)
FNDA:0,AcmDataForm
FNDA:0,AcmDataFormDefault
FNDA:0,(anonymous_17)
FNDA:0,(anonymous_18)
FNDA:0,(anonymous_19)
FNDA:0,(anonymous_20)
FNDA:0,AcmDataFormWizard
FNDA:0,createStep
FNDA:0,(anonymous_23)
FNDA:0,(anonymous_24)
FNDA:0,(anonymous_25)
FNDA:0,(anonymous_26)
FNDA:0,(anonymous_27)
FNDA:0,(anonymous_28)
FNDA:0,(anonymous_29)
FNDA:0,AcmDataFormDetails
FNDA:0,(anonymous_31)
FNDA:0,(anonymous_32)
FNDA:0,(anonymous_33)
FNDA:0,(anonymous_34)
FNDA:0,AcmInputDescription
FNDA:0,(anonymous_36)
FNDA:0,(anonymous_37)
FNDA:0,(anonymous_38)
FNDA:0,(anonymous_39)
FNDA:0,(anonymous_40)
FNDA:0,(anonymous_41)
FNDA:0,(anonymous_42)
FNDA:0,AcmDataFormInputs
FNDA:0,(anonymous_44)
FNDA:0,AcmDataFormInput
FNDA:0,(anonymous_46)
FNDA:0,(anonymous_47)
FNDA:0,(anonymous_48)
FNDA:0,(anonymous_49)
FNDA:0,(anonymous_50)
FNDA:0,(anonymous_51)
FNDA:0,(anonymous_52)
FNDA:0,(anonymous_53)
FNDA:0,(anonymous_54)
FNDA:0,(anonymous_55)
FNDA:0,(anonymous_56)
FNDA:0,(anonymous_57)
FNDA:0,(anonymous_58)
FNDA:0,(anonymous_59)
FNDA:0,(anonymous_60)
FNDA:0,(anonymous_61)
FNDA:0,(anonymous_62)
FNDA:0,sectionHasValue
FNDA:0,anyInputHasValue
FNDA:0,formHasErrors
FNDA:0,sectionHasErrors
FNDA:0,formHasRequiredErrors
FNDA:0,sectionHasRequiredErrors
FNDA:0,inputsHaveRequiredErrors
FNDA:0,inputsHaveErrors
FNDA:0,inputError
FNDA:0,inputHasValue
FNDA:0,sectionHidden
FNDA:0,inputsHidden
FNDA:0,SelectWithToggle
FNDA:0,(anonymous_76)
FNDA:0,(anonymous_77)
FNDA:0,LabelHelp
FNDA:0,(anonymous_79)
FNDA:0,SelectOptionsGallery
FNDA:0,(anonymous_81)
FNDA:0,(anonymous_82)
FNDA:0,(anonymous_83)
FNDA:0,PasteInputButton
FNDA:0,(anonymous_85)
FNDA:0,(anonymous_86)
FNDA:0,ClearInputButton
FNDA:0,ShowSecretsButton
FNDA:0,(anonymous_89)
FNDA:0,OrderedItemsInput
FNDA:0,(anonymous_91)
FNDA:0,(anonymous_92)
FNDA:0,(anonymous_93)
FNDA:0,(anonymous_94)
FNDA:0,(anonymous_95)
FNDA:0,(anonymous_96)
FNDA:0,(anonymous_97)
FNDA:0,(anonymous_98)
FNDA:0,(anonymous_99)
FNDA:0,(anonymous_100)
DA:2,0
DA:3,0
DA:66,0
DA:67,0
DA:79,0
DA:80,0
DA:81,0
DA:82,0
DA:92,0
DA:93,0
DA:94,0
DA:108,0
DA:112,0
DA:115,0
DA:116,0
DA:118,0
DA:120,0
DA:121,0
DA:123,0
DA:124,0
DA:125,0
DA:126,0
DA:127,0
DA:128,0
DA:129,0
DA:130,0
DA:134,0
DA:135,0
DA:136,0
DA:139,0
DA:165,0
DA:166,0
DA:210,0
DA:213,0
DA:216,0
DA:228,0
DA:231,0
DA:236,0
DA:237,0
DA:292,0
DA:299,0
DA:300,0
DA:302,0
DA:313,0
DA:320,0
DA:332,0
DA:339,0
DA:340,0
DA:341,0
DA:342,0
DA:343,0
DA:344,0
DA:347,0
DA:348,0
DA:349,0
DA:360,0
DA:364,0
DA:365,0
DA:404,0
DA:405,0
DA:406,0
DA:407,0
DA:408,0
DA:409,0
DA:410,0
DA:411,0
DA:412,0
DA:416,0
DA:440,0
DA:447,0
DA:448,0
DA:449,0
DA:450,0
DA:451,0
DA:452,0
DA:455,0
DA:456,0
DA:458,0
DA:498,0
DA:503,0
DA:505,0
DA:534,0
DA:536,0
DA:539,0
DA:540,0
DA:542,0
DA:543,0
DA:544,0
DA:546,0
DA:547,0
DA:548,0
DA:550,0
DA:552,0
DA:554,0
DA:557,0
DA:558,0
DA:563,0
DA:564,0
DA:565,0
DA:566,0
DA:569,0
DA:571,0
DA:572,0
DA:596,0
DA:598,0
DA:607,0
DA:608,0
DA:609,0
DA:610,0
DA:611,0
DA:612,0
DA:613,0
DA:614,0
DA:615,0
DA:619,0
DA:652,0
DA:655,0
DA:656,0
DA:657,0
DA:658,0
DA:668,0
DA:669,0
DA:670,0
DA:671,0
DA:703,0
DA:709,0
DA:710,0
DA:711,0
DA:726,0
DA:743,0
DA:744,0
DA:745,0
DA:746,0
DA:747,0
DA:750,0
DA:758,0
DA:765,0
DA:778,0
DA:786,0
DA:787,0
DA:788,0
DA:798,0
DA:807,0
DA:808,0
DA:809,0
DA:810,0
DA:812,0
DA:813,0
DA:823,0
DA:824,0
DA:825,0
DA:826,0
DA:829,0
DA:830,0
DA:834,0
DA:840,0
DA:841,0
DA:842,0
DA:843,0
DA:844,0
DA:848,0
DA:849,0
DA:853,0
DA:859,0
DA:860,0
DA:865,0
DA:876,0
DA:882,0
DA:883,0
DA:886,0
DA:887,0
DA:888,0
DA:967,0
DA:968,0
DA:969,0
DA:970,0
DA:972,0
DA:973,0
DA:990,0
DA:998,0
DA:999,0
DA:1007,0
DA:1014,0
DA:1015,0
DA:1044,0
DA:1052,0
DA:1053,0
DA:1061,0
DA:1062,0
DA:1063,0
DA:1066,0
DA:1067,0
DA:1070,0
DA:1071,0
DA:1073,0
DA:1075,0
DA:1078,0
DA:1079,0
DA:1080,0
DA:1081,0
DA:1084,0
DA:1085,0
DA:1088,0
DA:1089,0
DA:1093,0
DA:1094,0
DA:1098,0
DA:1100,0
DA:1101,0
DA:1103,0
DA:1104,0
DA:1105,0
DA:1107,0
DA:1109,0
DA:1110,0
DA:1112,0
DA:1120,0
DA:1124,0
DA:1127,0
DA:1128,0
DA:1131,0
DA:1132,0
DA:1133,0
DA:1134,0
DA:1137,0
DA:1140,0
DA:1141,0
DA:1142,0
DA:1143,0
DA:1144,0
DA:1147,0
DA:1148,0
DA:1151,0
DA:1153,0
DA:1154,0
DA:1155,0
DA:1158,0
DA:1159,0
DA:1162,0
DA:1163,0
DA:1166,0
DA:1183,0
DA:1196,0
DA:1199,0
DA:1219,0
DA:1222,0
DA:1224,0
DA:1234,0
DA:1235,0
DA:1238,0
DA:1240,0
DA:1241,0
DA:1244,0
DA:1245,0
DA:1254,0
DA:1260,0
DA:1261,0
DA:1263,0
DA:1264,0
DA:1266,0
DA:1267,0
DA:1268,0
DA:1271,0
DA:1273,0
DA:1277,0
DA:1278,0
DA:1279,0
DA:1280,0
DA:1283,0
DA:1287,0
DA:1288,0
DA:1290,0
DA:1294,0
DA:1295,0
DA:1297,0
DA:1298,0
DA:1300,0
DA:1301,0
DA:1302,0
DA:1305,0
DA:1307,0
DA:1311,0
DA:1312,0
DA:1314,0
DA:1318,0
DA:1319,0
DA:1321,0
DA:1322,0
DA:1324,0
DA:1325,0
DA:1326,0
DA:1329,0
DA:1331,0
DA:1334,0
DA:1337,0
DA:1338,0
DA:1339,0
DA:1341,0
DA:1345,0
DA:1346,0
DA:1347,0
DA:1349,0
DA:1353,0
DA:1354,0
DA:1355,0
DA:1359,0
DA:1363,0
DA:1365,0
DA:1370,0
DA:1371,0
DA:1373,0
DA:1375,0
DA:1376,0
DA:1377,0
DA:1378,0
DA:1380,0
DA:1382,0
DA:1384,0
DA:1388,0
DA:1389,0
DA:1390,0
DA:1392,0
DA:1398,0
DA:1399,0
DA:1400,0
DA:1404,0
DA:1406,0
DA:1407,0
DA:1417,0
DA:1427,0
DA:1439,0
DA:1440,0
DA:1442,0
DA:1449,0
DA:1453,0
DA:1464,0
DA:1465,0
DA:1469,0
DA:1470,0
DA:1471,0
DA:1481,0
DA:1482,0
DA:1490,0
DA:1491,0
DA:1492,0
DA:1503,0
DA:1504,0
DA:1510,0
DA:1511,0
DA:1513,0
DA:1517,0
DA:1518,0
DA:1531,0
DA:1549,0
DA:1558,0
DA:1575,0
LF:356
LH:0
BRDA:126,0,0,0
BRDA:126,0,1,0
BRDA:126,1,0,0
BRDA:126,1,1,0
BRDA:127,2,0,0
BRDA:127,2,1,0
BRDA:127,3,0,0
BRDA:127,3,1,0
BRDA:135,4,0,0
BRDA:135,4,1,0
BRDA:136,5,0,0
BRDA:136,5,1,0
BRDA:151,6,0,0
BRDA:151,6,1,0
BRDA:151,6,2,0
BRDA:160,7,0,0
BRDA:160,7,1,0
BRDA:160,7,2,0
BRDA:173,8,0,0
BRDA:173,8,1,0
BRDA:173,8,2,0
BRDA:173,8,3,0
BRDA:176,9,0,0
BRDA:176,9,1,0
BRDA:198,10,0,0
BRDA:198,10,1,0
BRDA:208,11,0,0
BRDA:208,11,1,0
BRDA:216,12,0,0
BRDA:216,12,1,0
BRDA:216,13,0,0
BRDA:216,13,1,0
BRDA:261,14,0,0
BRDA:261,14,1,0
BRDA:300,15,0,0
BRDA:300,15,1,0
BRDA:300,15,2,0
BRDA:306,16,0,0
BRDA:306,16,1,0
BRDA:306,17,0,0
BRDA:306,17,1,0
BRDA:347,18,0,0
BRDA:348,19,0,0
BRDA:363,20,0,0
BRDA:363,20,1,0
BRDA:363,21,0,0
BRDA:363,21,1,0
BRDA:364,22,0,0
BRDA:387,23,0,0
BRDA:387,23,1,0
BRDA:387,23,2,0
BRDA:387,24,0,0
BRDA:387,24,1,0
BRDA:387,25,0,0
BRDA:387,25,1,0
BRDA:387,26,0,0
BRDA:387,26,1,0
BRDA:387,27,0,0
BRDA:387,27,1,0
BRDA:387,28,0,0
BRDA:387,28,1,0
BRDA:387,29,0,0
BRDA:387,29,1,0
BRDA:387,30,0,0
BRDA:387,30,1,0
BRDA:387,31,0,0
BRDA:387,31,1,0
BRDA:397,32,0,0
BRDA:397,32,1,0
BRDA:405,33,0,0
BRDA:408,34,0,0
BRDA:411,35,0,0
BRDA:416,36,0,0
BRDA:421,37,0,0
BRDA:421,37,1,0
BRDA:421,37,2,0
BRDA:455,38,0,0
BRDA:456,39,0,0
BRDA:456,39,1,0
BRDA:463,40,0,0
BRDA:463,40,1,0
BRDA:463,40,2,0
BRDA:470,41,0,0
BRDA:470,41,1,0
BRDA:472,42,0,0
BRDA:472,42,1,0
BRDA:472,42,2,0
BRDA:472,42,3,0
BRDA:474,43,0,0
BRDA:474,43,1,0
BRDA:481,44,0,0
BRDA:481,44,1,0
BRDA:482,45,0,0
BRDA:482,45,1,0
BRDA:482,46,0,0
BRDA:482,46,1,0
BRDA:483,47,0,0
BRDA:483,47,1,0
BRDA:490,48,0,0
BRDA:490,48,1,0
BRDA:497,49,0,0
BRDA:497,49,1,0
BRDA:498,50,0,0
BRDA:498,50,1,0
BRDA:498,51,0,0
BRDA:498,51,1,0
BRDA:510,52,0,0
BRDA:510,52,1,0
BRDA:510,52,2,0
BRDA:512,53,0,0
BRDA:512,53,1,0
BRDA:520,54,0,0
BRDA:520,54,1,0
BRDA:520,54,2,0
BRDA:520,55,0,0
BRDA:520,55,1,0
BRDA:520,56,0,0
BRDA:520,56,1,0
BRDA:520,57,0,0
BRDA:520,57,1,0
BRDA:520,58,0,0
BRDA:520,58,1,0
BRDA:520,59,0,0
BRDA:520,59,1,0
BRDA:520,60,0,0
BRDA:520,60,1,0
BRDA:520,61,0,0
BRDA:520,61,1,0
BRDA:520,62,0,0
BRDA:520,62,1,0
BRDA:540,63,0,0
BRDA:540,63,1,0
BRDA:542,64,0,0
BRDA:543,65,0,0
BRDA:546,66,0,0
BRDA:546,66,1,0
BRDA:546,67,0,0
BRDA:546,67,1,0
BRDA:547,68,0,0
BRDA:550,69,0,0
BRDA:554,70,0,0
BRDA:557,71,0,0
BRDA:564,72,0,0
BRDA:565,73,0,0
BRDA:571,74,0,0
BRDA:575,75,0,0
BRDA:575,75,1,0
BRDA:575,75,2,0
BRDA:575,75,3,0
BRDA:585,76,0,0
BRDA:585,76,1,0
BRDA:585,77,0,0
BRDA:585,77,1,0
BRDA:585,78,0,0
BRDA:585,78,1,0
BRDA:600,79,0,0
BRDA:600,79,1,0
BRDA:607,80,0,0
BRDA:610,81,0,0
BRDA:613,82,0,0
BRDA:619,83,0,0
BRDA:624,84,0,0
BRDA:624,84,1,0
BRDA:624,84,2,0
BRDA:660,85,0,0
BRDA:660,85,1,0
BRDA:660,85,2,0
BRDA:663,86,0,0
BRDA:663,86,1,0
BRDA:668,87,0,0
BRDA:669,88,0,0
BRDA:676,89,0,0
BRDA:676,89,1,0
BRDA:695,90,0,0
BRDA:695,90,1,0
BRDA:696,91,0,0
BRDA:696,91,1,0
BRDA:700,92,0,0
BRDA:700,92,1,0
BRDA:702,93,0,0
BRDA:702,93,1,0
BRDA:706,94,0,0
BRDA:706,94,1,0
BRDA:709,95,0,0
BRDA:710,96,0,0
BRDA:714,97,0,0
BRDA:714,97,1,0
BRDA:721,98,0,0
BRDA:721,98,1,0
BRDA:725,99,0,0
BRDA:725,99,1,0
BRDA:745,100,0,0
BRDA:746,101,0,0
BRDA:747,102,0,0
BRDA:747,102,1,0
BRDA:747,102,2,0
BRDA:747,102,3,0
BRDA:747,102,4,0
BRDA:747,102,5,0
BRDA:747,102,6,0
BRDA:747,102,7,0
BRDA:747,102,8,0
BRDA:747,102,9,0
BRDA:747,102,10,0
BRDA:747,102,11,0
BRDA:756,103,0,0
BRDA:756,103,1,0
BRDA:756,104,0,0
BRDA:756,104,1,0
BRDA:758,105,0,0
BRDA:758,105,1,0
BRDA:758,106,0,0
BRDA:758,106,1,0
BRDA:760,107,0,0
BRDA:760,107,1,0
BRDA:767,108,0,0
BRDA:767,108,1,0
BRDA:787,109,0,0
BRDA:792,110,0,0
BRDA:792,110,1,0
BRDA:792,111,0,0
BRDA:792,111,1,0
BRDA:801,112,0,0
BRDA:801,112,1,0
BRDA:810,113,0,0
BRDA:812,114,0,0
BRDA:817,115,0,0
BRDA:817,115,1,0
BRDA:817,116,0,0
BRDA:817,116,1,0
BRDA:825,117,0,0
BRDA:829,118,0,0
BRDA:834,119,0,0
BRDA:834,119,1,0
BRDA:834,120,0,0
BRDA:834,120,1,0
BRDA:843,121,0,0
BRDA:848,122,0,0
BRDA:853,123,0,0
BRDA:853,123,1,0
BRDA:853,124,0,0
BRDA:853,124,1,0
BRDA:859,125,0,0
BRDA:885,126,0,0
BRDA:885,126,1,0
BRDA:885,127,0,0
BRDA:885,127,1,0
BRDA:887,128,0,0
BRDA:887,128,1,0
BRDA:887,129,0,0
BRDA:887,129,1,0
BRDA:890,130,0,0
BRDA:890,130,1,0
BRDA:894,131,0,0
BRDA:894,131,1,0
BRDA:894,132,0,0
BRDA:894,132,1,0
BRDA:894,133,0,0
BRDA:894,133,1,0
BRDA:894,134,0,0
BRDA:894,134,1,0
BRDA:901,135,0,0
BRDA:901,135,1,0
BRDA:909,136,0,0
BRDA:909,136,1,0
BRDA:911,137,0,0
BRDA:911,137,1,0
BRDA:928,138,0,0
BRDA:928,138,1,0
BRDA:936,139,0,0
BRDA:936,139,1,0
BRDA:938,140,0,0
BRDA:938,140,1,0
BRDA:969,141,0,0
BRDA:969,141,1,0
BRDA:970,142,0,0
BRDA:970,142,1,0
BRDA:970,142,2,0
BRDA:970,142,3,0
BRDA:970,142,4,0
BRDA:970,142,5,0
BRDA:970,142,6,0
BRDA:970,142,7,0
BRDA:970,142,8,0
BRDA:970,142,9,0
BRDA:970,142,10,0
BRDA:970,142,11,0
BRDA:980,143,0,0
BRDA:980,143,1,0
BRDA:980,144,0,0
BRDA:980,144,1,0
BRDA:982,145,0,0
BRDA:982,145,1,0
BRDA:986,146,0,0
BRDA:986,146,1,0
BRDA:989,147,0,0
BRDA:989,147,1,0
BRDA:989,147,2,0
BRDA:1014,148,0,0
BRDA:1014,148,1,0
BRDA:1014,148,2,0
BRDA:1017,149,0,0
BRDA:1017,149,1,0
BRDA:1036,150,0,0
BRDA:1036,150,1,0
BRDA:1040,151,0,0
BRDA:1040,151,1,0
BRDA:1043,152,0,0
BRDA:1043,152,1,0
BRDA:1043,152,2,0
BRDA:1063,153,0,0
BRDA:1063,153,1,0
BRDA:1063,153,2,0
BRDA:1063,153,3,0
BRDA:1070,154,0,0
BRDA:1070,154,1,0
BRDA:1079,155,0,0
BRDA:1079,156,0,0
BRDA:1079,156,1,0
BRDA:1081,157,0,0
BRDA:1081,157,1,0
BRDA:1081,157,2,0
BRDA:1081,157,3,0
BRDA:1094,158,0,0
BRDA:1094,158,1,0
BRDA:1098,159,0,0
BRDA:1098,159,1,0
BRDA:1105,160,0,0
BRDA:1109,161,0,0
BRDA:1109,162,0,0
BRDA:1109,162,1,0
BRDA:1109,163,0,0
BRDA:1109,163,1,0
BRDA:1114,164,0,0
BRDA:1114,164,1,0
BRDA:1114,165,0,0
BRDA:1114,165,1,0
BRDA:1115,166,0,0
BRDA:1115,166,1,0
BRDA:1115,167,0,0
BRDA:1115,167,1,0
BRDA:1120,168,0,0
BRDA:1120,168,1,0
BRDA:1120,169,0,0
BRDA:1120,169,1,0
BRDA:1120,170,0,0
BRDA:1120,170,1,0
BRDA:1120,171,0,0
BRDA:1120,171,1,0
BRDA:1128,172,0,0
BRDA:1128,172,1,0
BRDA:1128,172,2,0
BRDA:1128,172,3,0
BRDA:1132,173,0,0
BRDA:1142,174,0,0
BRDA:1147,175,0,0
BRDA:1154,176,0,0
BRDA:1155,177,0,0
BRDA:1155,177,1,0
BRDA:1155,177,2,0
BRDA:1155,177,3,0
BRDA:1158,178,0,0
BRDA:1158,178,1,0
BRDA:1174,179,0,0
BRDA:1174,179,1,0
BRDA:1176,180,0,0
BRDA:1176,180,1,0
BRDA:1177,181,0,0
BRDA:1177,181,1,0
BRDA:1181,182,0,0
BRDA:1181,182,1,0
BRDA:1181,183,0,0
BRDA:1181,183,1,0
BRDA:1189,184,0,0
BRDA:1189,184,1,0
BRDA:1192,185,0,0
BRDA:1192,185,1,0
BRDA:1192,186,0,0
BRDA:1192,186,1,0
BRDA:1205,187,0,0
BRDA:1205,187,1,0
BRDA:1208,188,0,0
BRDA:1208,188,1,0
BRDA:1208,189,0,0
BRDA:1208,189,1,0
BRDA:1240,190,0,0
BRDA:1240,190,1,0
BRDA:1240,191,0,0
BRDA:1240,191,1,0
BRDA:1244,192,0,0
BRDA:1244,192,1,0
BRDA:1244,193,0,0
BRDA:1244,193,1,0
BRDA:1260,194,0,0
BRDA:1261,195,0,0
BRDA:1261,195,1,0
BRDA:1263,196,0,0
BRDA:1266,197,0,0
BRDA:1268,198,0,0
BRDA:1277,199,0,0
BRDA:1279,200,0,0
BRDA:1288,201,0,0
BRDA:1294,202,0,0
BRDA:1295,203,0,0
BRDA:1295,203,1,0
BRDA:1297,204,0,0
BRDA:1300,205,0,0
BRDA:1302,206,0,0
BRDA:1312,207,0,0
BRDA:1318,208,0,0
BRDA:1319,209,0,0
BRDA:1319,209,1,0
BRDA:1321,210,0,0
BRDA:1324,211,0,0
BRDA:1326,212,0,0
BRDA:1337,213,0,0
BRDA:1339,214,0,0
BRDA:1345,215,0,0
BRDA:1347,216,0,0
BRDA:1353,217,0,0
BRDA:1354,218,0,0
BRDA:1354,219,0,0
BRDA:1354,219,1,0
BRDA:1355,220,0,0
BRDA:1355,220,1,0
BRDA:1359,221,0,0
BRDA:1359,221,1,0
BRDA:1359,221,2,0
BRDA:1359,221,3,0
BRDA:1365,222,0,0
BRDA:1365,222,1,0
BRDA:1370,223,0,0
BRDA:1371,224,0,0
BRDA:1371,224,1,0
BRDA:1375,225,0,0
BRDA:1378,226,0,0
BRDA:1388,227,0,0
BRDA:1390,228,0,0
BRDA:1406,229,0,0
BRDA:1406,229,1,0
BRDA:1406,230,0,0
BRDA:1406,230,1,0
BRDA:1407,231,0,0
BRDA:1417,232,0,0
BRDA:1417,232,1,0
BRDA:1446,233,0,0
BRDA:1446,233,1,0
BRDA:1446,234,0,0
BRDA:1446,234,1,0
BRDA:1450,235,0,0
BRDA:1450,235,1,0
BRDA:1453,236,0,0
BRDA:1471,237,0,0
BRDA:1471,238,0,0
BRDA:1471,238,1,0
BRDA:1493,239,0,0
BRDA:1493,239,1,0
BRDA:1545,240,0,0
BRDA:1545,240,1,0
BRDA:1549,241,0,0
BRDA:1549,241,1,0
BRDA:1549,242,0,0
BRDA:1549,242,1,0
BRDA:1571,243,0,0
BRDA:1571,243,1,0
BRDA:1575,244,0,0
BRDA:1575,244,1,0
BRDA:1575,245,0,0
BRDA:1575,245,1,0
BRF:469
BRH:0
end_of_record
TN:
SF:src/components/AcmDynamicGrid.tsx
FN:6,AcmDynamicGrid
FN:11,(anonymous_4)
FN:20,(anonymous_5)
FN:25,(anonymous_6)
FNF:4
FNH:0
FNDA:0,AcmDynamicGrid
FNDA:0,(anonymous_4)
FNDA:0,(anonymous_5)
FNDA:0,(anonymous_6)
DA:2,0
DA:3,0
DA:4,0
DA:6,0
DA:7,0
DA:8,0
DA:9,0
DA:11,0
DA:12,0
DA:13,0
DA:14,0
DA:16,0
DA:17,0
DA:20,0
DA:22,0
DA:25,0
LF:16
LH:0
BRDA:7,0,0,0
BRDA:7,0,1,0
BRDA:7,1,0,0
BRDA:7,1,1,0
BRDA:16,2,0,0
BRDA:16,3,0,0
BRDA:16,3,1,0
BRF:7
BRH:0
end_of_record
TN:
SF:src/components/AcmFormData.ts
FN:43,(anonymous_0)
FNF:1
FNH:0
FNDA:0,(anonymous_0)
DA:43,0
DA:44,0
DA:45,0
DA:46,0
LF:4
LH:0
BRDA:43,0,0,0
BRDA:43,0,1,0
BRF:2
BRH:0
end_of_record
TN:
SF:src/components/AcmMasonry.tsx
FN:6,AcmMasonry
FN:9,(anonymous_4)
FN:15,(anonymous_5)
FN:43,(anonymous_6)
FN:44,(anonymous_7)
FN:46,(anonymous_8)
FN:48,(anonymous_9)
FN:67,(anonymous_10)
FN:77,MasonryItem
FN:84,(anonymous_12)
FN:85,(anonymous_13)
FNF:11
FNH:0
FNDA:0,AcmMasonry
FNDA:0,(anonymous_4)
FNDA:0,(anonymous_5)
FNDA:0,(anonymous_6)
FNDA:0,(anonymous_7)
FNDA:0,(anonymous_8)
FNDA:0,(anonymous_9)
FNDA:0,(anonymous_10)
FNDA:0,MasonryItem
FNDA:0,(anonymous_12)
FNDA:0,(anonymous_13)
DA:2,0
DA:3,0
DA:4,0
DA:6,0
DA:7,0
DA:8,0
DA:9,0
DA:10,0
DA:12,0
DA:14,0
DA:15,0
DA:16,0
DA:18,0
DA:19,0
DA:21,0
DA:22,0
DA:24,0
DA:25,0
DA:27,0
DA:28,0
DA:30,0
DA:31,0
DA:33,0
DA:34,0
DA:36,0
DA:37,0
DA:41,0
DA:43,0
DA:44,0
DA:45,0
DA:46,0
DA:47,0
DA:48,0
DA:49,0
DA:50,0
DA:55,0
DA:56,0
DA:57,0
DA:61,0
DA:64,0
DA:67,0
DA:83,0
DA:84,0
DA:85,0
DA:86,0
DA:87,0
DA:88,0
DA:90,0
DA:93,0
LF:49
LH:0
BRDA:10,0,0,0
BRDA:10,0,1,0
BRDA:10,1,0,0
BRDA:10,1,1,0
BRDA:16,2,0,0
BRDA:16,2,1,0
BRDA:16,2,2,0
BRDA:16,2,3,0
BRDA:16,2,4,0
BRDA:16,2,5,0
BRDA:16,2,6,0
BRDA:49,3,0,0
BRDA:49,4,0,0
BRDA:49,4,1,0
BRDA:56,5,0,0
BRDA:86,6,0,0
BRF:16
BRH:0
end_of_record
TN:
SF:src/components/BulkActionModel.tsx
FN:60,BulkActionModel
FN:67,(anonymous_16)
FN:78,getItemError
FN:152,(anonymous_18)
FN:157,(anonymous_19)
FN:204,(anonymous_20)
FN:212,(anonymous_23)
FN:215,(anonymous_24)
FN:216,(anonymous_25)
FN:223,(anonymous_26)
FN:238,(anonymous_27)
FN:261,errorIsNot
FN:262,(anonymous_29)
FNF:13
FNH:0
FNDA:0,BulkActionModel
FNDA:0,(anonymous_16)
FNDA:0,getItemError
FNDA:0,(anonymous_18)
FNDA:0,(anonymous_19)
FNDA:0,(anonymous_20)
FNDA:0,(anonymous_23)
FNDA:0,(anonymous_24)
FNDA:0,(anonymous_25)
FNDA:0,(anonymous_26)
FNDA:0,(anonymous_27)
FNDA:0,errorIsNot
FNDA:0,(anonymous_29)
DA:3,0
DA:4,0
DA:14,0
DA:24,0
DA:25,0
DA:26,0
DA:27,0
DA:60,0
DA:61,0
DA:62,0
DA:63,0
DA:64,0
DA:65,0
DA:67,0
DA:68,0
DA:69,0
DA:70,0
DA:71,0
DA:74,0
DA:75,0
DA:79,0
DA:80,0
DA:81,0
DA:82,0
DA:86,0
DA:89,0
DA:152,0
DA:158,0
DA:204,0
DA:205,0
DA:206,0
DA:207,0
DA:209,0
DA:210,0
DA:211,0
DA:213,0
DA:214,0
DA:216,0
DA:222,0
DA:223,0
DA:224,0
DA:225,0
DA:226,0
DA:227,0
DA:229,0
DA:230,0
DA:238,0
DA:239,0
DA:240,0
DA:241,0
DA:261,0
DA:262,0
LF:52
LH:0
BRDA:74,0,0,0
BRDA:79,1,0,0
BRDA:81,2,0,0
BRDA:98,3,0,0
BRDA:98,3,1,0
BRDA:102,4,0,0
BRDA:102,4,1,0
BRDA:102,5,0,0
BRDA:102,5,1,0
BRDA:104,6,0,0
BRDA:104,6,1,0
BRDA:104,6,2,0
BRDA:109,7,0,0
BRDA:109,7,1,0
BRDA:109,8,0,0
BRDA:109,8,1,0
BRDA:124,9,0,0
BRDA:124,9,1,0
BRDA:128,10,0,0
BRDA:128,10,1,0
BRDA:135,11,0,0
BRDA:135,11,1,0
BRDA:148,12,0,0
BRDA:148,12,1,0
BRDA:148,12,2,0
BRDA:158,13,0,0
BRDA:158,13,1,0
BRDA:158,14,0,0
BRDA:158,14,1,0
BRDA:173,15,0,0
BRDA:173,15,1,0
BRDA:188,16,0,0
BRDA:188,16,1,0
BRDA:199,17,0,0
BRDA:199,17,1,0
BRDA:199,17,2,0
BRDA:199,17,3,0
BRDA:199,18,0,0
BRDA:199,18,1,0
BRDA:199,19,0,0
BRDA:199,19,1,0
BRDA:203,20,0,0
BRDA:203,20,1,0
BRDA:238,21,0,0
BRDA:206,22,0,0
BRDA:209,23,0,0
BRDA:224,24,0,0
BRDA:226,25,0,0
BRDA:229,26,0,0
BRDA:240,27,0,0
BRDA:249,28,0,0
BRDA:249,28,1,0
BRDA:262,29,0,0
BRDA:262,29,1,0
BRF:54
BRH:0
end_of_record
TN:
SF:src/components/ConfirmModal.tsx
FN:20,(anonymous_2)
FN:23,(anonymous_3)
FN:28,ConfirmModal
FN:35,(anonymous_5)
FN:40,(anonymous_6)
FN:44,(anonymous_7)
FNF:6
FNH:0
FNDA:0,(anonymous_2)
FNDA:0,(anonymous_3)
FNDA:0,ConfirmModal
FNDA:0,(anonymous_5)
FNDA:0,(anonymous_6)
FNDA:0,(anonymous_7)
DA:3,0
DA:4,0
DA:5,0
DA:18,0
DA:28,0
DA:29,0
DA:30,0
DA:35,0
DA:40,0
DA:44,0
LF:10
LH:0
BRDA:39,0,0,0
BRDA:39,0,1,0
BRDA:42,1,0,0
BRDA:42,1,1,0
BRDA:42,2,0,0
BRDA:42,2,1,0
BRF:6
BRH:0
end_of_record
TN:
SF:src/components/DropdownActionModal.tsx
FN:33,DropdownActionModal
FN:38,(anonymous_16)
FN:59,(anonymous_17)
FN:64,(anonymous_18)
FN:96,(anonymous_19)
FN:102,(anonymous_22)
FN:107,(anonymous_23)
FNF:7
FNH:0
FNDA:0,DropdownActionModal
FNDA:0,(anonymous_16)
FNDA:0,(anonymous_17)
FNDA:0,(anonymous_18)
FNDA:0,(anonymous_19)
FNDA:0,(anonymous_22)
FNDA:0,(anonymous_23)
DA:3,0
DA:4,0
DA:5,0
DA:6,0
DA:33,0
DA:34,0
DA:35,0
DA:36,0
DA:38,0
DA:39,0
DA:42,0
DA:43,0
DA:46,0
DA:60,0
DA:64,0
DA:96,0
DA:97,0
DA:99,0
DA:100,0
DA:103,0
DA:104,0
DA:105,0
DA:108,0
LF:23
LH:0
BRDA:42,0,0,0
BRDA:50,1,0,0
BRDA:50,1,1,0
BRDA:84,2,0,0
BRDA:84,2,1,0
BRDA:95,3,0,0
BRDA:95,3,1,0
BRDA:99,4,0,0
BRDA:108,5,0,0
BRDA:117,6,0,0
BRDA:117,6,1,0
BRF:11
BRH:0
end_of_record
TN:
SF:src/components/ErrorPage.tsx
FN:18,getErrorInfo
FN:112,ErrorState
FN:126,ErrorPage
FNF:3
FNH:0
FNDA:0,getErrorInfo
FNDA:0,ErrorState
FNDA:0,ErrorPage
DA:3,0
DA:5,0
DA:16,0
DA:18,0
DA:19,0
DA:20,0
DA:21,0
DA:103,0
DA:104,0
DA:105,0
DA:106,0
DA:109,0
DA:112,0
DA:113,0
DA:114,0
DA:115,0
DA:126,0
DA:127,0
LF:18
LH:0
BRDA:21,0,0,0
BRDA:21,0,1,0
BRDA:103,1,0,0
BRDA:103,1,1,0
BRDA:105,2,0,0
BRDA:121,3,0,0
BRDA:121,3,1,0
BRF:7
BRH:0
end_of_record
TN:
SF:src/components/LoadingPage.tsx
FN:22,LoadingPage
FNF:1
FNH:0
FNDA:0,LoadingPage
DA:3,0
DA:14,0
DA:16,0
DA:22,0
DA:28,0
DA:29,0
LF:6
LH:0
BRDA:37,0,0,0
BRDA:37,0,1,0
BRDA:37,1,0,0
BRDA:37,1,1,0
BRF:4
BRH:0
end_of_record
TN:
SF:src/components/NoWrap.tsx
FN:6,NoWrap
FNF:1
FNH:0
FNDA:0,NoWrap
DA:4,0
DA:6,0
DA:7,0
DA:8,0
DA:9,0
LF:5
LH:0
BRDA:8,0,0,0
BRF:1
BRH:0
end_of_record
TN:
SF:src/components/PluginContextProvider.tsx
FN:7,PluginContextProvider
FN:10,(anonymous_3)
FN:11,(anonymous_4)
FN:17,(anonymous_5)
FN:18,(anonymous_6)
FN:19,(anonymous_7)
FN:20,(anonymous_8)
FNF:7
FNH:0
FNDA:0,PluginContextProvider
FNDA:0,(anonymous_3)
FNDA:0,(anonymous_4)
FNDA:0,(anonymous_5)
FNDA:0,(anonymous_6)
FNDA:0,(anonymous_7)
FNDA:0,(anonymous_8)
DA:2,0
DA:3,0
DA:4,0
DA:5,0
DA:7,0
DA:8,0
DA:9,0
DA:11,0
DA:12,0
DA:17,0
DA:18,0
DA:19,0
DA:20,0
DA:21,0
DA:22,0
DA:24,0
LF:16
LH:0
BRDA:12,0,0,0
BRDA:12,0,1,0
BRF:2
BRH:0
end_of_record
TN:
SF:src/components/PluginData.tsx
FN:5,PluginData
FNF:1
FNH:0
FNDA:0,PluginData
DA:3,0
DA:5,0
DA:6,0
LF:3
LH:0
BRF:0
BRH:0
end_of_record
TN:
SF:src/components/Rbac.tsx
FN:28,RbacDropdown
FN:32,(anonymous_16)
FN:33,(anonymous_17)
FN:39,(anonymous_18)
FN:40,(anonymous_19)
FN:44,(anonymous_20)
FN:44,(anonymous_21)
FN:47,(anonymous_23)
FN:47,(anonymous_24)
FN:51,(anonymous_26)
FN:51,(anonymous_27)
FN:55,(anonymous_29)
FN:95,(anonymous_30)
FN:101,RbacButton
FN:107,(anonymous_32)
FN:109,(anonymous_33)
FN:109,(anonymous_34)
FN:112,(anonymous_36)
FN:113,(anonymous_37)
FNF:19
FNH:0
FNDA:0,RbacDropdown
FNDA:0,(anonymous_16)
FNDA:0,(anonymous_17)
FNDA:0,(anonymous_18)
FNDA:0,(anonymous_19)
FNDA:0,(anonymous_20)
FNDA:0,(anonymous_21)
FNDA:0,(anonymous_23)
FNDA:0,(anonymous_24)
FNDA:0,(anonymous_26)
FNDA:0,(anonymous_27)
FNDA:0,(anonymous_29)
FNDA:0,(anonymous_30)
FNDA:0,RbacButton
FNDA:0,(anonymous_32)
FNDA:0,(anonymous_33)
FNDA:0,(anonymous_34)
FNDA:0,(anonymous_36)
FNDA:0,(anonymous_37)
DA:3,0
DA:4,0
DA:5,0
DA:6,0
DA:7,0
DA:28,0
DA:29,0
DA:30,0
DA:32,0
DA:33,0
DA:34,0
DA:35,0
DA:39,0
DA:40,0
DA:41,0
DA:44,0
DA:45,0
DA:46,0
DA:47,0
DA:49,0
DA:50,0
DA:51,0
DA:52,0
DA:55,0
DA:56,0
DA:62,0
DA:65,0
DA:69,0
DA:73,0
DA:92,0
DA:96,0
DA:101,0
DA:102,0
DA:103,0
DA:104,0
DA:105,0
DA:107,0
DA:108,0
DA:109,0
DA:110,0
DA:113,0
DA:114,0
DA:118,0
LF:43
LH:0
BRDA:33,0,0,0
BRDA:33,0,1,0
BRDA:33,1,0,0
BRDA:33,1,1,0
BRDA:33,2,0,0
BRDA:33,2,1,0
BRDA:33,3,0,0
BRDA:33,3,1,0
BRDA:33,4,0,0
BRDA:33,4,1,0
BRDA:33,5,0,0
BRDA:33,5,1,0
BRDA:34,6,0,0
BRDA:41,7,0,0
BRDA:41,7,1,0
BRDA:41,8,0,0
BRDA:41,8,1,0
BRDA:45,9,0,0
BRDA:62,10,0,0
BRDA:49,11,0,0
BRDA:49,12,0,0
BRDA:49,12,1,0
BRDA:52,13,0,0
BRDA:52,13,1,0
BRDA:55,14,0,0
BRDA:55,14,1,0
BRDA:55,15,0,0
BRDA:55,15,1,0
BRDA:55,16,0,0
BRDA:55,16,1,0
BRDA:55,17,0,0
BRDA:55,17,1,0
BRDA:59,18,0,0
BRDA:59,18,1,0
BRDA:59,19,0,0
BRDA:59,19,1,0
BRDA:59,20,0,0
BRDA:59,20,1,0
BRDA:83,21,0,0
BRDA:83,21,1,0
BRDA:96,22,0,0
BRDA:96,22,1,0
BRDA:110,23,0,0
BRDA:110,23,1,0
BRDA:113,24,0,0
BRDA:113,24,1,0
BRDA:113,25,0,0
BRDA:113,25,1,0
BRDA:113,26,0,0
BRDA:113,26,1,0
BRDA:113,27,0,0
BRDA:113,27,1,0
BRDA:122,28,0,0
BRDA:122,28,1,0
BRF:54
BRH:0
end_of_record
TN:
SF:src/components/StatusIcons.tsx
FN:8,StatusIcons
FN:64,getCount
FN:80,(anonymous_4)
FNF:3
FNH:0
FNDA:0,StatusIcons
FNDA:0,getCount
FNDA:0,(anonymous_4)
DA:3,0
DA:4,0
DA:5,0
DA:6,0
DA:8,0
DA:29,0
DA:31,0
DA:32,0
DA:42,0
DA:43,0
DA:53,0
DA:54,0
DA:65,0
DA:66,0
DA:67,0
DA:68,0
DA:74,0
DA:78,0
DA:80,0
LF:19
LH:0
BRDA:31,0,0,0
BRDA:31,1,0,0
BRDA:31,1,1,0
BRDA:42,2,0,0
BRDA:42,3,0,0
BRDA:42,3,1,0
BRDA:53,4,0,0
BRDA:53,5,0,0
BRDA:53,5,1,0
BRDA:65,6,0,0
BRDA:65,6,1,0
BRDA:67,7,0,0
BRDA:67,7,1,0
BRDA:82,8,0,0
BRDA:82,8,1,0
BRF:15
BRH:0
end_of_record
TN:
SF:src/components/StatusLabeledIcons.tsx
FN:7,StatusLabeledIcons
FN:52,(anonymous_3)
FNF:2
FNH:0
FNDA:0,StatusLabeledIcons
FNDA:0,(anonymous_3)
DA:3,0
DA:4,0
DA:7,0
DA:18,0
DA:20,0
DA:21,0
DA:30,0
DA:31,0
DA:40,0
DA:41,0
DA:50,0
DA:52,0
LF:12
LH:0
BRDA:20,0,0,0
BRDA:20,1,0,0
BRDA:20,1,1,0
BRDA:30,2,0,0
BRDA:30,3,0,0
BRDA:30,3,1,0
BRDA:40,4,0,0
BRDA:40,5,0,0
BRDA:40,5,1,0
BRDA:57,6,0,0
BRDA:57,6,1,0
BRF:11
BRH:0
end_of_record
TN:
SF:src/components/TechPreviewAlert.tsx
FN:6,TechPreviewAlert
FN:35,DevPreviewLabel
FNF:2
FNH:0
FNDA:0,TechPreviewAlert
FNDA:0,DevPreviewLabel
DA:2,0
DA:3,0
DA:4,0
DA:6,0
DA:7,0
DA:35,0
DA:36,0
DA:37,0
LF:8
LH:0
BRDA:9,0,0,0
BRDA:9,0,1,0
BRF:2
BRH:0
end_of_record
TN:
SF:src/components/YamlEditor.tsx
FN:11,YAMLEditor
FN:23,(anonymous_4)
FN:29,onEditorDidMount
FN:49,(anonymous_6)
FN:68,(anonymous_7)
FNF:5
FNH:0
FNDA:0,YAMLEditor
FNDA:0,(anonymous_4)
FNDA:0,onEditorDidMount
FNDA:0,(anonymous_6)
FNDA:0,(anonymous_7)
DA:2,0
DA:3,0
DA:4,0
DA:5,0
DA:6,0
DA:7,0
DA:8,0
DA:9,0
DA:11,0
DA:18,0
DA:19,0
DA:20,0
DA:21,0
DA:23,0
DA:24,0
DA:25,0
DA:26,0
DA:31,0
DA:48,0
DA:52,0
DA:53,0
DA:60,0
DA:61,0
DA:62,0
DA:67,0
DA:69,0
DA:74,0
LF:27
LH:0
BRDA:26,0,0,0
BRDA:26,0,1,0
BRDA:26,1,0,0
BRDA:26,1,1,0
BRDA:26,2,0,0
BRDA:26,2,1,0
BRDA:26,3,0,0
BRDA:26,3,1,0
BRDA:69,4,0,0
BRDA:69,4,1,0
BRDA:78,5,0,0
BRDA:78,5,1,0
BRDA:78,6,0,0
BRDA:78,6,1,0
BRF:14
BRH:0
end_of_record
TN:
SF:src/components/usePrevious.tsx
FN:5,usePrevious
FN:7,(anonymous_1)
FNF:2
FNH:0
FNDA:0,usePrevious
FNDA:0,(anonymous_1)
DA:3,0
DA:5,0
DA:6,0
DA:7,0
DA:8,0
DA:10,0
LF:6
LH:0
BRF:0
BRH:0
end_of_record
TN:
SF:src/components/DataForm/ExampleForm.tsx
FN:6,ExampleForm
FN:18,(anonymous_1)
FN:27,(anonymous_2)
FN:31,(anonymous_3)
FN:35,stateToData
FN:124,(anonymous_5)
FN:125,(anonymous_6)
FN:231,(anonymous_7)
FN:239,(anonymous_8)
FNF:9
FNH:0
FNDA:0,ExampleForm
FNDA:0,(anonymous_1)
FNDA:0,(anonymous_2)
FNDA:0,(anonymous_3)
FNDA:0,stateToData
FNDA:0,(anonymous_5)
FNDA:0,(anonymous_6)
FNDA:0,(anonymous_7)
FNDA:0,(anonymous_8)
DA:2,0
DA:3,0
DA:6,0
DA:7,0
DA:8,0
DA:9,0
DA:10,0
DA:11,0
DA:12,0
DA:13,0
DA:14,0
DA:15,0
DA:16,0
DA:18,0
DA:19,0
DA:24,0
DA:27,0
DA:31,0
DA:36,0
DA:48,0
DA:50,0
DA:124,0
DA:125,0
DA:242,0
LF:24
LH:0
BRF:0
BRH:0
end_of_record
TN:
SF:src/components/SyncEditor/SyncDiff.tsx
FN:14,SyncDiff
FN:17,(anonymous_3)
FN:23,(anonymous_4)
FN:34,(anonymous_5)
FN:35,(anonymous_6)
FN:43,(anonymous_7)
FN:62,(anonymous_8)
FN:65,(anonymous_9)
FN:66,(anonymous_10)
FN:68,(anonymous_11)
FN:85,(anonymous_12)
FN:111,(anonymous_13)
FN:136,(anonymous_14)
FNF:13
FNH:0
FNDA:0,SyncDiff
FNDA:0,(anonymous_3)
FNDA:0,(anonymous_4)
FNDA:0,(anonymous_5)
FNDA:0,(anonymous_6)
FNDA:0,(anonymous_7)
FNDA:0,(anonymous_8)
FNDA:0,(anonymous_9)
FNDA:0,(anonymous_10)
FNDA:0,(anonymous_11)
FNDA:0,(anonymous_12)
FNDA:0,(anonymous_13)
FNDA:0,(anonymous_14)
DA:3,0
DA:4,0
DA:5,0
DA:6,0
DA:14,0
DA:15,0
DA:17,0
DA:18,0
DA:19,0
DA:21,0
DA:23,0
DA:24,0
DA:25,0
DA:34,0
DA:35,0
DA:36,0
DA:43,0
DA:62,0
DA:63,0
DA:64,0
DA:65,0
DA:66,0
DA:67,0
DA:68,0
DA:86,0
DA:87,0
DA:88,0
DA:89,0
DA:90,0
DA:96,0
DA:112,0
DA:113,0
DA:114,0
DA:115,0
DA:116,0
DA:122,0
DA:129,0
DA:137,0
DA:138,0
DA:140,0
DA:142,0
LF:41
LH:0
BRDA:18,0,0,0
BRDA:29,1,0,0
BRDA:29,1,1,0
BRDA:41,2,0,0
BRDA:41,2,1,0
BRDA:73,3,0,0
BRDA:73,3,1,0
BRDA:81,4,0,0
BRDA:81,4,1,0
BRDA:87,5,0,0
BRDA:87,5,1,0
BRDA:89,6,0,0
BRDA:103,7,0,0
BRDA:103,7,1,0
BRDA:108,8,0,0
BRDA:108,8,1,0
BRDA:113,9,0,0
BRDA:113,9,1,0
BRDA:115,10,0,0
BRDA:131,11,0,0
BRDA:131,11,1,0
BRDA:131,12,0,0
BRDA:131,12,1,0
BRDA:131,13,0,0
BRDA:131,13,1,0
BRDA:131,14,0,0
BRDA:131,14,1,0
BRDA:131,15,0,0
BRDA:131,15,1,0
BRDA:136,16,0,0
BRDA:136,16,1,0
BRDA:136,17,0,0
BRDA:136,17,1,0
BRDA:136,18,0,0
BRDA:136,18,1,0
BRDA:136,19,0,0
BRDA:136,19,1,0
BRDA:138,20,0,0
BRDA:138,20,1,0
BRF:39
BRH:0
end_of_record
TN:
SF:src/components/SyncEditor/SyncEditor.tsx
FN:33,SyncEditor
FN:100,onEditorDidMount
FN:140,(anonymous_6)
FN:153,(anonymous_7)
FN:158,(anonymous_8)
FN:159,(anonymous_9)
FN:164,(anonymous_10)
FN:169,(anonymous_11)
FN:171,(anonymous_12)
FN:177,(anonymous_13)
FN:189,(anonymous_14)
FN:198,(anonymous_15)
FN:203,(anonymous_16)
FN:204,(anonymous_17)
FN:206,(anonymous_18)
FN:220,(anonymous_19)
FN:225,(anonymous_20)
FN:237,(anonymous_21)
FN:238,(anonymous_22)
FN:250,(anonymous_23)
FN:251,(anonymous_24)
FN:261,(anonymous_25)
FN:263,(anonymous_26)
FN:365,(anonymous_27)
FN:381,(anonymous_28)
FN:466,(anonymous_29)
FN:470,(anonymous_30)
FN:471,(anonymous_31)
FN:477,(anonymous_32)
FN:485,(anonymous_33)
FN:505,(anonymous_34)
FN:520,(anonymous_35)
FN:532,(anonymous_36)
FN:544,(anonymous_37)
FN:554,(anonymous_38)
FN:564,(anonymous_39)
FN:575,(anonymous_40)
FN:583,(anonymous_41)
FN:605,(anonymous_42)
FNF:39
FNH:0
FNDA:0,SyncEditor
FNDA:0,onEditorDidMount
FNDA:0,(anonymous_6)
FNDA:0,(anonymous_7)
FNDA:0,(anonymous_8)
FNDA:0,(anonymous_9)
FNDA:0,(anonymous_10)
FNDA:0,(anonymous_11)
FNDA:0,(anonymous_12)
FNDA:0,(anonymous_13)
FNDA:0,(anonymous_14)
FNDA:0,(anonymous_15)
FNDA:0,(anonymous_16)
FNDA:0,(anonymous_17)
FNDA:0,(anonymous_18)
FNDA:0,(anonymous_19)
FNDA:0,(anonymous_20)
FNDA:0,(anonymous_21)
FNDA:0,(anonymous_22)
FNDA:0,(anonymous_23)
FNDA:0,(anonymous_24)
FNDA:0,(anonymous_25)
FNDA:0,(anonymous_26)
FNDA:0,(anonymous_27)
FNDA:0,(anonymous_28)
FNDA:0,(anonymous_29)
FNDA:0,(anonymous_30)
FNDA:0,(anonymous_31)
FNDA:0,(anonymous_32)
FNDA:0,(anonymous_33)
FNDA:0,(anonymous_34)
FNDA:0,(anonymous_35)
FNDA:0,(anonymous_36)
FNDA:0,(anonymous_37)
FNDA:0,(anonymous_38)
FNDA:0,(anonymous_39)
FNDA:0,(anonymous_40)
FNDA:0,(anonymous_41)
FNDA:0,(anonymous_42)
DA:3,0
DA:4,0
DA:5,0
DA:6,0
DA:7,0
DA:8,0
DA:9,0
DA:10,0
DA:11,0
DA:12,0
DA:13,0
DA:14,0
DA:15,0
DA:33,0
DA:48,0
DA:49,0
DA:50,0
DA:51,0
DA:52,0
DA:53,0
DA:54,0
DA:55,0
DA:56,0
DA:57,0
DA:58,0
DA:59,0
DA:60,0
DA:61,0
DA:70,0
DA:71,0
DA:72,0
DA:73,0
DA:74,0
DA:75,0
DA:78,0
DA:82,0
DA:83,0
DA:84,0
DA:85,0
DA:86,0
DA:87,0
DA:88,0
DA:89,0
DA:90,0
DA:91,0
DA:92,0
DA:95,0
DA:96,0
DA:97,0
DA:102,0
DA:120,0
DA:139,0
DA:143,0
DA:144,0
DA:152,0
DA:153,0
DA:154,0
DA:158,0
DA:159,0
DA:160,0
DA:164,0
DA:165,0
DA:169,0
DA:170,0
DA:171,0
DA:172,0
DA:176,0
DA:180,0
DA:181,0
DA:182,0
DA:183,0
DA:184,0
DA:189,0
DA:190,0
DA:191,0
DA:193,0
DA:194,0
DA:198,0
DA:199,0
DA:200,0
DA:202,0
DA:204,0
DA:205,0
DA:207,0
DA:208,0
DA:212,0
DA:216,0
DA:220,0
DA:221,0
DA:222,0
DA:224,0
DA:232,0
DA:234,0
DA:238,0
DA:241,0
DA:242,0
DA:246,0
DA:250,0
DA:251,0
DA:252,0
DA:253,0
DA:254,0
DA:255,0
DA:261,0
DA:263,0
DA:265,0
DA:266,0
DA:267,0
DA:269,0
DA:272,0
DA:273,0
DA:277,0
DA:278,0
DA:279,0
DA:280,0
DA:281,0
DA:282,0
DA:283,0
DA:284,0
DA:285,0
DA:298,0
DA:299,0
DA:300,0
DA:301,0
DA:303,0
DA:304,0
DA:315,0
DA:316,0
DA:317,0
DA:318,0
DA:319,0
DA:320,0
DA:321,0
DA:322,0
DA:323,0
DA:324,0
DA:325,0
DA:329,0
DA:332,0
DA:335,0
DA:347,0
DA:348,0
DA:349,0
DA:350,0
DA:356,0
DA:361,0
DA:363,0
DA:365,0
DA:366,0
DA:381,0
DA:382,0
DA:385,0
DA:386,0
DA:387,0
DA:388,0
DA:389,0
DA:390,0
DA:391,0
DA:403,0
DA:404,0
DA:405,0
DA:409,0
DA:410,0
DA:421,0
DA:425,0
DA:426,0
DA:427,0
DA:429,0
DA:432,0
DA:444,0
DA:445,0
DA:450,0
DA:451,0
DA:458,0
DA:459,0
DA:460,0
DA:461,0
DA:465,0
DA:466,0
DA:470,0
DA:471,0
DA:472,0
DA:476,0
DA:478,0
DA:479,0
DA:485,0
DA:486,0
DA:487,0
DA:488,0
DA:492,0
DA:493,0
DA:494,0
DA:495,0
DA:498,0
DA:499,0
DA:505,0
DA:506,0
DA:507,0
DA:508,0
DA:509,0
DA:512,0
DA:520,0
DA:521,0
DA:533,0
DA:545,0
DA:555,0
DA:565,0
DA:576,0
DA:579,0
DA:582,0
DA:583,0
DA:584,0
DA:605,0
DA:606,0
DA:607,0
DA:609,0
DA:610,0
DA:613,0
DA:614,0
DA:616,0
DA:617,0
DA:620,0
LF:222
LH:0
BRDA:96,0,0,0
BRDA:96,1,0,0
BRDA:96,1,1,0
BRDA:165,2,0,0
BRDA:165,2,1,0
BRDA:170,3,0,0
BRDA:170,3,1,0
BRDA:170,4,0,0
BRDA:170,4,1,0
BRDA:172,5,0,0
BRDA:172,5,1,0
BRDA:172,6,0,0
BRDA:172,6,1,0
BRDA:172,7,0,0
BRDA:172,7,1,0
BRDA:172,8,0,0
BRDA:172,8,1,0
BRDA:181,9,0,0
BRDA:181,9,1,0
BRDA:181,10,0,0
BRDA:181,10,1,0
BRDA:181,11,0,0
BRDA:181,11,1,0
BRDA:181,12,0,0
BRDA:181,12,1,0
BRDA:181,13,0,0
BRDA:181,13,1,0
BRDA:181,14,0,0
BRDA:181,14,1,0
BRDA:183,15,0,0
BRDA:190,16,0,0
BRDA:199,17,0,0
BRDA:207,18,0,0
BRDA:221,19,0,0
BRDA:234,20,0,0
BRDA:236,21,0,0
BRDA:236,21,1,0
BRDA:236,22,0,0
BRDA:236,22,1,0
BRDA:236,22,2,0
BRDA:253,23,0,0
BRDA:265,24,0,0
BRDA:265,24,1,0
BRDA:265,24,2,0
BRDA:266,25,0,0
BRDA:272,26,0,0
BRDA:272,27,0,0
BRDA:272,27,1,0
BRDA:290,28,0,0
BRDA:290,28,1,0
BRDA:315,29,0,0
BRDA:315,29,1,0
BRDA:315,30,0,0
BRDA:315,30,1,0
BRDA:316,31,0,0
BRDA:316,32,0,0
BRDA:316,32,1,0
BRDA:320,33,0,0
BRDA:320,33,1,0
BRDA:320,34,0,0
BRDA:320,34,1,0
BRDA:322,35,0,0
BRDA:322,35,1,0
BRDA:322,36,0,0
BRDA:322,36,1,0
BRDA:356,37,0,0
BRDA:356,37,1,0
BRDA:356,38,0,0
BRDA:356,38,1,0
BRDA:361,39,0,0
BRDA:361,39,1,0
BRDA:361,40,0,0
BRDA:361,40,1,0
BRDA:382,41,0,0
BRDA:394,42,0,0
BRDA:394,42,1,0
BRDA:395,43,0,0
BRDA:395,43,1,0
BRDA:395,44,0,0
BRDA:395,44,1,0
BRDA:398,45,0,0
BRDA:398,45,1,0
BRDA:398,46,0,0
BRDA:398,46,1,0
BRDA:416,47,0,0
BRDA:416,47,1,0
BRDA:416,48,0,0
BRDA:416,48,1,0
BRDA:426,49,0,0
BRDA:450,50,0,0
BRDA:452,51,0,0
BRDA:452,51,1,0
BRDA:452,52,0,0
BRDA:452,52,1,0
BRDA:452,53,0,0
BRDA:452,53,1,0
BRDA:452,54,0,0
BRDA:452,54,1,0
BRDA:452,55,0,0
BRDA:452,55,1,0
BRDA:452,56,0,0
BRDA:452,56,1,0
BRDA:452,57,0,0
BRDA:452,57,1,0
BRDA:452,58,0,0
BRDA:452,58,1,0
BRDA:458,59,0,0
BRDA:458,59,1,0
BRDA:458,60,0,0
BRDA:458,60,1,0
BRDA:459,61,0,0
BRDA:459,61,1,0
BRDA:459,62,0,0
BRDA:459,62,1,0
BRDA:460,63,0,0
BRDA:460,63,1,0
BRDA:460,64,0,0
BRDA:460,64,1,0
BRDA:460,65,0,0
BRDA:460,65,1,0
BRDA:460,66,0,0
BRDA:460,66,1,0
BRDA:460,67,0,0
BRDA:460,67,1,0
BRDA:460,68,0,0
BRDA:460,68,1,0
BRDA:460,69,0,0
BRDA:460,69,1,0
BRDA:460,70,0,0
BRDA:460,70,1,0
BRDA:461,71,0,0
BRDA:461,71,1,0
BRDA:461,72,0,0
BRDA:461,72,1,0
BRDA:461,73,0,0
BRDA:461,73,1,0
BRDA:461,74,0,0
BRDA:461,74,1,0
BRDA:461,75,0,0
BRDA:461,75,1,0
BRDA:461,76,0,0
BRDA:461,76,1,0
BRDA:461,77,0,0
BRDA:461,77,1,0
BRDA:461,78,0,0
BRDA:461,78,1,0
BRDA:486,79,0,0
BRDA:488,80,0,0
BRDA:488,80,1,0
BRDA:493,81,0,0
BRDA:493,81,1,0
BRDA:494,82,0,0
BRDA:494,83,0,0
BRDA:494,83,1,0
BRDA:496,84,0,0
BRDA:496,84,1,0
BRDA:506,85,0,0
BRDA:506,86,0,0
BRDA:506,86,1,0
BRDA:508,87,0,0
BRDA:508,87,1,0
BRDA:508,88,0,0
BRDA:508,88,1,0
BRDA:509,89,0,0
BRDA:509,89,1,0
BRDA:509,90,0,0
BRDA:509,90,1,0
BRDA:523,91,0,0
BRDA:523,91,1,0
BRDA:526,92,0,0
BRDA:526,92,1,0
BRDA:533,93,0,0
BRDA:533,93,1,0
BRDA:533,94,0,0
BRDA:533,94,1,0
BRDA:538,95,0,0
BRDA:538,95,1,0
BRDA:545,96,0,0
BRDA:545,96,1,0
BRDA:545,97,0,0
BRDA:545,97,1,0
BRDA:555,98,0,0
BRDA:555,98,1,0
BRDA:555,99,0,0
BRDA:555,99,1,0
BRDA:559,100,0,0
BRDA:559,100,1,0
BRDA:561,101,0,0
BRDA:561,101,1,0
BRDA:580,102,0,0
BRDA:580,102,1,0
BRDA:580,103,0,0
BRDA:580,103,1,0
BRDA:580,104,0,0
BRDA:580,104,1,0
BRDA:582,105,0,0
BRDA:582,105,1,0
BRDA:592,106,0,0
BRDA:592,106,1,0
BRDA:597,107,0,0
BRDA:597,107,1,0
BRDA:609,108,0,0
BRDA:610,109,0,0
BRDA:610,109,1,0
BRDA:610,110,0,0
BRDA:610,110,1,0
BRDA:613,111,0,0
BRDA:616,112,0,0
BRDA:616,112,1,0
BRDA:616,113,0,0
BRDA:616,113,1,0
BRDA:616,114,0,0
BRDA:616,114,1,0
BRDA:616,115,0,0
BRDA:616,115,1,0
BRDA:628,116,0,0
BRDA:628,116,1,0
BRDA:632,117,0,0
BRDA:632,117,1,0
BRF:219
BRH:0
end_of_record
TN:
SF:src/components/SyncEditor/changes.ts
FN:28,(anonymous_2)
FN:46,(anonymous_3)
FN:53,(anonymous_4)
FN:56,(anonymous_5)
FN:83,(anonymous_6)
FN:100,(anonymous_7)
FN:112,(anonymous_8)
FN:116,(anonymous_9)
FN:158,(anonymous_10)
FN:176,(anonymous_11)
FN:218,(anonymous_12)
FN:238,(anonymous_13)
FN:280,(anonymous_14)
FN:289,(anonymous_15)
FN:294,(anonymous_16)
FN:302,(anonymous_17)
FN:324,(anonymous_18)
FN:328,(anonymous_19)
FN:329,(anonymous_20)
FN:337,(anonymous_21)
FN:339,(anonymous_22)
FNF:21
FNH:0
FNDA:0,(anonymous_2)
FNDA:0,(anonymous_3)
FNDA:0,(anonymous_4)
FNDA:0,(anonymous_5)
FNDA:0,(anonymous_6)
FNDA:0,(anonymous_7)
FNDA:0,(anonymous_8)
FNDA:0,(anonymous_9)
FNDA:0,(anonymous_10)
FNDA:0,(anonymous_11)
FNDA:0,(anonymous_12)
FNDA:0,(anonymous_13)
FNDA:0,(anonymous_14)
FNDA:0,(anonymous_15)
FNDA:0,(anonymous_16)
FNDA:0,(anonymous_17)
FNDA:0,(anonymous_18)
FNDA:0,(anonymous_19)
FNDA:0,(anonymous_20)
FNDA:0,(anonymous_21)
FNDA:0,(anonymous_22)
DA:2,0
DA:3,0
DA:4,0
DA:5,0
DA:6,0
DA:28,0
DA:42,0
DA:43,0
DA:46,0
DA:47,0
DA:48,0
DA:52,0
DA:53,0
DA:54,0
DA:56,0
DA:57,0
DA:58,0
DA:60,0
DA:62,0
DA:63,0
DA:64,0
DA:66,0
DA:68,0
DA:69,0
DA:72,0
DA:74,0
DA:76,0
DA:80,0
DA:83,0
DA:97,0
DA:100,0
DA:101,0
DA:103,0
DA:110,0
DA:112,0
DA:113,0
DA:116,0
DA:117,0
DA:120,0
DA:123,0
DA:124,0
DA:125,0
DA:126,0
DA:130,0
DA:131,0
DA:136,0
DA:144,0
DA:145,0
DA:151,0
DA:155,0
DA:158,0
DA:171,0
DA:172,0
DA:173,0
DA:174,0
DA:175,0
DA:176,0
DA:177,0
DA:178,0
DA:179,0
DA:180,0
DA:181,0
DA:182,0
DA:183,0
DA:184,0
DA:186,0
DA:188,0
DA:190,0
DA:191,0
DA:193,0
DA:196,0
DA:200,0
DA:201,0
DA:203,0
DA:206,0
DA:207,0
DA:208,0
DA:209,0
DA:210,0
DA:215,0
DA:216,0
DA:217,0
DA:219,0
DA:223,0
DA:228,0
DA:230,0
DA:231,0
DA:232,0
DA:233,0
DA:234,0
DA:235,0
DA:237,0
DA:238,0
DA:239,0
DA:240,0
DA:241,0
DA:242,0
DA:244,0
DA:248,0
DA:250,0
DA:254,0
DA:255,0
DA:256,0
DA:257,0
DA:258,0
DA:260,0
DA:262,0
DA:265,0
DA:266,0
DA:267,0
DA:268,0
DA:270,0
DA:271,0
DA:277,0
DA:280,0
DA:287,0
DA:288,0
DA:289,0
DA:290,0
DA:293,0
DA:297,0
DA:303,0
DA:304,0
DA:305,0
DA:311,0
DA:313,0
DA:316,0
DA:318,0
DA:319,0
DA:320,0
DA:322,0
DA:325,0
DA:327,0
DA:328,0
DA:329,0
DA:330,0
DA:331,0
DA:334,0
DA:337,0
DA:339,0
DA:340,0
DA:341,0
DA:342,0
DA:343,0
DA:348,0
DA:349,0
DA:350,0
DA:351,0
DA:353,0
DA:354,0
DA:356,0
DA:357,0
DA:358,0
DA:361,0
DA:362,0
DA:367,0
DA:368,0
DA:370,0
DA:373,0
DA:376,0
DA:378,0
LF:161
LH:0
BRDA:46,0,0,0
BRDA:46,1,0,0
BRDA:46,1,1,0
BRDA:47,2,0,0
BRDA:47,3,0,0
BRDA:47,3,1,0
BRDA:52,4,0,0
BRDA:60,5,0,0
BRDA:64,6,0,0
BRDA:68,7,0,0
BRDA:68,8,0,0
BRDA:68,8,1,0
BRDA:68,8,2,0
BRDA:68,9,0,0
BRDA:68,9,1,0
BRDA:68,10,0,0
BRDA:68,10,1,0
BRDA:100,11,0,0
BRDA:100,12,0,0
BRDA:100,12,1,0
BRDA:101,13,0,0
BRDA:101,14,0,0
BRDA:101,14,1,0
BRDA:110,15,0,0
BRDA:123,16,0,0
BRDA:126,17,0,0
BRDA:126,17,1,0
BRDA:130,18,0,0
BRDA:130,18,1,0
BRDA:144,19,0,0
BRDA:175,20,0,0
BRDA:179,21,0,0
BRDA:179,22,0,0
BRDA:179,22,1,0
BRDA:181,23,0,0
BRDA:181,23,1,0
BRDA:181,24,0,0
BRDA:181,24,1,0
BRDA:181,24,2,0
BRDA:181,24,3,0
BRDA:183,25,0,0
BRDA:184,26,0,0
BRDA:184,26,1,0
BRDA:184,27,0,0
BRDA:184,27,1,0
BRDA:186,28,0,0
BRDA:186,28,1,0
BRDA:188,29,0,0
BRDA:188,30,0,0
BRDA:188,30,1,0
BRDA:188,30,2,0
BRDA:196,31,0,0
BRDA:206,32,0,0
BRDA:206,33,0,0
BRDA:206,33,1,0
BRDA:206,33,2,0
BRDA:215,34,0,0
BRDA:217,35,0,0
BRDA:228,36,0,0
BRDA:228,36,1,0
BRDA:228,36,2,0
BRDA:230,37,0,0
BRDA:232,38,0,0
BRDA:232,38,1,0
BRDA:237,39,0,0
BRDA:239,40,0,0
BRDA:254,41,0,0
BRDA:254,42,0,0
BRDA:254,42,1,0
BRDA:254,42,2,0
BRDA:256,43,0,0
BRDA:266,44,0,0
BRDA:267,45,0,0
BRDA:267,45,1,0
BRDA:288,46,0,0
BRDA:298,47,0,0
BRDA:298,47,1,0
BRDA:307,48,0,0
BRDA:307,48,1,0
BRDA:307,49,0,0
BRDA:307,49,1,0
BRDA:307,50,0,0
BRDA:307,50,1,0
BRDA:307,51,0,0
BRDA:307,51,1,0
BRDA:311,52,0,0
BRDA:311,52,1,0
BRDA:318,53,0,0
BRDA:318,53,1,0
BRDA:318,54,0,0
BRDA:318,54,1,0
BRDA:318,55,0,0
BRDA:318,55,1,0
BRDA:318,56,0,0
BRDA:318,56,1,0
BRDA:319,57,0,0
BRDA:319,57,1,0
BRDA:340,58,0,0
BRDA:340,58,1,0
BRDA:342,59,0,0
BRDA:342,59,1,0
BRDA:343,60,0,0
BRDA:343,60,1,0
BRDA:348,61,0,0
BRDA:348,62,0,0
BRDA:348,62,1,0
BRDA:349,63,0,0
BRDA:350,64,0,0
BRDA:353,65,0,0
BRDA:367,66,0,0
BRF:110
BRH:0
end_of_record
TN:
SF:src/components/SyncEditor/decorate.ts
FN:4,(anonymous_0)
FN:40,(anonymous_1)
FN:51,(anonymous_2)
FN:52,(anonymous_3)
FN:65,(anonymous_4)
FN:66,(anonymous_5)
FN:77,(anonymous_6)
FN:78,(anonymous_7)
FN:117,(anonymous_8)
FN:127,(anonymous_9)
FN:154,(anonymous_10)
FN:160,(anonymous_11)
FN:166,(anonymous_12)
FN:173,(anonymous_13)
FN:179,(anonymous_14)
FN:183,(anonymous_15)
FN:187,(anonymous_16)
FNF:17
FNH:0
FNDA:0,(anonymous_0)
FNDA:0,(anonymous_1)
FNDA:0,(anonymous_2)
FNDA:0,(anonymous_3)
FNDA:0,(anonymous_4)
FNDA:0,(anonymous_5)
FNDA:0,(anonymous_6)
FNDA:0,(anonymous_7)
FNDA:0,(anonymous_8)
FNDA:0,(anonymous_9)
FNDA:0,(anonymous_10)
FNDA:0,(anonymous_11)
FNDA:0,(anonymous_12)
FNDA:0,(anonymous_13)
FNDA:0,(anonymous_14)
FNDA:0,(anonymous_15)
FNDA:0,(anonymous_16)
DA:2,0
DA:4,0
DA:19,0
DA:20,0
DA:23,0
DA:26,0
DA:29,0
DA:30,0
DA:34,0
DA:37,0
DA:40,0
DA:41,0
DA:44,0
DA:45,0
DA:48,0
DA:51,0
DA:52,0
DA:53,0
DA:54,0
DA:55,0
DA:65,0
DA:66,0
DA:67,0
DA:77,0
DA:78,0
DA:79,0
DA:80,0
DA:81,0
DA:83,0
DA:96,0
DA:102,0
DA:108,0
DA:113,0
DA:117,0
DA:127,0
DA:128,0
DA:129,0
DA:130,0
DA:131,0
DA:141,0
DA:142,0
DA:154,0
DA:156,0
DA:157,0
DA:161,0
DA:166,0
DA:167,0
DA:168,0
DA:169,0
DA:171,0
DA:172,0
DA:173,0
DA:174,0
DA:176,0
DA:178,0
DA:179,0
DA:181,0
DA:184,0
DA:187,0
DA:188,0
LF:60
LH:0
BRDA:29,0,0,0
BRDA:44,1,0,0
BRDA:52,2,0,0
BRDA:52,2,1,0
BRDA:52,3,0,0
BRDA:52,3,1,0
BRDA:66,4,0,0
BRDA:66,4,1,0
BRDA:66,5,0,0
BRDA:66,5,1,0
BRDA:80,6,0,0
BRDA:80,6,1,0
BRDA:80,7,0,0
BRDA:80,7,1,0
BRDA:80,8,0,0
BRDA:80,8,1,0
BRDA:80,9,0,0
BRDA:80,9,1,0
BRDA:80,10,0,0
BRDA:80,10,1,0
BRDA:80,11,0,0
BRDA:80,11,1,0
BRDA:81,12,0,0
BRDA:81,13,0,0
BRDA:81,13,1,0
BRDA:87,14,0,0
BRDA:87,14,1,0
BRDA:89,15,0,0
BRDA:89,15,1,0
BRDA:90,16,0,0
BRDA:90,16,1,0
BRDA:98,17,0,0
BRDA:98,17,1,0
BRDA:98,18,0,0
BRDA:98,18,1,0
BRDA:98,19,0,0
BRDA:98,19,1,0
BRDA:98,20,0,0
BRDA:98,20,1,0
BRDA:98,21,0,0
BRDA:98,21,1,0
BRDA:98,22,0,0
BRDA:98,22,1,0
BRDA:99,23,0,0
BRDA:99,23,1,0
BRDA:99,24,0,0
BRDA:99,24,1,0
BRDA:99,25,0,0
BRDA:99,25,1,0
BRDA:99,26,0,0
BRDA:99,26,1,0
BRDA:99,27,0,0
BRDA:99,27,1,0
BRDA:99,28,0,0
BRDA:99,28,1,0
BRDA:100,29,0,0
BRDA:100,29,1,0
BRDA:100,30,0,0
BRDA:100,30,1,0
BRDA:100,31,0,0
BRDA:100,31,1,0
BRDA:100,32,0,0
BRDA:100,32,1,0
BRDA:100,33,0,0
BRDA:100,33,1,0
BRDA:100,34,0,0
BRDA:100,34,1,0
BRDA:105,35,0,0
BRDA:105,35,1,0
BRDA:130,36,0,0
BRDA:132,37,0,0
BRDA:132,37,1,0
BRDA:135,38,0,0
BRDA:135,38,1,0
BRDA:136,39,0,0
BRDA:136,39,1,0
BRDA:137,40,0,0
BRDA:137,40,1,0
BRDA:141,41,0,0
BRDA:141,42,0,0
BRDA:141,42,1,0
BRDA:141,42,2,0
BRDA:156,43,0,0
BRDA:156,43,1,0
BRDA:156,44,0,0
BRDA:156,44,1,0
BRDA:161,45,0,0
BRDA:161,45,1,0
BRDA:161,46,0,0
BRDA:161,46,1,0
BRDA:161,47,0,0
BRDA:161,47,1,0
BRDA:161,48,0,0
BRDA:161,48,1,0
BRDA:161,49,0,0
BRDA:161,49,1,0
BRDA:161,50,0,0
BRDA:161,50,1,0
BRDA:161,51,0,0
BRDA:161,51,1,0
BRDA:162,52,0,0
BRDA:162,52,1,0
BRDA:162,53,0,0
BRDA:162,53,1,0
BRDA:162,54,0,0
BRDA:162,54,1,0
BRDA:162,55,0,0
BRDA:162,55,1,0
BRDA:169,56,0,0
BRDA:171,57,0,0
BRDA:171,57,1,0
BRDA:171,58,0,0
BRDA:171,58,1,0
BRDA:171,59,0,0
BRDA:171,59,1,0
BRDA:171,60,0,0
BRDA:171,60,1,0
BRDA:171,61,0,0
BRDA:171,61,1,0
BRDA:171,62,0,0
BRDA:171,62,1,0
BRDA:171,63,0,0
BRDA:171,63,1,0
BRDA:172,64,0,0
BRDA:172,64,1,0
BRDA:172,65,0,0
BRDA:172,65,1,0
BRDA:176,66,0,0
BRDA:181,67,0,0
BRDA:182,68,0,0
BRDA:182,68,1,0
BRDA:184,69,0,0
BRDA:184,69,1,0
BRDA:184,70,0,0
BRDA:184,70,1,0
BRDA:188,71,0,0
BRDA:188,71,1,0
BRDA:188,72,0,0
BRDA:188,72,1,0
BRDA:188,73,0,0
BRDA:188,73,1,0
BRDA:188,74,0,0
BRDA:188,74,1,0
BRF:143
BRH:0
end_of_record
TN:
SF:src/components/SyncEditor/process.ts
FN:37,(anonymous_4)
FN:103,(anonymous_5)
FN:143,(anonymous_6)
FN:159,(anonymous_7)
FN:166,(anonymous_8)
FN:192,(anonymous_9)
FN:206,(anonymous_10)
FN:222,(anonymous_11)
FN:228,(anonymous_12)
FN:236,(anonymous_13)
FN:244,(anonymous_14)
FN:269,getMappings
FN:274,(anonymous_16)
FN:295,getMappingItems
FN:303,(anonymous_18)
FN:363,(anonymous_19)
FN:371,(anonymous_20)
FN:373,(anonymous_21)
FNF:18
FNH:0
FNDA:0,(anonymous_4)
FNDA:0,(anonymous_5)
FNDA:0,(anonymous_6)
FNDA:0,(anonymous_7)
FNDA:0,(anonymous_8)
FNDA:0,(anonymous_9)
FNDA:0,(anonymous_10)
FNDA:0,(anonymous_11)
FNDA:0,(anonymous_12)
FNDA:0,(anonymous_13)
FNDA:0,(anonymous_14)
FNDA:0,getMappings
FNDA:0,(anonymous_16)
FNDA:0,getMappingItems
FNDA:0,(anonymous_18)
FNDA:0,(anonymous_19)
FNDA:0,(anonymous_20)
FNDA:0,(anonymous_21)
DA:2,0
DA:3,0
DA:4,0
DA:5,0
DA:6,0
DA:37,0
DA:56,0
DA:57,0
DA:58,0
DA:59,0
DA:61,0
DA:62,0
DA:67,0
DA:68,0
DA:69,0
DA:72,0
DA:75,0
DA:76,0
DA:77,0
DA:78,0
DA:79,0
DA:83,0
DA:103,0
DA:116,0
DA:117,0
DA:118,0
DA:121,0
DA:124,0
DA:143,0
DA:158,0
DA:159,0
DA:160,0
DA:161,0
DA:166,0
DA:167,0
DA:168,0
DA:173,0
DA:179,0
DA:180,0
DA:181,0
DA:182,0
DA:185,0
DA:186,0
DA:187,0
DA:189,0
DA:190,0
DA:191,0
DA:192,0
DA:193,0
DA:194,0
DA:195,0
DA:196,0
DA:202,0
DA:203,0
DA:204,0
DA:205,0
DA:206,0
DA:207,0
DA:208,0
DA:209,0
DA:210,0
DA:217,0
DA:218,0
DA:219,0
DA:222,0
DA:223,0
DA:228,0
DA:229,0
DA:234,0
DA:235,0
DA:236,0
DA:237,0
DA:242,0
DA:245,0
DA:249,0
DA:250,0
DA:251,0
DA:254,0
DA:255,0
DA:256,0
DA:259,0
DA:270,0
DA:271,0
DA:272,0
DA:273,0
DA:274,0
DA:275,0
DA:276,0
DA:277,0
DA:278,0
DA:279,0
DA:280,0
DA:281,0
DA:282,0
DA:283,0
DA:284,0
DA:285,0
DA:286,0
DA:287,0
DA:288,0
DA:292,0
DA:301,0
DA:303,0
DA:304,0
DA:306,0
DA:307,0
DA:308,0
DA:309,0
DA:310,0
DA:311,0
DA:312,0
DA:314,0
DA:317,0
DA:318,0
DA:319,0
DA:320,0
DA:321,0
DA:322,0
DA:329,0
DA:336,0
DA:337,0
DA:338,0
DA:339,0
DA:340,0
DA:341,0
DA:342,0
DA:350,0
DA:362,0
DA:363,0
DA:364,0
DA:365,0
DA:366,0
DA:367,0
DA:368,0
DA:371,0
DA:372,0
DA:373,0
DA:374,0
DA:375,0
DA:376,0
DA:377,0
DA:378,0
DA:381,0
LF:143
LH:0
BRDA:56,0,0,0
BRDA:56,0,1,0
BRDA:57,1,0,0
BRDA:58,2,0,0
BRDA:61,3,0,0
BRDA:75,4,0,0
BRDA:75,5,0,0
BRDA:75,5,1,0
BRDA:75,5,2,0
BRDA:159,6,0,0
BRDA:159,6,1,0
BRDA:159,7,0,0
BRDA:159,7,1,0
BRDA:160,8,0,0
BRDA:166,9,0,0
BRDA:166,9,1,0
BRDA:166,10,0,0
BRDA:166,10,1,0
BRDA:167,11,0,0
BRDA:187,12,0,0
BRDA:190,13,0,0
BRDA:190,14,0,0
BRDA:190,14,1,0
BRDA:194,15,0,0
BRDA:194,16,0,0
BRDA:194,16,1,0
BRDA:195,17,0,0
BRDA:203,18,0,0
BRDA:203,19,0,0
BRDA:203,19,1,0
BRDA:205,20,0,0
BRDA:208,21,0,0
BRDA:208,22,0,0
BRDA:208,22,1,0
BRDA:209,23,0,0
BRDA:234,24,0,0
BRDA:250,25,0,0
BRDA:250,26,0,0
BRDA:250,26,1,0
BRDA:254,27,0,0
BRDA:254,28,0,0
BRDA:254,28,1,0
BRDA:254,28,2,0
BRDA:254,28,3,0
BRDA:261,29,0,0
BRDA:261,29,1,0
BRDA:275,30,0,0
BRDA:275,31,0,0
BRDA:275,31,1,0
BRDA:275,32,0,0
BRDA:275,32,1,0
BRDA:277,33,0,0
BRDA:278,34,0,0
BRDA:278,34,1,0
BRDA:278,35,0,0
BRDA:278,35,1,0
BRDA:278,36,0,0
BRDA:278,36,1,0
BRDA:279,37,0,0
BRDA:279,37,1,0
BRDA:281,38,0,0
BRDA:281,38,1,0
BRDA:281,39,0,0
BRDA:281,39,1,0
BRDA:282,40,0,0
BRDA:282,40,1,0
BRDA:282,41,0,0
BRDA:282,41,1,0
BRDA:285,42,0,0
BRDA:285,42,1,0
BRDA:301,43,0,0
BRDA:303,44,0,0
BRDA:303,44,1,0
BRDA:303,45,0,0
BRDA:303,45,1,0
BRDA:304,46,0,0
BRDA:304,46,1,0
BRDA:304,47,0,0
BRDA:304,47,1,0
BRDA:304,48,0,0
BRDA:304,48,1,0
BRDA:304,49,0,0
BRDA:304,49,1,0
BRDA:304,50,0,0
BRDA:304,50,1,0
BRDA:306,51,0,0
BRDA:306,52,0,0
BRDA:306,52,1,0
BRDA:307,53,0,0
BRDA:307,53,1,0
BRDA:307,54,0,0
BRDA:307,54,1,0
BRDA:307,55,0,0
BRDA:307,55,1,0
BRDA:308,56,0,0
BRDA:308,56,1,0
BRDA:308,57,0,0
BRDA:308,57,1,0
BRDA:308,58,0,0
BRDA:308,58,1,0
BRDA:308,59,0,0
BRDA:308,59,1,0
BRDA:309,60,0,0
BRDA:309,60,1,0
BRDA:312,61,0,0
BRDA:312,61,1,0
BRDA:312,62,0,0
BRDA:312,62,1,0
BRDA:314,63,0,0
BRDA:314,63,1,0
BRDA:314,64,0,0
BRDA:314,64,1,0
BRDA:314,65,0,0
BRDA:314,65,1,0
BRDA:314,66,0,0
BRDA:314,66,1,0
BRDA:314,67,0,0
BRDA:314,67,1,0
BRDA:314,68,0,0
BRDA:314,68,1,0
BRDA:314,69,0,0
BRDA:314,69,1,0
BRDA:314,70,0,0
BRDA:314,70,1,0
BRDA:317,71,0,0
BRDA:317,71,1,0
BRDA:318,72,0,0
BRDA:318,72,1,0
BRDA:318,73,0,0
BRDA:318,73,1,0
BRDA:319,74,0,0
BRDA:319,74,1,0
BRDA:319,75,0,0
BRDA:319,75,1,0
BRDA:319,76,0,0
BRDA:319,76,1,0
BRDA:319,77,0,0
BRDA:319,77,1,0
BRDA:320,78,0,0
BRDA:320,78,1,0
BRDA:320,79,0,0
BRDA:320,79,1,0
BRDA:320,80,0,0
BRDA:320,80,1,0
BRDA:320,81,0,0
BRDA:320,81,1,0
BRDA:336,82,0,0
BRDA:338,83,0,0
BRDA:338,83,1,0
BRDA:338,84,0,0
BRDA:338,84,1,0
BRDA:338,85,0,0
BRDA:338,85,1,0
BRDA:338,86,0,0
BRDA:338,86,1,0
BRDA:339,87,0,0
BRDA:339,87,1,0
BRDA:339,88,0,0
BRDA:339,88,1,0
BRDA:339,89,0,0
BRDA:339,89,1,0
BRDA:339,90,0,0
BRDA:339,90,1,0
BRDA:340,91,0,0
BRDA:340,91,1,0
BRDA:340,92,0,0
BRDA:340,92,1,0
BRDA:340,93,0,0
BRDA:340,93,1,0
BRDA:340,94,0,0
BRDA:340,94,1,0
BRDA:365,95,0,0
BRDA:367,96,0,0
BRDA:374,97,0,0
BRF:174
BRH:0
end_of_record
TN:
SF:src/components/SyncEditor/reconcile.ts
FN:11,(anonymous_2)
FN:25,(anonymous_3)
FN:34,(anonymous_4)
FN:36,(anonymous_5)
FN:51,(anonymous_6)
FN:60,(anonymous_7)
FN:81,(anonymous_8)
FN:131,(anonymous_9)
FN:135,(anonymous_10)
FN:138,(anonymous_11)
FN:143,(anonymous_12)
FN:147,(anonymous_13)
FN:150,(anonymous_14)
FN:154,(anonymous_15)
FN:165,(anonymous_16)
FN:168,(anonymous_17)
FN:174,(anonymous_18)
FN:179,(anonymous_19)
FN:193,(anonymous_20)
FN:194,(anonymous_21)
FN:198,(anonymous_22)
FN:209,(anonymous_23)
FN:210,(anonymous_24)
FN:216,(anonymous_25)
FN:223,(anonymous_26)
FN:230,(anonymous_27)
FNF:26
FNH:0
FNDA:0,(anonymous_2)
FNDA:0,(anonymous_3)
FNDA:0,(anonymous_4)
FNDA:0,(anonymous_5)
FNDA:0,(anonymous_6)
FNDA:0,(anonymous_7)
FNDA:0,(anonymous_8)
FNDA:0,(anonymous_9)
FNDA:0,(anonymous_10)
FNDA:0,(anonymous_11)
FNDA:0,(anonymous_12)
FNDA:0,(anonymous_13)
FNDA:0,(anonymous_14)
FNDA:0,(anonymous_15)
FNDA:0,(anonymous_16)
FNDA:0,(anonymous_17)
FNDA:0,(anonymous_18)
FNDA:0,(anonymous_19)
FNDA:0,(anonymous_20)
FNDA:0,(anonymous_21)
FNDA:0,(anonymous_22)
FNDA:0,(anonymous_23)
FNDA:0,(anonymous_24)
FNDA:0,(anonymous_25)
FNDA:0,(anonymous_26)
FNDA:0,(anonymous_27)
DA:2,0
DA:3,0
DA:4,0
DA:11,0
DA:16,0
DA:19,0
DA:20,0
DA:21,0
DA:22,0
DA:25,0
DA:32,0
DA:33,0
DA:34,0
DA:36,0
DA:37,0
DA:41,0
DA:43,0
DA:44,0
DA:45,0
DA:46,0
DA:50,0
DA:51,0
DA:53,0
DA:54,0
DA:55,0
DA:56,0
DA:57,0
DA:58,0
DA:59,0
DA:60,0
DA:61,0
DA:62,0
DA:63,0
DA:66,0
DA:68,0
DA:69,0
DA:70,0
DA:72,0
DA:73,0
DA:75,0
DA:77,0
DA:78,0
DA:79,0
DA:81,0
DA:82,0
DA:84,0
DA:86,0
DA:89,0
DA:90,0
DA:91,0
DA:92,0
DA:94,0
DA:97,0
DA:98,0
DA:99,0
DA:101,0
DA:104,0
DA:107,0
DA:108,0
DA:111,0
DA:112,0
DA:113,0
DA:115,0
DA:118,0
DA:119,0
DA:123,0
DA:126,0
DA:127,0
DA:130,0
DA:131,0
DA:134,0
DA:135,0
DA:136,0
DA:138,0
DA:140,0
DA:143,0
DA:144,0
DA:145,0
DA:146,0
DA:147,0
DA:150,0
DA:151,0
DA:152,0
DA:154,0
DA:155,0
DA:157,0
DA:159,0
DA:160,0
DA:162,0
DA:163,0
DA:164,0
DA:165,0
DA:166,0
DA:168,0
DA:169,0
DA:170,0
DA:172,0
DA:175,0
DA:178,0
DA:179,0
DA:180,0
DA:182,0
DA:185,0
DA:188,0
DA:189,0
DA:193,0
DA:194,0
DA:195,0
DA:198,0
DA:199,0
DA:209,0
DA:210,0
DA:211,0
DA:212,0
DA:213,0
DA:216,0
DA:217,0
DA:218,0
DA:223,0
DA:224,0
DA:225,0
DA:230,0
DA:231,0
DA:232,0
LF:124
LH:0
BRDA:32,0,0,0
BRDA:32,0,1,0
BRDA:33,1,0,0
BRDA:59,2,0,0
BRDA:62,3,0,0
BRDA:62,3,1,0
BRDA:63,4,0,0
BRDA:63,4,1,0
BRDA:63,4,2,0
BRDA:63,4,3,0
BRDA:66,5,0,0
BRDA:66,5,1,0
BRDA:69,6,0,0
BRDA:69,6,1,0
BRDA:78,7,0,0
BRDA:78,7,1,0
BRDA:91,8,0,0
BRDA:91,8,1,0
BRDA:98,9,0,0
BRDA:98,9,1,0
BRDA:112,10,0,0
BRDA:118,11,0,0
BRDA:118,12,0,0
BRDA:118,12,1,0
BRDA:126,13,0,0
BRDA:130,14,0,0
BRDA:134,15,0,0
BRDA:152,16,0,0
BRDA:157,17,0,0
BRDA:157,17,1,0
BRDA:157,18,0,0
BRDA:157,18,1,0
BRDA:160,19,0,0
BRDA:164,20,0,0
BRDA:164,20,1,0
BRDA:164,21,0,0
BRDA:164,21,1,0
BRDA:164,22,0,0
BRDA:164,22,1,0
BRDA:166,23,0,0
BRDA:166,23,1,0
BRDA:170,24,0,0
BRDA:170,24,1,0
BRDA:178,25,0,0
BRDA:178,25,1,0
BRDA:178,26,0,0
BRDA:178,26,1,0
BRDA:178,27,0,0
BRDA:178,27,1,0
BRDA:178,28,0,0
BRDA:178,28,1,0
BRDA:188,29,0,0
BRDA:200,30,0,0
BRDA:200,30,1,0
BRDA:202,31,0,0
BRDA:202,31,1,0
BRDA:203,32,0,0
BRDA:203,32,1,0
BRDA:211,33,0,0
BRDA:211,34,0,0
BRDA:211,34,1,0
BRDA:217,35,0,0
BRDA:224,36,0,0
BRDA:231,37,0,0
BRF:64
BRH:0
end_of_record
TN:
SF:src/components/SyncEditor/synchronize.ts
FN:7,(anonymous_1)
FN:14,(anonymous_2)
FN:21,(anonymous_3)
FN:27,(anonymous_4)
FN:37,(anonymous_5)
FN:39,(anonymous_6)
FN:43,(anonymous_7)
FN:54,(anonymous_8)
FN:58,(anonymous_9)
FN:61,(anonymous_10)
FN:62,(anonymous_11)
FN:64,(anonymous_12)
FN:74,(anonymous_13)
FN:86,(anonymous_14)
FN:93,(anonymous_15)
FN:95,(anonymous_16)
FN:99,(anonymous_17)
FN:110,(anonymous_18)
FN:112,(anonymous_19)
FN:125,(anonymous_20)
FNF:20
FNH:0
FNDA:0,(anonymous_1)
FNDA:0,(anonymous_2)
FNDA:0,(anonymous_3)
FNDA:0,(anonymous_4)
FNDA:0,(anonymous_5)
FNDA:0,(anonymous_6)
FNDA:0,(anonymous_7)
FNDA:0,(anonymous_8)
FNDA:0,(anonymous_9)
FNDA:0,(anonymous_10)
FNDA:0,(anonymous_11)
FNDA:0,(anonymous_12)
FNDA:0,(anonymous_13)
FNDA:0,(anonymous_14)
FNDA:0,(anonymous_15)
FNDA:0,(anonymous_16)
FNDA:0,(anonymous_17)
FNDA:0,(anonymous_18)
FNDA:0,(anonymous_19)
FNDA:0,(anonymous_20)
DA:2,0
DA:3,0
DA:7,0
DA:13,0
DA:14,0
DA:15,0
DA:16,0
DA:21,0
DA:22,0
DA:23,0
DA:24,0
DA:25,0
DA:27,0
DA:28,0
DA:29,0
DA:30,0
DA:33,0
DA:37,0
DA:38,0
DA:39,0
DA:40,0
DA:41,0
DA:43,0
DA:44,0
DA:45,0
DA:50,0
DA:54,0
DA:56,0
DA:57,0
DA:58,0
DA:59,0
DA:60,0
DA:61,0
DA:62,0
DA:63,0
DA:64,0
DA:65,0
DA:66,0
DA:67,0
DA:68,0
DA:70,0
DA:72,0
DA:73,0
DA:74,0
DA:75,0
DA:76,0
DA:79,0
DA:82,0
DA:86,0
DA:93,0
DA:94,0
DA:95,0
DA:96,0
DA:97,0
DA:98,0
DA:99,0
DA:100,0
DA:102,0
DA:104,0
DA:110,0
DA:111,0
DA:112,0
DA:113,0
DA:114,0
DA:116,0
DA:117,0
DA:120,0
DA:121,0
DA:123,0
DA:125,0
DA:126,0
DA:127,0
DA:129,0
DA:133,0
LF:74
LH:0
BRDA:13,0,0,0
BRDA:16,1,0,0
BRDA:16,1,1,0
BRDA:16,2,0,0
BRDA:16,2,1,0
BRDA:23,3,0,0
BRDA:29,4,0,0
BRDA:29,5,0,0
BRDA:29,5,1,0
BRDA:40,6,0,0
BRDA:40,6,1,0
BRDA:40,7,0,0
BRDA:40,7,1,0
BRDA:41,8,0,0
BRDA:41,9,0,0
BRDA:41,9,1,0
BRDA:41,10,0,0
BRDA:41,10,1,0
BRDA:44,11,0,0
BRDA:44,12,0,0
BRDA:44,12,1,0
BRDA:62,13,0,0
BRDA:62,13,1,0
BRDA:63,14,0,0
BRDA:64,15,0,0
BRDA:64,16,0,0
BRDA:65,17,0,0
BRDA:65,17,1,0
BRDA:67,18,0,0
BRDA:75,19,0,0
BRDA:75,20,0,0
BRDA:75,20,1,0
BRDA:75,20,2,0
BRDA:96,21,0,0
BRDA:113,22,0,0
BRDA:116,23,0,0
BRDA:116,23,1,0
BRDA:116,24,0,0
BRDA:116,24,1,0
BRDA:120,25,0,0
BRDA:120,25,1,0
BRDA:126,26,0,0
BRF:42
BRH:0
end_of_record
TN:
SF:src/components/SyncEditor/validation.ts
FN:17,(anonymous_2)
FN:25,(anonymous_3)
FN:37,(anonymous_4)
FN:41,(anonymous_5)
FN:51,(anonymous_6)
FN:61,(anonymous_7)
FN:63,(anonymous_8)
FN:64,(anonymous_9)
FN:73,validate
FN:84,(anonymous_11)
FN:90,(anonymous_12)
FN:115,(anonymous_13)
FN:128,validateResource
FN:138,(anonymous_15)
FN:155,(anonymous_16)
FN:165,(anonymous_17)
FN:224,(anonymous_18)
FN:250,(anonymous_19)
FN:252,(anonymous_20)
FN:255,(anonymous_21)
FNF:20
FNH:0
FNDA:0,(anonymous_2)
FNDA:0,(anonymous_3)
FNDA:0,(anonymous_4)
FNDA:0,(anonymous_5)
FNDA:0,(anonymous_6)
FNDA:0,(anonymous_7)
FNDA:0,(anonymous_8)
FNDA:0,(anonymous_9)
FNDA:0,validate
FNDA:0,(anonymous_11)
FNDA:0,(anonymous_12)
FNDA:0,(anonymous_13)
FNDA:0,validateResource
FNDA:0,(anonymous_15)
FNDA:0,(anonymous_16)
FNDA:0,(anonymous_17)
FNDA:0,(anonymous_18)
FNDA:0,(anonymous_19)
FNDA:0,(anonymous_20)
FNDA:0,(anonymous_21)
DA:2,0
DA:3,0
DA:4,0
DA:5,0
DA:17,0
DA:18,0
DA:19,0
DA:20,0
DA:21,0
DA:22,0
DA:24,0
DA:25,0
DA:26,0
DA:32,0
DA:37,0
DA:38,0
DA:42,0
DA:48,0
DA:52,0
DA:61,0
DA:62,0
DA:63,0
DA:64,0
DA:65,0
DA:66,0
DA:69,0
DA:73,0
DA:81,0
DA:82,0
DA:83,0
DA:84,0
DA:85,0
DA:86,0
DA:89,0
DA:90,0
DA:91,0
DA:92,0
DA:93,0
DA:95,0
DA:96,0
DA:97,0
DA:98,0
DA:99,0
DA:101,0
DA:102,0
DA:103,0
DA:104,0
DA:108,0
DA:110,0
DA:111,0
DA:115,0
DA:116,0
DA:117,0
DA:136,0
DA:137,0
DA:138,0
DA:139,0
DA:140,0
DA:150,0
DA:151,0
DA:152,0
DA:156,0
DA:158,0
DA:159,0
DA:161,0
DA:162,0
DA:164,0
DA:165,0
DA:166,0
DA:168,0
DA:169,0
DA:170,0
DA:171,0
DA:172,0
DA:176,0
DA:177,0
DA:178,0
DA:180,0
DA:182,0
DA:183,0
DA:184,0
DA:185,0
DA:186,0
DA:187,0
DA:188,0
DA:191,0
DA:192,0
DA:194,0
DA:195,0
DA:196,0
DA:197,0
DA:198,0
DA:201,0
DA:202,0
DA:203,0
DA:204,0
DA:207,0
DA:209,0
DA:210,0
DA:211,0
DA:212,0
DA:215,0
DA:217,0
DA:218,0
DA:219,0
DA:220,0
DA:223,0
DA:225,0
DA:228,0
DA:229,0
DA:230,0
DA:232,0
DA:233,0
DA:234,0
DA:235,0
DA:236,0
DA:238,0
DA:239,0
DA:240,0
DA:241,0
DA:243,0
DA:250,0
DA:251,0
DA:252,0
DA:253,0
DA:256,0
LF:126
LH:0
BRDA:21,0,0,0
BRDA:21,0,1,0
BRDA:43,1,0,0
BRDA:43,1,1,0
BRDA:43,1,2,0
BRDA:53,2,0,0
BRDA:53,2,1,0
BRDA:53,2,2,0
BRDA:64,3,0,0
BRDA:64,3,1,0
BRDA:64,4,0,0
BRDA:64,4,1,0
BRDA:85,5,0,0
BRDA:96,6,0,0
BRDA:97,7,0,0
BRDA:97,7,1,0
BRDA:97,8,0,0
BRDA:97,8,1,0
BRDA:98,9,0,0
BRDA:98,10,0,0
BRDA:98,10,1,0
BRDA:103,11,0,0
BRDA:104,12,0,0
BRDA:104,12,1,0
BRDA:104,13,0,0
BRDA:104,13,1,0
BRDA:108,14,0,0
BRDA:116,15,0,0
BRDA:137,16,0,0
BRDA:151,17,0,0
BRDA:162,18,0,0
BRDA:164,19,0,0
BRDA:164,19,1,0
BRDA:164,20,0,0
BRDA:164,20,1,0
BRDA:164,21,0,0
BRDA:164,21,1,0
BRDA:164,22,0,0
BRDA:164,22,1,0
BRDA:164,23,0,0
BRDA:164,23,1,0
BRDA:164,24,0,0
BRDA:164,24,1,0
BRDA:164,25,0,0
BRDA:164,25,1,0
BRDA:164,26,0,0
BRDA:164,26,1,0
BRDA:164,27,0,0
BRDA:164,27,1,0
BRDA:164,28,0,0
BRDA:164,28,1,0
BRDA:168,29,0,0
BRDA:172,30,0,0
BRDA:172,30,1,0
BRDA:172,30,2,0
BRDA:172,30,3,0
BRDA:172,30,4,0
BRDA:172,30,5,0
BRDA:172,30,6,0
BRDA:172,30,7,0
BRDA:176,31,0,0
BRDA:176,31,1,0
BRDA:177,32,0,0
BRDA:180,33,0,0
BRDA:184,34,0,0
BRDA:233,35,0,0
BRDA:233,35,1,0
BRDA:233,36,0,0
BRDA:233,36,1,0
BRDA:233,37,0,0
BRDA:233,37,1,0
BRDA:233,38,0,0
BRDA:233,38,1,0
BRDA:233,39,0,0
BRDA:233,39,1,0
BRDA:233,40,0,0
BRDA:233,40,1,0
BRDA:234,41,0,0
BRDA:234,41,1,0
BRDA:234,42,0,0
BRDA:234,42,1,0
BRDA:234,43,0,0
BRDA:234,43,1,0
BRDA:234,44,0,0
BRDA:234,44,1,0
BRDA:234,45,0,0
BRDA:234,45,1,0
BRDA:234,46,0,0
BRDA:234,46,1,0
BRDA:239,47,0,0
BRDA:239,47,1,0
BRDA:239,48,0,0
BRDA:239,48,1,0
BRDA:239,49,0,0
BRDA:239,49,1,0
BRDA:239,50,0,0
BRDA:239,50,1,0
BRDA:239,51,0,0
BRDA:239,51,1,0
BRDA:239,52,0,0
BRDA:239,52,1,0
BRDA:240,53,0,0
BRDA:240,53,1,0
BRDA:240,54,0,0
BRDA:240,54,1,0
BRDA:240,55,0,0
BRDA:240,55,1,0
BRDA:240,56,0,0
BRDA:240,56,1,0
BRDA:240,57,0,0
BRDA:240,57,1,0
BRDA:240,58,0,0
BRDA:240,58,1,0
BRDA:253,59,0,0
BRDA:253,59,1,0
BRF:115
BRH:0
end_of_record
TN:
SF:src/components/Topology/Topology.d.ts
FNF:0
FNH:0
LF:0
LH:0
BRF:0
BRH:0
end_of_record
TN:
SF:src/components/Topology/Topology.js
FN:62,(anonymous_0)
FN:78,(anonymous_1)
FN:84,(anonymous_2)
FN:118,(anonymous_3)
FN:136,(anonymous_4)
FN:148,(anonymous_5)
FN:199,(anonymous_6)
FN:203,(anonymous_7)
FN:219,(anonymous_8)
FN:225,(anonymous_9)
FN:226,(anonymous_10)
FNF:11
FNH:0
FNDA:0,(anonymous_0)
FNDA:0,(anonymous_1)
FNDA:0,(anonymous_2)
FNDA:0,(anonymous_3)
FNDA:0,(anonymous_4)
FNDA:0,(anonymous_5)
FNDA:0,(anonymous_6)
FNDA:0,(anonymous_7)
FNDA:0,(anonymous_8)
FNDA:0,(anonymous_9)
FNDA:0,(anonymous_10)
DA:30,0
DA:63,0
DA:64,0
DA:75,0
DA:80,0
DA:84,0
DA:85,0
DA:86,0
DA:90,0
DA:91,0
DA:93,0
DA:94,0
DA:96,0
DA:97,0
DA:106,0
DA:119,0
DA:137,0
DA:138,0
DA:140,0
DA:141,0
DA:145,0
DA:159,0
DA:160,0
DA:161,0
DA:162,0
DA:163,0
DA:164,0
DA:166,0
DA:200,0
DA:204,0
DA:205,0
DA:206,0
DA:220,0
DA:221,0
DA:226,0
DA:228,0
DA:231,0
DA:232,0
DA:237,0
DA:238,0
DA:240,0
LF:41
LH:0
BRDA:89,0,0,0
BRDA:91,1,0,0
BRDA:91,2,0,0
BRDA:93,3,0,0
BRDA:93,3,1,0
BRDA:93,4,0,0
BRDA:93,4,1,0
BRDA:120,5,0,0
BRDA:120,5,1,0
BRDA:120,5,2,0
BRDA:120,5,3,0
BRDA:120,5,4,0
BRDA:120,5,5,0
BRDA:120,5,6,0
BRDA:120,5,7,0
BRDA:120,5,8,0
BRDA:120,5,9,0
BRDA:137,6,0,0
BRDA:138,7,0,0
BRDA:140,8,0,0
BRDA:140,8,1,0
BRDA:153,9,0,0
BRDA:154,10,0,0
BRDA:155,11,0,0
BRDA:160,12,0,0
BRDA:160,13,0,0
BRDA:204,14,0,0
BRDA:220,15,0,0
BRDA:220,15,1,0
BRDA:237,16,0,0
BRDA:237,16,1,0
BRF:31
BRH:0
end_of_record
TN:
SF:src/components/Topology/constants.js
FNF:0
FNH:0
DA:14,0
DA:15,0
DA:16,0
DA:17,0
DA:18,0
DA:20,0
DA:28,0
LF:7
LH:0
BRF:0
BRH:0
end_of_record
TN:
SF:src/components/Topology/components/ResourceFilterBar.js
FN:20,(anonymous_0)
FN:21,(anonymous_1)
FN:29,(anonymous_2)
FN:37,(anonymous_3)
FN:40,(anonymous_4)
FN:50,(anonymous_5)
FN:63,(anonymous_6)
FN:71,(anonymous_7)
FN:73,(anonymous_8)
FNF:9
FNH:0
FNDA:0,(anonymous_0)
FNDA:0,(anonymous_1)
FNDA:0,(anonymous_2)
FNDA:0,(anonymous_3)
FNDA:0,(anonymous_4)
FNDA:0,(anonymous_5)
FNDA:0,(anonymous_6)
FNDA:0,(anonymous_7)
FNDA:0,(anonymous_8)
DA:20,0
DA:21,0
DA:22,0
DA:23,0
DA:24,0
DA:29,0
DA:30,0
DA:36,0
DA:37,0
DA:38,0
DA:39,0
DA:40,0
DA:41,0
DA:42,0
DA:43,0
DA:45,0
DA:46,0
DA:48,0
DA:51,0
DA:52,0
DA:53,0
DA:54,0
DA:60,0
DA:63,0
DA:64,0
DA:65,0
DA:71,0
DA:74,0
DA:83,0
LF:29
LH:0
BRDA:22,0,0,0
BRDA:22,0,1,0
BRDA:38,1,0,0
BRDA:38,1,1,0
BRDA:42,2,0,0
BRDA:42,2,1,0
BRDA:45,3,0,0
BRDA:45,3,1,0
BRDA:71,4,0,0
BRDA:71,4,1,0
BRF:10
BRH:0
end_of_record
TN:
SF:src/components/Topology/components/ResourceFilterView.js
FN:23,(anonymous_0)
FN:38,(anonymous_1)
FN:39,(anonymous_2)
FN:63,(anonymous_3)
FN:87,(anonymous_4)
FN:95,(anonymous_5)
FN:102,(anonymous_6)
FN:111,(anonymous_7)
FN:126,(anonymous_8)
FN:131,(anonymous_9)
FN:139,(anonymous_10)
FN:145,(anonymous_11)
FN:166,(anonymous_12)
FN:167,(anonymous_13)
FN:174,(anonymous_14)
FNF:15
FNH:0
FNDA:0,(anonymous_0)
FNDA:0,(anonymous_1)
FNDA:0,(anonymous_2)
FNDA:0,(anonymous_3)
FNDA:0,(anonymous_4)
FNDA:0,(anonymous_5)
FNDA:0,(anonymous_6)
FNDA:0,(anonymous_7)
FNDA:0,(anonymous_8)
FNDA:0,(anonymous_9)
FNDA:0,(anonymous_10)
FNDA:0,(anonymous_11)
FNDA:0,(anonymous_12)
FNDA:0,(anonymous_13)
FNDA:0,(anonymous_14)
DA:21,0
DA:23,0
DA:24,0
DA:31,0
DA:38,0
DA:39,0
DA:40,0
DA:41,0
DA:42,0
DA:43,0
DA:45,0
DA:46,0
DA:47,0
DA:48,0
DA:50,0
DA:54,0
DA:55,0
DA:56,0
DA:57,0
DA:60,0
DA:64,0
DA:80,0
DA:88,0
DA:89,0
DA:96,0
DA:97,0
DA:100,0
DA:102,0
DA:103,0
DA:104,0
DA:108,0
DA:112,0
DA:127,0
DA:128,0
DA:129,0
DA:130,0
DA:132,0
DA:133,0
DA:146,0
DA:148,0
DA:149,0
DA:157,0
DA:166,0
DA:167,0
DA:168,0
DA:169,0
DA:170,0
DA:174,0
DA:175,0
DA:176,0
DA:177,0
DA:178,0
DA:179,0
DA:180,0
DA:182,0
DA:183,0
DA:185,0
DA:186,0
DA:188,0
DA:191,0
DA:192,0
DA:196,0
LF:62
LH:0
BRDA:26,0,0,0
BRDA:26,0,1,0
BRDA:39,1,0,0
BRDA:39,2,0,0
BRDA:40,3,0,0
BRDA:40,3,1,0
BRDA:40,4,0,0
BRDA:40,4,1,0
BRDA:42,5,0,0
BRDA:42,5,1,0
BRDA:42,6,0,0
BRDA:42,6,1,0
BRDA:45,7,0,0
BRDA:45,7,1,0
BRDA:45,8,0,0
BRDA:45,8,1,0
BRDA:47,9,0,0
BRDA:47,9,1,0
BRDA:47,10,0,0
BRDA:47,10,1,0
BRDA:56,11,0,0
BRDA:56,11,1,0
BRDA:56,12,0,0
BRDA:56,12,1,0
BRDA:75,13,0,0
BRDA:75,13,1,0
BRDA:91,14,0,0
BRDA:91,14,1,0
BRDA:96,15,0,0
BRDA:103,16,0,0
BRDA:103,16,1,0
BRDA:117,17,0,0
BRDA:117,17,1,0
BRDA:126,18,0,0
BRDA:132,19,0,0
BRDA:132,19,1,0
BRDA:137,20,0,0
BRDA:137,20,1,0
BRDA:138,21,0,0
BRDA:138,21,1,0
BRDA:146,22,0,0
BRDA:146,22,1,0
BRDA:148,23,0,0
BRDA:148,23,1,0
BRDA:179,24,0,0
BRDA:179,24,1,0
BRDA:182,25,0,0
BRDA:182,25,1,0
BRDA:185,26,0,0
BRDA:185,26,1,0
BRF:50
BRH:0
end_of_record
TN:
SF:src/components/Topology/components/SearchName.js
FN:26,(anonymous_0)
FN:34,(anonymous_1)
FN:46,(anonymous_2)
FN:49,(anonymous_3)
FN:59,(anonymous_4)
FN:64,(anonymous_5)
FN:68,(anonymous_6)
FN:72,(anonymous_7)
FNF:8
FNH:0
FNDA:0,(anonymous_0)
FNDA:0,(anonymous_1)
FNDA:0,(anonymous_2)
FNDA:0,(anonymous_3)
FNDA:0,(anonymous_4)
FNDA:0,(anonymous_5)
FNDA:0,(anonymous_6)
FNDA:0,(anonymous_7)
DA:20,0
DA:27,0
DA:28,0
DA:31,0
DA:34,0
DA:35,0
DA:36,0
DA:40,0
DA:41,0
DA:42,0
DA:45,0
DA:46,0
DA:47,0
DA:48,0
DA:50,0
DA:54,0
DA:59,0
DA:60,0
DA:61,0
DA:64,0
DA:65,0
DA:69,0
DA:73,0
DA:74,0
DA:75,0
LF:25
LH:0
BRDA:35,0,0,0
BRDA:35,0,1,0
BRDA:40,1,0,0
BRDA:40,1,1,0
BRDA:42,2,0,0
BRDA:42,2,1,0
BRDA:42,3,0,0
BRDA:42,3,1,0
BRDA:47,4,0,0
BRDA:47,4,1,0
BRDA:47,5,0,0
BRDA:47,5,1,0
BRDA:52,6,0,0
BRDA:52,6,1,0
BRF:14
BRH:0
end_of_record
TN:
SF:src/components/Topology/components/Zoom.js
FN:23,(anonymous_0)
FN:26,(anonymous_1)
FN:30,(anonymous_2)
FN:86,(anonymous_3)
FN:92,(anonymous_4)
FN:98,(anonymous_5)
FN:106,(anonymous_6)
FNF:7
FNH:0
FNDA:0,(anonymous_0)
FNDA:0,(anonymous_1)
FNDA:0,(anonymous_2)
FNDA:0,(anonymous_3)
FNDA:0,(anonymous_4)
FNDA:0,(anonymous_5)
FNDA:0,(anonymous_6)
DA:19,0
DA:20,0
DA:23,0
DA:24,0
DA:26,0
DA:27,0
DA:31,0
DA:32,0
DA:33,0
DA:34,0
DA:36,0
DA:86,0
DA:87,0
DA:88,0
DA:92,0
DA:93,0
DA:94,0
DA:98,0
DA:99,0
DA:100,0
DA:101,0
DA:102,0
DA:106,0
DA:107,0
DA:108,0
DA:109,0
DA:110,0
DA:114,0
LF:28
LH:0
BRDA:87,0,0,0
BRDA:87,0,1,0
BRDA:87,1,0,0
BRDA:87,1,1,0
BRDA:93,2,0,0
BRDA:93,2,1,0
BRDA:93,3,0,0
BRDA:93,3,1,0
BRDA:99,4,0,0
BRDA:99,4,1,0
BRDA:99,5,0,0
BRDA:99,5,1,0
BRF:12
BRH:0
end_of_record
TN:
SF:src/components/Topology/helpers/filterHelper.js
FN:18,(anonymous_0)
FN:24,(anonymous_1)
FN:41,(anonymous_2)
FN:67,(anonymous_3)
FN:81,(anonymous_4)
FN:82,(anonymous_5)
FN:83,(anonymous_6)
FN:127,(anonymous_7)
FN:143,(anonymous_8)
FN:176,(anonymous_9)
FN:178,(anonymous_10)
FN:190,(anonymous_11)
FN:191,(anonymous_12)
FN:194,(anonymous_13)
FN:202,(anonymous_14)
FN:206,(anonymous_15)
FN:234,(anonymous_16)
FN:235,(anonymous_17)
FN:238,(anonymous_18)
FN:264,(anonymous_19)
FN:265,(anonymous_20)
FN:267,(anonymous_21)
FN:277,(anonymous_22)
FN:278,(anonymous_23)
FN:280,(anonymous_24)
FN:289,(anonymous_25)
FN:290,(anonymous_26)
FN:293,(anonymous_27)
FN:300,(anonymous_28)
FN:319,(anonymous_29)
FN:321,(anonymous_30)
FN:322,(anonymous_31)
FN:348,(anonymous_32)
FN:349,(anonymous_33)
FN:353,(anonymous_34)
FN:372,(anonymous_35)
FN:373,(anonymous_36)
FN:377,(anonymous_37)
FN:394,(anonymous_38)
FN:419,(anonymous_39)
FN:430,(anonymous_40)
FN:437,(anonymous_41)
FN:454,(anonymous_42)
FN:459,(anonymous_43)
FN:463,(anonymous_44)
FNF:45
FNH:0
FNDA:0,(anonymous_0)
FNDA:0,(anonymous_1)
FNDA:0,(anonymous_2)
FNDA:0,(anonymous_3)
FNDA:0,(anonymous_4)
FNDA:0,(anonymous_5)
FNDA:0,(anonymous_6)
FNDA:0,(anonymous_7)
FNDA:0,(anonymous_8)
FNDA:0,(anonymous_9)
FNDA:0,(anonymous_10)
FNDA:0,(anonymous_11)
FNDA:0,(anonymous_12)
FNDA:0,(anonymous_13)
FNDA:0,(anonymous_14)
FNDA:0,(anonymous_15)
FNDA:0,(anonymous_16)
FNDA:0,(anonymous_17)
FNDA:0,(anonymous_18)
FNDA:0,(anonymous_19)
FNDA:0,(anonymous_20)
FNDA:0,(anonymous_21)
FNDA:0,(anonymous_22)
FNDA:0,(anonymous_23)
FNDA:0,(anonymous_24)
FNDA:0,(anonymous_25)
FNDA:0,(anonymous_26)
FNDA:0,(anonymous_27)
FNDA:0,(anonymous_28)
FNDA:0,(anonymous_29)
FNDA:0,(anonymous_30)
FNDA:0,(anonymous_31)
FNDA:0,(anonymous_32)
FNDA:0,(anonymous_33)
FNDA:0,(anonymous_34)
FNDA:0,(anonymous_35)
FNDA:0,(anonymous_36)
FNDA:0,(anonymous_37)
FNDA:0,(anonymous_38)
FNDA:0,(anonymous_39)
FNDA:0,(anonymous_40)
FNDA:0,(anonymous_41)
FNDA:0,(anonymous_42)
FNDA:0,(anonymous_43)
FNDA:0,(anonymous_44)
DA:19,0
DA:20,0
DA:21,0
DA:24,0
DA:25,0
DA:26,0
DA:29,0
DA:30,0
DA:32,0
DA:33,0
DA:36,0
DA:41,0
DA:42,0
DA:43,0
DA:44,0
DA:46,0
DA:47,0
DA:48,0
DA:49,0
DA:54,0
DA:55,0
DA:56,0
DA:58,0
DA:59,0
DA:64,0
DA:67,0
DA:69,0
DA:70,0
DA:71,0
DA:74,0
DA:75,0
DA:76,0
DA:80,0
DA:81,0
DA:82,0
DA:83,0
DA:84,0
DA:86,0
DA:87,0
DA:89,0
DA:91,0
DA:92,0
DA:94,0
DA:104,0
DA:105,0
DA:106,0
DA:108,0
DA:109,0
DA:111,0
DA:116,0
DA:117,0
DA:118,0
DA:119,0
DA:120,0
DA:122,0
DA:123,0
DA:124,0
DA:125,0
DA:127,0
DA:128,0
DA:129,0
DA:136,0
DA:138,0
DA:140,0
DA:143,0
DA:146,0
DA:147,0
DA:150,0
DA:151,0
DA:152,0
DA:153,0
DA:158,0
DA:159,0
DA:160,0
DA:161,0
DA:163,0
DA:164,0
DA:165,0
DA:167,0
DA:169,0
DA:170,0
DA:176,0
DA:178,0
DA:179,0
DA:181,0
DA:182,0
DA:184,0
DA:186,0
DA:190,0
DA:191,0
DA:192,0
DA:193,0
DA:194,0
DA:195,0
DA:196,0
DA:200,0
DA:201,0
DA:202,0
DA:203,0
DA:204,0
DA:205,0
DA:206,0
DA:207,0
DA:208,0
DA:209,0
DA:211,0
DA:218,0
DA:219,0
DA:220,0
DA:222,0
DA:223,0
DA:226,0
DA:227,0
DA:231,0
DA:233,0
DA:234,0
DA:235,0
DA:236,0
DA:237,0
DA:238,0
DA:239,0
DA:240,0
DA:241,0
DA:243,0
DA:250,0
DA:251,0
DA:257,0
DA:259,0
DA:260,0
DA:264,0
DA:265,0
DA:266,0
DA:267,0
DA:270,0
DA:271,0
DA:274,0
DA:277,0
DA:278,0
DA:279,0
DA:280,0
DA:283,0
DA:284,0
DA:289,0
DA:290,0
DA:291,0
DA:292,0
DA:293,0
DA:294,0
DA:295,0
DA:299,0
DA:300,0
DA:301,0
DA:302,0
DA:306,0
DA:307,0
DA:308,0
DA:309,0
DA:310,0
DA:311,0
DA:314,0
DA:318,0
DA:319,0
DA:321,0
DA:322,0
DA:323,0
DA:324,0
DA:325,0
DA:327,0
DA:328,0
DA:330,0
DA:332,0
DA:333,0
DA:334,0
DA:335,0
DA:341,0
DA:343,0
DA:344,0
DA:348,0
DA:349,0
DA:350,0
DA:353,0
DA:354,0
DA:357,0
DA:358,0
DA:359,0
DA:360,0
DA:362,0
DA:363,0
DA:366,0
DA:367,0
DA:372,0
DA:373,0
DA:374,0
DA:377,0
DA:378,0
DA:381,0
DA:382,0
DA:383,0
DA:384,0
DA:386,0
DA:389,0
DA:390,0
DA:394,0
DA:396,0
DA:397,0
DA:398,0
DA:401,0
DA:402,0
DA:403,0
DA:411,0
DA:416,0
DA:420,0
DA:423,0
DA:428,0
DA:429,0
DA:430,0
DA:431,0
DA:434,0
DA:437,0
DA:438,0
DA:439,0
DA:441,0
DA:442,0
DA:445,0
DA:446,0
DA:447,0
DA:448,0
DA:450,0
DA:454,0
DA:455,0
DA:456,0
DA:457,0
DA:458,0
DA:459,0
DA:460,0
DA:463,0
LF:236
LH:0
BRDA:25,0,0,0
BRDA:25,0,1,0
BRDA:26,1,0,0
BRDA:26,1,1,0
BRDA:29,2,0,0
BRDA:29,2,1,0
BRDA:29,3,0,0
BRDA:29,3,1,0
BRDA:36,4,0,0
BRDA:36,4,1,0
BRDA:44,5,0,0
BRDA:44,5,1,0
BRDA:46,6,0,0
BRDA:46,6,1,0
BRDA:46,7,0,0
BRDA:46,7,1,0
BRDA:48,8,0,0
BRDA:48,8,1,0
BRDA:54,9,0,0
BRDA:54,9,1,0
BRDA:54,10,0,0
BRDA:54,10,1,0
BRDA:55,11,0,0
BRDA:55,11,1,0
BRDA:58,12,0,0
BRDA:58,12,1,0
BRDA:67,13,0,0
BRDA:71,14,0,0
BRDA:71,14,1,0
BRDA:74,15,0,0
BRDA:74,15,1,0
BRDA:75,16,0,0
BRDA:75,16,1,0
BRDA:80,17,0,0
BRDA:80,17,1,0
BRDA:80,18,0,0
BRDA:80,18,1,0
BRDA:86,19,0,0
BRDA:86,19,1,0
BRDA:91,20,0,0
BRDA:91,20,1,0
BRDA:91,21,0,0
BRDA:91,21,1,0
BRDA:104,22,0,0
BRDA:104,22,1,0
BRDA:105,23,0,0
BRDA:105,23,1,0
BRDA:108,24,0,0
BRDA:108,24,1,0
BRDA:117,25,0,0
BRDA:117,25,1,0
BRDA:119,26,0,0
BRDA:119,26,1,0
BRDA:123,27,0,0
BRDA:123,27,1,0
BRDA:147,28,0,0
BRDA:147,28,1,0
BRDA:159,29,0,0
BRDA:159,29,1,0
BRDA:163,30,0,0
BRDA:163,30,1,0
BRDA:164,31,0,0
BRDA:164,31,1,0
BRDA:181,32,0,0
BRDA:181,32,1,0
BRDA:203,33,0,0
BRDA:203,33,1,0
BRDA:207,34,0,0
BRDA:207,34,1,0
BRDA:207,35,0,0
BRDA:207,35,1,0
BRDA:208,36,0,0
BRDA:208,36,1,0
BRDA:220,37,0,0
BRDA:220,37,1,0
BRDA:220,38,0,0
BRDA:220,38,1,0
BRDA:222,39,0,0
BRDA:222,39,1,0
BRDA:226,40,0,0
BRDA:226,40,1,0
BRDA:231,41,0,0
BRDA:231,41,1,0
BRDA:231,42,0,0
BRDA:231,42,1,0
BRDA:236,43,0,0
BRDA:236,43,1,0
BRDA:237,44,0,0
BRDA:237,44,1,0
BRDA:240,45,0,0
BRDA:240,45,1,0
BRDA:240,46,0,0
BRDA:240,46,1,0
BRDA:250,47,0,0
BRDA:250,47,1,0
BRDA:301,48,0,0
BRDA:301,48,1,0
BRDA:307,49,0,0
BRDA:307,49,1,0
BRDA:325,50,0,0
BRDA:325,50,1,0
BRDA:327,51,0,0
BRDA:327,51,1,0
BRDA:358,52,0,0
BRDA:358,52,1,0
BRDA:382,53,0,0
BRDA:382,53,1,0
BRDA:383,54,0,0
BRDA:383,54,1,0
BRDA:396,55,0,0
BRDA:396,55,1,0
BRDA:401,56,0,0
BRDA:401,56,1,0
BRDA:401,57,0,0
BRDA:401,57,1,0
BRDA:403,58,0,0
BRDA:403,58,1,0
BRDA:405,59,0,0
BRDA:405,59,1,0
BRDA:405,59,2,0
BRDA:405,59,3,0
BRDA:405,59,4,0
BRDA:405,59,5,0
BRDA:405,59,6,0
BRDA:405,59,7,0
BRDA:416,60,0,0
BRDA:416,60,1,0
BRDA:417,61,0,0
BRDA:417,61,1,0
BRDA:417,61,2,0
BRDA:419,62,0,0
BRDA:419,62,1,0
BRDA:428,63,0,0
BRDA:428,63,1,0
BRDA:441,64,0,0
BRDA:441,64,1,0
BRDA:445,65,0,0
BRDA:445,65,1,0
BRDA:457,66,0,0
BRDA:457,66,1,0
BRDA:460,67,0,0
BRDA:460,67,1,0
BRF:142
BRH:0
end_of_record
TN:
SF:src/components/Topology/helpers/layoutHelper.js
FN:28,(anonymous_0)
FN:40,(anonymous_1)
FN:44,(anonymous_2)
FN:54,(anonymous_3)
FN:88,(anonymous_4)
FN:117,(anonymous_5)
FN:128,(anonymous_6)
FN:134,(anonymous_7)
FN:142,(anonymous_8)
FN:167,(anonymous_9)
FN:177,(anonymous_10)
FN:198,(anonymous_11)
FN:206,(anonymous_12)
FN:209,(anonymous_13)
FN:217,(anonymous_14)
FN:219,(anonymous_15)
FN:251,(anonymous_16)
FN:260,(anonymous_17)
FN:262,(anonymous_18)
FN:275,(anonymous_19)
FN:277,(anonymous_20)
FN:280,(anonymous_21)
FN:288,(anonymous_22)
FN:294,(anonymous_23)
FN:300,(anonymous_24)
FN:337,(anonymous_25)
FN:340,(anonymous_26)
FN:344,(anonymous_27)
FN:357,(anonymous_28)
FN:365,(anonymous_29)
FN:370,(anonymous_30)
FN:375,(anonymous_31)
FN:390,(anonymous_32)
FN:413,(anonymous_33)
FN:417,(anonymous_34)
FN:424,(anonymous_35)
FN:427,(anonymous_36)
FN:451,(anonymous_37)
FN:469,(anonymous_38)
FN:475,(anonymous_39)
FN:477,(anonymous_40)
FN:479,(anonymous_41)
FN:480,(anonymous_42)
FN:510,(anonymous_43)
FN:513,(anonymous_44)
FN:523,(anonymous_45)
FN:526,(anonymous_46)
FN:547,(anonymous_47)
FN:551,(anonymous_48)
FN:555,(anonymous_49)
FN:559,(anonymous_50)
FN:569,(anonymous_51)
FN:581,(anonymous_52)
FN:603,(anonymous_53)
FN:607,(anonymous_54)
FN:641,(anonymous_55)
FN:651,(anonymous_56)
FN:652,(anonymous_57)
FN:660,(anonymous_58)
FN:662,(anonymous_59)
FN:668,(anonymous_60)
FN:676,(anonymous_61)
FN:679,(anonymous_62)
FN:692,(anonymous_63)
FN:697,(anonymous_64)
FN:708,(anonymous_65)
FN:709,(anonymous_66)
FN:716,(anonymous_67)
FN:740,(anonymous_68)
FN:742,(anonymous_69)
FN:751,(anonymous_70)
FN:760,(anonymous_71)
FN:766,(anonymous_72)
FN:771,(anonymous_73)
FN:781,(anonymous_74)
FN:782,(anonymous_75)
FN:783,(anonymous_76)
FN:823,(anonymous_77)
FN:836,(anonymous_78)
FN:839,(anonymous_79)
FN:854,(anonymous_80)
FN:888,(anonymous_81)
FN:932,(anonymous_82)
FN:950,(anonymous_83)
FN:987,(anonymous_84)
FN:1020,(anonymous_85)
FN:1052,(anonymous_86)
FN:1079,(anonymous_87)
FN:1107,(anonymous_88)
FN:1111,(anonymous_89)
FN:1114,(anonymous_90)
FN:1122,(anonymous_91)
FN:1191,(anonymous_92)
FN:1195,(anonymous_93)
FN:1198,(anonymous_94)
FN:1211,(anonymous_95)
FN:1219,(anonymous_96)
FN:1221,(anonymous_97)
FN:1234,(anonymous_98)
FN:1253,(anonymous_99)
FNF:100
FNH:0
FNDA:0,(anonymous_0)
FNDA:0,(anonymous_1)
FNDA:0,(anonymous_2)
FNDA:0,(anonymous_3)
FNDA:0,(anonymous_4)
FNDA:0,(anonymous_5)
FNDA:0,(anonymous_6)
FNDA:0,(anonymous_7)
FNDA:0,(anonymous_8)
FNDA:0,(anonymous_9)
FNDA:0,(anonymous_10)
FNDA:0,(anonymous_11)
FNDA:0,(anonymous_12)
FNDA:0,(anonymous_13)
FNDA:0,(anonymous_14)
FNDA:0,(anonymous_15)
FNDA:0,(anonymous_16)
FNDA:0,(anonymous_17)
FNDA:0,(anonymous_18)
FNDA:0,(anonymous_19)
FNDA:0,(anonymous_20)
FNDA:0,(anonymous_21)
FNDA:0,(anonymous_22)
FNDA:0,(anonymous_23)
FNDA:0,(anonymous_24)
FNDA:0,(anonymous_25)
FNDA:0,(anonymous_26)
FNDA:0,(anonymous_27)
FNDA:0,(anonymous_28)
FNDA:0,(anonymous_29)
FNDA:0,(anonymous_30)
FNDA:0,(anonymous_31)
FNDA:0,(anonymous_32)
FNDA:0,(anonymous_33)
FNDA:0,(anonymous_34)
FNDA:0,(anonymous_35)
FNDA:0,(anonymous_36)
FNDA:0,(anonymous_37)
FNDA:0,(anonymous_38)
FNDA:0,(anonymous_39)
FNDA:0,(anonymous_40)
FNDA:0,(anonymous_41)
FNDA:0,(anonymous_42)
FNDA:0,(anonymous_43)
FNDA:0,(anonymous_44)
FNDA:0,(anonymous_45)
FNDA:0,(anonymous_46)
FNDA:0,(anonymous_47)
FNDA:0,(anonymous_48)
FNDA:0,(anonymous_49)
FNDA:0,(anonymous_50)
FNDA:0,(anonymous_51)
FNDA:0,(anonymous_52)
FNDA:0,(anonymous_53)
FNDA:0,(anonymous_54)
FNDA:0,(anonymous_55)
FNDA:0,(anonymous_56)
FNDA:0,(anonymous_57)
FNDA:0,(anonymous_58)
FNDA:0,(anonymous_59)
FNDA:0,(anonymous_60)
FNDA:0,(anonymous_61)
FNDA:0,(anonymous_62)
FNDA:0,(anonymous_63)
FNDA:0,(anonymous_64)
FNDA:0,(anonymous_65)
FNDA:0,(anonymous_66)
[...]
DA:25,0
DA:26,0
DA:27,0
DA:28,0
DA:29,0
DA:30,0
DA:31,0
DA:32,0
DA:33,0
DA:34,0
DA:36,0
DA:46,0
DA:48,0
DA:49,0
DA:51,0
DA:52,0
DA:53,0
DA:54,0
DA:55,0
DA:56,0
DA:60,0
DA:61,0
DA:62,0
DA:63,0
DA:65,0
DA:72,0
DA:83,0
DA:105,0
DA:113,0
DA:124,0
DA:134,0
DA:143,0
DA:145,0
DA:164,0
LF:50
LH:0
BRDA:19,0,0,0
BRDA:19,0,1,0
BRDA:21,1,0,0
BRDA:21,1,1,0
BRDA:33,2,0,0
BRDA:33,2,1,0
BRDA:33,3,0,0
BRDA:33,3,1,0
BRDA:33,4,0,0
BRDA:33,4,1,0
BRDA:33,5,0,0
BRDA:33,5,1,0
BRDA:34,6,0,0
BRDA:34,6,1,0
BRDA:34,7,0,0
BRDA:34,7,1,0
BRDA:49,8,0,0
BRDA:49,8,1,0
BRDA:49,9,0,0
BRDA:49,9,1,0
BRDA:49,10,0,0
BRDA:49,10,1,0
BRDA:49,11,0,0
BRDA:49,11,1,0
BRDA:51,12,0,0
BRDA:51,12,1,0
BRDA:51,13,0,0
BRDA:51,13,1,0
BRDA:51,14,0,0
BRDA:51,14,1,0
BRDA:51,15,0,0
BRDA:51,15,1,0
BRDA:51,16,0,0
BRDA:51,16,1,0
BRDA:52,17,0,0
BRDA:52,17,1,0
BRDA:52,18,0,0
BRDA:52,18,1,0
BRDA:53,19,0,0
BRDA:53,19,1,0
BRDA:53,20,0,0
BRDA:53,20,1,0
BRDA:54,21,0,0
BRDA:54,21,1,0
BRDA:54,22,0,0
BRDA:54,22,1,0
BRDA:55,23,0,0
BRDA:55,23,1,0
BRDA:55,24,0,0
BRDA:55,24,1,0
BRDA:56,25,0,0
BRDA:56,25,1,0
BRDA:56,26,0,0
BRDA:56,26,1,0
BRDA:62,27,0,0
BRDA:62,28,0,0
BRDA:62,28,1,0
BRDA:82,29,0,0
BRDA:82,29,1,0
BRDA:82,30,0,0
BRDA:82,30,1,0
BRDA:82,31,0,0
BRDA:82,31,1,0
BRDA:82,32,0,0
BRDA:82,32,1,0
BRDA:82,33,0,0
BRDA:82,33,1,0
BRDA:82,34,0,0
BRDA:82,34,1,0
BRDA:83,35,0,0
BRDA:83,35,1,0
BRDA:83,36,0,0
BRDA:83,36,1,0
BRDA:90,37,0,0
BRDA:90,37,1,0
BRDA:90,38,0,0
BRDA:90,38,1,0
BRDA:90,39,0,0
BRDA:90,39,1,0
BRDA:90,40,0,0
BRDA:90,40,1,0
BRDA:91,41,0,0
BRDA:91,41,1,0
BRDA:91,42,0,0
BRDA:91,42,1,0
BRDA:91,43,0,0
BRDA:91,43,1,0
BRDA:91,44,0,0
BRDA:91,44,1,0
BRDA:95,45,0,0
BRDA:95,45,1,0
BRDA:95,46,0,0
BRDA:95,46,1,0
BRDA:95,47,0,0
BRDA:95,47,1,0
BRDA:95,48,0,0
BRDA:95,48,1,0
BRDA:95,49,0,0
BRDA:95,49,1,0
BRDA:95,50,0,0
BRDA:95,50,1,0
BRDA:95,51,0,0
BRDA:95,51,1,0
BRDA:95,52,0,0
BRDA:95,52,1,0
BRDA:97,53,0,0
BRDA:97,53,1,0
BRDA:97,54,0,0
BRDA:97,54,1,0
BRDA:107,55,0,0
BRDA:107,55,1,0
BRDA:107,56,0,0
BRDA:107,56,1,0
BRDA:117,57,0,0
BRDA:117,57,1,0
BRDA:117,58,0,0
BRDA:117,58,1,0
BRDA:128,59,0,0
BRDA:128,59,1,0
BRDA:128,60,0,0
BRDA:128,60,1,0
BRDA:151,61,0,0
BRDA:151,61,1,0
BRDA:155,62,0,0
BRDA:155,62,1,0
BRDA:164,63,0,0
BRDA:164,63,1,0
BRDA:164,64,0,0
BRDA:164,64,1,0
BRF:129
BRH:0
end_of_record
TN:
SF:src/routes/Infrastructure/Clusters/ManagedClusters/components/useAllClusters.tsx
FN:17,useAllClusters
FN:40,(anonymous_1)
FNF:2
FNH:0
FNDA:0,useAllClusters
FNDA:0,(anonymous_1)
DA:3,0
DA:4,0
DA:5,0
DA:6,0
DA:17,0
DA:19,0
DA:20,0
DA:21,0
DA:22,0
DA:23,0
DA:24,0
DA:25,0
DA:26,0
DA:27,0
DA:39,0
DA:41,0
DA:62,0
LF:17
LH:0
BRF:0
BRH:0
end_of_record
TN:
SF:src/routes/Infrastructure/Clusters/ManagedClusters/components/cim/AIClusterDetails.tsx
FN:35,(anonymous_15)
FN:45,(anonymous_16)
FN:45,(anonymous_17)
FN:51,(anonymous_19)
FN:66,(anonymous_20)
FN:67,(anonymous_21)
FN:86,(anonymous_24)
FN:89,(anonymous_25)
FN:103,(anonymous_26)
FN:117,(anonymous_27)
FN:209,(anonymous_28)
FNF:11
FNH:0
FNDA:0,(anonymous_15)
FNDA:0,(anonymous_16)
FNDA:0,(anonymous_17)
FNDA:0,(anonymous_19)
FNDA:0,(anonymous_20)
FNDA:0,(anonymous_21)
FNDA:0,(anonymous_24)
FNDA:0,(anonymous_25)
FNDA:0,(anonymous_26)
FNDA:0,(anonymous_27)
FNDA:0,(anonymous_28)
DA:3,0
DA:4,0
DA:5,0
DA:6,0
DA:7,0
DA:8,0
DA:9,0
DA:10,0
DA:11,0
DA:12,0
DA:33,0
DA:35,0
DA:36,0
DA:45,0
DA:46,0
DA:47,0
DA:48,0
DA:51,0
DA:52,0
DA:53,0
DA:54,0
DA:55,0
DA:57,0
DA:58,0
DA:60,0
DA:64,0
DA:66,0
DA:67,0
DA:69,0
DA:74,0
DA:77,0
DA:78,0
DA:80,0
DA:84,0
DA:86,0
DA:87,0
DA:90,0
DA:95,0
DA:99,0
DA:102,0
DA:103,0
DA:107,0
DA:109,0
DA:118,0
DA:209,0
LF:45
LH:0
BRDA:57,0,0,0
BRDA:57,0,1,0
BRDA:57,1,0,0
BRDA:57,1,1,0
BRDA:57,2,0,0
BRDA:57,2,1,0
BRDA:57,3,0,0
BRDA:57,3,1,0
BRDA:58,4,0,0
BRDA:58,4,1,0
BRDA:58,5,0,0
BRDA:58,5,1,0
BRDA:58,6,0,0
BRDA:58,6,1,0
BRDA:58,7,0,0
BRDA:58,7,1,0
BRDA:64,8,0,0
BRDA:64,8,1,0
BRDA:64,9,0,0
BRDA:64,9,1,0
BRDA:64,10,0,0
BRDA:64,10,1,0
BRDA:64,11,0,0
BRDA:64,11,1,0
BRDA:87,12,0,0
BRDA:87,12,1,0
BRDA:90,13,0,0
BRDA:90,13,1,0
BRDA:90,14,0,0
BRDA:90,14,1,0
BRDA:90,15,0,0
BRDA:90,15,1,0
BRDA:90,16,0,0
BRDA:90,16,1,0
BRDA:90,17,0,0
BRDA:90,17,1,0
BRDA:91,18,0,0
BRDA:91,18,1,0
BRDA:91,19,0,0
BRDA:91,19,1,0
BRDA:91,20,0,0
BRDA:91,20,1,0
BRDA:91,21,0,0
BRDA:91,21,1,0
BRDA:95,22,0,0
BRDA:95,22,1,0
BRDA:107,23,0,0
BRDA:107,23,1,0
BRDA:107,24,0,0
BRDA:107,24,1,0
BRDA:107,25,0,0
BRDA:107,25,1,0
BRDA:107,26,0,0
BRDA:107,26,1,0
BRDA:107,27,0,0
BRDA:107,27,1,0
BRDA:107,28,0,0
BRDA:107,28,1,0
BRDA:107,29,0,0
BRDA:107,29,1,0
BRDA:112,30,0,0
BRDA:112,30,1,0
BRDA:112,30,2,0
BRDA:115,31,0,0
BRDA:115,31,1,0
BRDA:115,32,0,0
BRDA:115,32,1,0
BRDA:115,33,0,0
BRDA:115,33,1,0
BRDA:115,34,0,0
BRDA:115,34,1,0
BRDA:127,35,0,0
BRDA:127,35,1,0
BRDA:130,36,0,0
BRDA:130,36,1,0
BRDA:130,36,2,0
BRDA:141,37,0,0
BRDA:141,37,1,0
BRDA:148,38,0,0
BRDA:148,38,1,0
BRDA:158,39,0,0
BRDA:158,39,1,0
BRDA:179,40,0,0
BRDA:179,40,1,0
BRF:84
BRH:0
end_of_record
TN:
SF:src/routes/Infrastructure/Clusters/ManagedClusters/components/cim/CusterDeploymentCredentials.tsx
FN:15,(anonymous_15)
FN:23,(anonymous_16)
FN:24,(anonymous_17)
FNF:3
FNH:0
FNDA:0,(anonymous_15)
FNDA:0,(anonymous_16)
FNDA:0,(anonymous_17)
DA:2,0
DA:3,0
DA:4,0
DA:6,0
DA:15,0
DA:16,0
DA:17,0
DA:18,0
DA:19,0
DA:21,0
DA:23,0
DA:24,0
DA:26,0
DA:34,0
DA:39,0
DA:42,0
DA:43,0
DA:47,0
DA:50,0
LF:19
LH:0
BRDA:35,0,0,0
BRDA:35,0,1,0
BRDA:35,1,0,0
BRDA:35,1,1,0
BRDA:35,2,0,0
BRDA:35,2,1,0
BRDA:36,3,0,0
BRDA:36,3,1,0
BRDA:36,4,0,0
BRDA:36,4,1,0
BRDA:36,5,0,0
BRDA:36,5,1,0
BRDA:42,6,0,0
BRF:13
BRH:0
end_of_record
TN:
SF:src/routes/Infrastructure/Clusters/ManagedClusters/components/cim/EditAICluster.sharedmocks.ts
FN:156,(anonymous_0)
FNF:1
FNH:0
FNDA:0,(anonymous_0)
DA:2,0
DA:5,0
DA:7,0
DA:8,0
DA:10,0
DA:50,0
DA:61,0
DA:94,0
DA:113,0
DA:123,0
DA:156,0
DA:157,0
DA:158,0
DA:159,0
DA:160,0
DA:163,0
DA:222,0
DA:239,0
DA:255,0
LF:19
LH:0
BRF:0
BRH:0
end_of_record
TN:
SF:src/routes/Infrastructure/Clusters/ManagedClusters/components/cim/EditAICluster.tsx
FN:52,(anonymous_16)
FN:71,(anonymous_17)
FN:73,(anonymous_18)
FN:79,(anonymous_19)
FN:91,(anonymous_20)
FN:92,(anonymous_21)
FN:105,(anonymous_22)
FN:108,(anonymous_23)
FN:120,(anonymous_24)
FN:121,(anonymous_25)
FN:144,(anonymous_28)
FN:182,(anonymous_31)
FN:209,(anonymous_32)
FN:210,(anonymous_33)
FN:220,(anonymous_34)
FNF:15
FNH:0
FNDA:0,(anonymous_16)
FNDA:0,(anonymous_17)
FNDA:0,(anonymous_18)
FNDA:0,(anonymous_19)
FNDA:0,(anonymous_20)
FNDA:0,(anonymous_21)
FNDA:0,(anonymous_22)
FNDA:0,(anonymous_23)
FNDA:0,(anonymous_24)
FNDA:0,(anonymous_25)
FNDA:0,(anonymous_28)
FNDA:0,(anonymous_31)
FNDA:0,(anonymous_32)
FNDA:0,(anonymous_33)
FNDA:0,(anonymous_34)
DA:3,0
DA:4,0
DA:5,0
DA:6,0
DA:8,0
DA:9,0
DA:11,0
DA:12,0
DA:13,0
DA:33,0
DA:34,0
DA:35,0
DA:36,0
DA:37,0
DA:46,0
DA:48,0
DA:52,0
DA:54,0
DA:56,0
DA:58,0
DA:59,0
DA:60,0
DA:61,0
DA:62,0
DA:63,0
DA:67,0
DA:68,0
DA:69,0
DA:71,0
DA:73,0
DA:75,0
DA:77,0
DA:79,0
DA:80,0
DA:90,0
DA:92,0
DA:94,0
DA:99,0
DA:102,0
DA:104,0
DA:106,0
DA:109,0
DA:120,0
DA:121,0
DA:122,0
DA:124,0
DA:125,0
DA:134,0
DA:138,0
DA:144,0
DA:145,0
DA:157,0
DA:160,0
DA:183,0
DA:184,0
DA:185,0
DA:187,0
DA:209,0
DA:211,0
DA:221,0
DA:253,0
LF:61
LH:0
BRDA:122,0,0,0
BRDA:124,1,0,0
BRDA:127,2,0,0
BRDA:127,2,1,0
BRDA:145,3,0,0
BRDA:149,4,0,0
BRDA:149,4,1,0
BRDA:149,5,0,0
BRDA:149,5,1,0
BRDA:149,6,0,0
BRDA:149,6,1,0
BRDA:149,7,0,0
BRDA:149,7,1,0
BRDA:149,8,0,0
BRDA:149,8,1,0
BRDA:149,9,0,0
BRDA:149,9,1,0
BRDA:160,10,0,0
BRDA:160,10,1,0
BRDA:160,11,0,0
BRDA:160,11,1,0
BRDA:160,11,2,0
BRDA:170,12,0,0
BRDA:170,12,1,0
BRDA:170,13,0,0
BRDA:170,13,1,0
BRDA:170,14,0,0
BRDA:170,14,1,0
BRDA:170,15,0,0
BRDA:170,15,1,0
BRDA:180,16,0,0
BRDA:180,16,1,0
BRDA:184,17,0,0
BRDA:184,17,1,0
BRDA:235,18,0,0
BRDA:235,18,1,0
BRF:36
BRH:0
end_of_record
TN:
SF:src/routes/Infrastructure/Clusters/ManagedClusters/components/cim/EditAgentModal.tsx
FN:11,(anonymous_0)
FN:16,(anonymous_1)
FN:18,(anonymous_2)
FNF:3
FNH:0
FNDA:0,(anonymous_0)
FNDA:0,(anonymous_1)
FNDA:0,(anonymous_2)
DA:2,0
DA:3,0
DA:5,0
DA:11,0
DA:16,0
DA:22,0
LF:6
LH:0
BRF:0
BRH:0
end_of_record
TN:
SF:src/routes/Infrastructure/Clusters/ManagedClusters/components/cim/OnPremiseBanner.tsx
FN:31,OnPremiseBanner
FN:41,(anonymous_4)
FN:47,dismiss
FNF:3
FNH:0
FNDA:0,OnPremiseBanner
FNDA:0,(anonymous_4)
FNDA:0,dismiss
DA:3,0
DA:4,0
DA:17,0
DA:18,0
DA:19,0
DA:31,0
DA:32,0
DA:33,0
DA:34,0
DA:35,0
DA:36,0
DA:37,0
DA:39,0
DA:40,0
DA:41,0
DA:43,0
DA:44,0
DA:48,0
DA:49,0
DA:52,0
LF:20
LH:0
BRDA:32,0,0,0
BRDA:32,0,1,0
BRDA:43,1,0,0
BRDA:71,2,0,0
BRDA:71,2,1,0
BRF:5
BRH:0
end_of_record
TN:
SF:src/routes/Infrastructure/Clusters/ManagedClusters/components/cim/ScaleUpDialog.tsx
FN:18,(anonymous_13)
FN:23,(anonymous_14)
FN:23,(anonymous_15)
FN:29,(anonymous_17)
FNF:4
FNH:0
FNDA:0,(anonymous_13)
FNDA:0,(anonymous_14)
FNDA:0,(anonymous_15)
FNDA:0,(anonymous_17)
DA:2,0
DA:3,0
DA:4,0
DA:6,0
DA:7,0
DA:8,0
DA:10,0
DA:18,0
DA:19,0
DA:20,0
DA:22,0
DA:23,0
DA:24,0
DA:25,0
DA:27,0
DA:29,0
DA:30,0
DA:47,0
DA:52,0
DA:53,0
DA:56,0
DA:68,0
LF:22
LH:0
BRDA:24,0,0,0
BRDA:24,0,1,0
BRDA:24,1,0,0
BRDA:24,1,1,0
BRDA:24,2,0,0
BRDA:24,2,1,0
BRDA:24,3,0,0
BRDA:24,3,1,0
BRDA:25,4,0,0
BRDA:25,4,1,0
BRDA:25,5,0,0
BRDA:25,5,1,0
BRDA:25,6,0,0
BRDA:25,6,1,0
BRDA:25,7,0,0
BRDA:25,7,1,0
BRDA:27,8,0,0
BRDA:27,9,0,0
BRDA:27,9,1,0
BRDA:32,10,0,0
BRDA:32,10,1,0
BRDA:32,11,0,0
BRDA:32,11,1,0
BRDA:32,12,0,0
BRDA:32,12,1,0
BRDA:52,13,0,0
BRDA:52,14,0,0
BRDA:52,14,1,0
BRDA:52,14,2,0
BRDA:52,14,3,0
BRF:30
BRH:0
end_of_record
TN:
SF:src/routes/Infrastructure/InfraEnvironments/CreateInfraEnv.tsx
FN:34,(anonymous_22)
FN:36,(anonymous_23)
FN:40,(anonymous_24)
FN:56,(anonymous_25)
FN:56,(anonymous_26)
FN:60,(anonymous_28)
FN:73,(anonymous_29)
FN:76,(anonymous_30)
FN:80,(anonymous_31)
FN:82,(anonymous_32)
FN:133,(anonymous_33)
FN:134,(anonymous_34)
FNF:12
FNH:0
FNDA:0,(anonymous_22)
FNDA:0,(anonymous_23)
FNDA:0,(anonymous_24)
FNDA:0,(anonymous_25)
FNDA:0,(anonymous_26)
FNDA:0,(anonymous_28)
FNDA:0,(anonymous_29)
FNDA:0,(anonymous_30)
FNDA:0,(anonymous_31)
FNDA:0,(anonymous_32)
FNDA:0,(anonymous_33)
FNDA:0,(anonymous_34)
DA:2,0
DA:3,0
DA:4,0
DA:5,0
DA:6,0
DA:7,0
DA:8,0
DA:9,0
DA:11,0
DA:12,0
DA:13,0
DA:16,0
DA:17,0
DA:18,0
DA:19,0
DA:20,0
DA:21,0
DA:23,0
DA:34,0
DA:35,0
DA:36,0
DA:37,0
DA:38,0
DA:39,0
DA:40,0
DA:41,0
DA:45,0
DA:51,0
DA:56,0
DA:57,0
DA:58,0
DA:59,0
DA:60,0
DA:62,0
DA:64,0
DA:65,0
DA:69,0
DA:73,0
DA:75,0
DA:76,0
DA:78,0
DA:79,0
DA:80,0
DA:83,0
DA:90,0
DA:92,0
DA:98,0
DA:99,0
DA:108,0
DA:133,0
DA:148,0
LF:51
LH:0
BRDA:36,0,0,0
BRDA:36,0,1,0
BRDA:36,1,0,0
BRDA:36,1,1,0
BRDA:36,2,0,0
BRDA:36,2,1,0
BRDA:57,3,0,0
BRDA:64,4,0,0
BRDA:78,5,0,0
BRDA:80,6,0,0
BRDA:80,6,1,0
BRDA:80,6,2,0
BRDA:80,6,3,0
BRDA:80,7,0,0
BRDA:80,7,1,0
BRDA:80,8,0,0
BRDA:80,8,1,0
BRDA:80,9,0,0
BRDA:80,9,1,0
BRDA:80,10,0,0
BRDA:80,10,1,0
BRDA:94,11,0,0
BRDA:94,11,1,0
BRDA:94,12,0,0
BRDA:94,12,1,0
BRDA:135,13,0,0
BRDA:135,13,1,0
BRDA:135,14,0,0
BRDA:135,14,1,0
BRDA:136,15,0,0
BRDA:136,15,1,0
BRDA:136,16,0,0
BRDA:136,16,1,0
BRF:33
BRH:0
end_of_record
TN:
SF:src/routes/Infrastructure/InfraEnvironments/InfraEnvForm.tsx
FN:37,(anonymous_3)
FN:41,(anonymous_4)
FN:60,(anonymous_5)
FN:68,(anonymous_6)
FN:69,(anonymous_7)
FN:70,(anonymous_8)
FN:77,(anonymous_9)
FN:77,(anonymous_10)
FNF:8
FNH:0
FNDA:0,(anonymous_3)
FNDA:0,(anonymous_4)
FNDA:0,(anonymous_5)
FNDA:0,(anonymous_6)
FNDA:0,(anonymous_7)
FNDA:0,(anonymous_8)
FNDA:0,(anonymous_9)
FNDA:0,(anonymous_10)
DA:2,0
DA:3,0
DA:4,0
DA:5,0
DA:7,0
DA:8,0
DA:10,0
DA:12,0
DA:15,0
DA:22,0
DA:37,0
DA:38,0
DA:39,0
DA:41,0
DA:42,0
DA:43,0
DA:44,0
DA:49,0
DA:50,0
DA:55,0
DA:56,0
DA:60,0
DA:64,0
DA:68,0
DA:69,0
DA:70,0
DA:71,0
DA:77,0
DA:78,0
DA:114,0
LF:30
LH:0
BRDA:43,0,0,0
BRDA:49,1,0,0
BRDA:55,2,0,0
BRDA:70,3,0,0
BRDA:70,3,1,0
BRDA:70,4,0,0
BRDA:70,4,1,0
BRDA:70,5,0,0
BRDA:70,5,1,0
BRDA:70,6,0,0
BRDA:70,6,1,0
BRDA:71,7,0,0
BRDA:71,7,1,0
BRDA:71,8,0,0
BRDA:71,8,1,0
BRDA:71,9,0,0
BRDA:71,9,1,0
BRDA:71,10,0,0
BRDA:71,10,1,0
BRF:19
BRH:0
end_of_record
TN:
SF:src/routes/Infrastructure/InfraEnvironments/InfraEnvironments.tsx
FN:8,InfraEnvironments
FNF:1
FNH:0
FNDA:0,InfraEnvironments
DA:2,0
DA:3,0
DA:4,0
DA:5,0
DA:6,0
DA:8,0
DA:9,0
LF:7
LH:0
BRF:0
BRH:0
end_of_record
TN:
SF:src/routes/Infrastructure/InfraEnvironments/InfraEnvironmentsPage.tsx
FN:34,(anonymous_3)
FN:36,(anonymous_4)
FN:37,(anonymous_5)
FN:45,(anonymous_6)
FN:51,(anonymous_7)
FN:56,(anonymous_8)
FN:72,(anonymous_9)
FN:73,(anonymous_10)
FN:92,(anonymous_11)
FN:94,(anonymous_12)
FN:110,(anonymous_13)
FN:117,(anonymous_14)
FN:120,(anonymous_15)
FN:142,(anonymous_16)
FN:155,(anonymous_17)
FN:168,(anonymous_18)
FN:181,(anonymous_19)
FN:185,(anonymous_20)
FN:189,(anonymous_21)
FN:190,(anonymous_22)
FN:193,(anonymous_23)
FN:194,(anonymous_24)
FN:218,(anonymous_25)
FN:219,(anonymous_26)
FN:230,(anonymous_27)
FN:237,(anonymous_28)
FN:257,(anonymous_29)
FN:259,(anonymous_30)
FN:262,(anonymous_31)
FN:289,(anonymous_32)
FN:297,(anonymous_33)
FN:313,(anonymous_34)
FN:314,(anonymous_35)
FN:321,(anonymous_36)
FN:323,(anonymous_37)
FN:373,(anonymous_38)
FN:374,(anonymous_39)
FN:377,(anonymous_40)
FNF:38
FNH:0
FNDA:0,(anonymous_3)
FNDA:0,(anonymous_4)
FNDA:0,(anonymous_5)
FNDA:0,(anonymous_6)
FNDA:0,(anonymous_7)
FNDA:0,(anonymous_8)
FNDA:0,(anonymous_9)
FNDA:0,(anonymous_10)
FNDA:0,(anonymous_11)
FNDA:0,(anonymous_12)
FNDA:0,(anonymous_13)
FNDA:0,(anonymous_14)
FNDA:0,(anonymous_15)
FNDA:0,(anonymous_16)
FNDA:0,(anonymous_17)
FNDA:0,(anonymous_18)
FNDA:0,(anonymous_19)
FNDA:0,(anonymous_20)
FNDA:0,(anonymous_21)
FNDA:0,(anonymous_22)
FNDA:0,(anonymous_23)
FNDA:0,(anonymous_24)
FNDA:0,(anonymous_25)
FNDA:0,(anonymous_26)
FNDA:0,(anonymous_27)
FNDA:0,(anonymous_28)
FNDA:0,(anonymous_29)
FNDA:0,(anonymous_30)
FNDA:0,(anonymous_31)
FNDA:0,(anonymous_32)
FNDA:0,(anonymous_33)
FNDA:0,(anonymous_34)
FNDA:0,(anonymous_35)
FNDA:0,(anonymous_36)
FNDA:0,(anonymous_37)
FNDA:0,(anonymous_38)
FNDA:0,(anonymous_39)
FNDA:0,(anonymous_40)
DA:2,0
DA:13,0
DA:14,0
DA:15,0
DA:16,0
DA:18,0
DA:19,0
DA:20,0
DA:21,0
DA:22,0
DA:23,0
DA:24,0
DA:25,0
DA:26,0
DA:27,0
DA:28,0
DA:29,0
DA:30,0
DA:32,0
DA:34,0
DA:35,0
DA:36,0
DA:37,0
DA:38,0
DA:40,0
DA:42,0
DA:45,0
DA:51,0
DA:52,0
DA:54,0
DA:56,0
DA:57,0
DA:58,0
DA:59,0
DA:69,0
DA:71,0
DA:73,0
DA:74,0
DA:75,0
DA:76,0
DA:77,0
DA:78,0
DA:81,0
DA:82,0
DA:83,0
DA:85,0
DA:92,0
DA:93,0
DA:94,0
DA:96,0
DA:97,0
DA:99,0
DA:110,0
DA:117,0
DA:118,0
DA:119,0
DA:120,0
DA:121,0
DA:125,0
DA:129,0
DA:142,0
DA:156,0
DA:157,0
DA:159,0
DA:168,0
DA:169,0
DA:178,0
DA:181,0
DA:185,0
DA:190,0
DA:191,0
DA:193,0
DA:194,0
DA:195,0
DA:200,0
DA:219,0
DA:220,0
DA:222,0
DA:223,0
DA:224,0
DA:233,0
DA:238,0
DA:258,0
DA:260,0
DA:263,0
DA:273,0
DA:289,0
DA:298,0
DA:314,0
DA:315,0
DA:320,0
DA:321,0
DA:323,0
DA:324,0
DA:330,0
DA:347,0
DA:373,0
DA:375,0
DA:378,0
DA:409,0
LF:100
LH:0
BRDA:38,0,0,0
BRDA:38,0,1,0
BRDA:38,1,0,0
BRDA:38,1,1,0
BRDA:38,2,0,0
BRDA:38,2,1,0
BRDA:38,3,0,0
BRDA:38,3,1,0
BRDA:40,4,0,0
BRDA:52,5,0,0
BRDA:52,5,1,0
BRDA:52,6,0,0
BRDA:52,6,1,0
BRDA:52,7,0,0
BRDA:52,7,1,0
BRDA:52,8,0,0
BRDA:52,8,1,0
BRDA:56,9,0,0
BRDA:56,9,1,0
BRDA:56,10,0,0
BRDA:56,10,1,0
BRDA:56,11,0,0
BRDA:56,11,1,0
BRDA:56,12,0,0
BRDA:56,12,1,0
BRDA:57,13,0,0
BRDA:58,14,0,0
BRDA:58,15,0,0
BRDA:58,15,1,0
BRDA:58,16,0,0
BRDA:58,16,1,0
BRDA:58,17,0,0
BRDA:58,17,1,0
BRDA:58,18,0,0
BRDA:58,18,1,0
BRDA:58,19,0,0
BRDA:58,19,1,0
BRDA:74,20,0,0
BRDA:74,21,0,0
BRDA:74,21,1,0
BRDA:74,22,0,0
BRDA:74,22,1,0
BRDA:76,23,0,0
BRDA:81,24,0,0
BRDA:81,25,0,0
BRDA:81,25,1,0
BRDA:81,26,0,0
BRDA:81,26,1,0
BRDA:156,27,0,0
BRDA:156,27,1,0
BRDA:159,28,0,0
BRDA:159,28,1,0
BRDA:159,29,0,0
BRDA:159,29,1,0
BRDA:181,30,0,0
BRDA:181,30,1,0
BRDA:181,31,0,0
BRDA:181,31,1,0
BRDA:181,32,0,0
BRDA:181,32,1,0
BRDA:185,33,0,0
BRDA:185,33,1,0
BRDA:185,34,0,0
BRDA:185,34,1,0
BRDA:185,35,0,0
BRDA:185,35,1,0
BRDA:185,36,0,0
BRDA:185,36,1,0
BRDA:185,37,0,0
BRDA:185,37,1,0
BRDA:185,38,0,0
BRDA:185,38,1,0
BRDA:191,39,0,0
BRDA:191,39,1,0
BRDA:191,40,0,0
BRDA:191,40,1,0
BRDA:191,41,0,0
BRDA:191,41,1,0
BRDA:191,42,0,0
BRDA:191,42,1,0
BRDA:202,43,0,0
BRDA:202,43,1,0
BRDA:220,44,0,0
BRDA:220,44,1,0
BRDA:220,45,0,0
BRDA:220,45,1,0
BRDA:220,46,0,0
BRDA:220,46,1,0
BRDA:220,47,0,0
BRDA:220,47,1,0
BRDA:223,48,0,0
BRDA:223,48,1,0
BRDA:317,49,0,0
BRDA:317,49,1,0
BRDA:317,50,0,0
BRDA:317,50,1,0
BRDA:317,51,0,0
BRDA:317,51,1,0
BRDA:317,52,0,0
BRDA:317,52,1,0
BRDA:331,53,0,0
BRDA:331,53,1,0
BRDA:347,54,0,0
BRDA:347,54,1,0
BRF:104
BRH:0
end_of_record
TN:
SF:src/routes/Infrastructure/InfraEnvironments/InfraEnvironmentsPlugin.tsx
FN:7,InfraEnvironmentsPlugin
FNF:1
FNH:0
FNDA:0,InfraEnvironmentsPlugin
DA:2,0
DA:3,0
DA:4,0
DA:5,0
DA:7,0
DA:8,0
LF:6
LH:0
BRF:0
BRH:0
end_of_record
TN:
SF:src/routes/Infrastructure/InfraEnvironments/utils.ts
FN:5,(anonymous_0)
FN:8,(anonymous_1)
FN:9,(anonymous_2)
FNF:3
FNH:0
FNDA:0,(anonymous_0)
FNDA:0,(anonymous_1)
FNDA:0,(anonymous_2)
DA:2,0
DA:5,0
DA:6,0
DA:8,0
DA:9,0
DA:10,0
DA:11,0
LF:7
LH:0
BRDA:6,0,0,0
BRDA:6,0,1,0
BRDA:6,1,0,0
BRDA:6,1,1,0
BRDA:6,2,0,0
BRDA:6,2,1,0
BRDA:6,3,0,0
BRDA:6,3,1,0
BRDA:10,4,0,0
BRDA:10,5,0,0
BRDA:10,5,1,0
BRDA:10,6,0,0
BRDA:10,6,1,0
BRDA:10,7,0,0
BRDA:10,7,1,0
BRDA:10,8,0,0
BRDA:10,8,1,0
BRDA:10,9,0,0
BRDA:10,9,1,0
BRDA:10,10,0,0
BRDA:10,10,1,0
BRDA:10,11,0,0
BRDA:10,11,1,0
BRDA:11,12,0,0
BRDA:11,12,1,0
BRDA:11,13,0,0
BRDA:11,13,1,0
BRDA:11,14,0,0
BRDA:11,14,1,0
BRDA:11,15,0,0
BRDA:11,15,1,0
BRDA:11,16,0,0
BRDA:11,16,1,0
BRDA:11,17,0,0
BRDA:11,17,1,0
BRF:35
BRH:0
end_of_record
TN:
SF:src/routes/Infrastructure/InfraEnvironments/Details/DetailsTab.tsx
FN:21,(anonymous_2)
FNF:1
FNH:0
FNDA:0,(anonymous_2)
DA:2,0
DA:3,0
DA:4,0
DA:5,0
DA:6,0
DA:13,0
DA:21,0
DA:42,0
LF:8
LH:0
BRF:0
BRH:0
end_of_record
TN:
SF:src/routes/Infrastructure/InfraEnvironments/Details/HostsTab.tsx
FN:40,(anonymous_3)
FN:57,(anonymous_4)
FN:110,(anonymous_5)
FNF:3
FNH:0
FNDA:0,(anonymous_3)
FNDA:0,(anonymous_4)
FNDA:0,(anonymous_5)
DA:2,0
DA:3,0
DA:4,0
DA:5,0
DA:6,0
DA:7,0
DA:8,0
DA:9,0
DA:10,0
DA:20,0
DA:29,0
DA:40,0
DA:41,0
DA:42,0
DA:43,0
DA:44,0
DA:45,0
DA:46,0
DA:48,0
DA:49,0
DA:50,0
DA:51,0
DA:54,0
DA:55,0
DA:57,0
DA:59,0
DA:110,0
DA:124,0
LF:28
LH:0
BRDA:46,0,0,0
BRDA:46,0,1,0
BRDA:70,1,0,0
BRDA:70,1,1,0
BRDA:77,2,0,0
BRDA:77,2,1,0
BRF:6
BRH:0
end_of_record
TN:
SF:src/routes/Infrastructure/InfraEnvironments/Details/InfraEnvironmentDetailsPage.tsx
FN:44,(anonymous_3)
FN:49,(anonymous_4)
FN:65,(anonymous_5)
FN:68,(anonymous_6)
FN:70,(anonymous_7)
FN:78,(anonymous_8)
FN:80,(anonymous_9)
FN:87,(anonymous_10)
FN:96,(anonymous_11)
FN:156,(anonymous_12)
FN:192,(anonymous_13)
FNF:11
FNH:0
FNDA:0,(anonymous_3)
FNDA:0,(anonymous_4)
FNDA:0,(anonymous_5)
FNDA:0,(anonymous_6)
FNDA:0,(anonymous_7)
FNDA:0,(anonymous_8)
FNDA:0,(anonymous_9)
FNDA:0,(anonymous_10)
FNDA:0,(anonymous_11)
FNDA:0,(anonymous_12)
FNDA:0,(anonymous_13)
DA:2,0
DA:3,0
DA:11,0
DA:12,0
DA:13,0
DA:14,0
DA:15,0
DA:17,0
DA:26,0
DA:27,0
DA:28,0
DA:29,0
DA:30,0
DA:36,0
DA:37,0
DA:38,0
DA:40,0
DA:44,0
DA:45,0
DA:46,0
DA:47,0
DA:48,0
DA:49,0
DA:50,0
DA:52,0
DA:63,0
DA:65,0
DA:67,0
DA:69,0
DA:71,0
DA:77,0
DA:79,0
DA:81,0
DA:87,0
DA:88,0
DA:90,0
DA:91,0
DA:96,0
DA:105,0
DA:156,0
DA:192,0
DA:202,0
LF:42
LH:0
BRDA:71,0,0,0
BRDA:71,0,1,0
BRDA:71,1,0,0
BRDA:71,1,1,0
BRDA:71,2,0,0
BRDA:71,2,1,0
BRDA:71,3,0,0
BRDA:71,3,1,0
BRDA:71,4,0,0
BRDA:71,4,1,0
BRDA:72,5,0,0
BRDA:72,5,1,0
BRDA:72,6,0,0
BRDA:72,6,1,0
BRDA:72,7,0,0
BRDA:72,7,1,0
BRDA:72,8,0,0
BRDA:72,8,1,0
BRDA:81,9,0,0
BRDA:81,9,1,0
BRDA:81,10,0,0
BRDA:81,10,1,0
BRDA:81,11,0,0
BRDA:81,11,1,0
BRDA:81,12,0,0
BRDA:81,12,1,0
BRDA:81,13,0,0
BRDA:81,13,1,0
BRDA:82,14,0,0
BRDA:82,14,1,0
BRDA:82,15,0,0
BRDA:82,15,1,0
BRDA:82,16,0,0
BRDA:82,16,1,0
BRDA:82,17,0,0
BRDA:82,17,1,0
BRDA:82,18,0,0
BRDA:82,18,1,0
BRDA:82,19,0,0
BRDA:82,19,1,0
BRDA:84,20,0,0
BRDA:84,20,1,0
BRDA:84,21,0,0
BRDA:84,21,1,0
BRDA:84,22,0,0
BRDA:84,22,1,0
BRDA:84,23,0,0
BRDA:84,23,1,0
BRDA:84,24,0,0
BRDA:84,24,1,0
BRDA:84,25,0,0
BRDA:84,25,1,0
BRDA:84,26,0,0
BRDA:84,26,1,0
BRDA:84,27,0,0
BRDA:84,27,1,0
BRDA:90,28,0,0
BRDA:155,29,0,0
BRDA:155,29,1,0
BRDA:155,30,0,0
BRDA:155,30,1,0
BRDA:155,31,0,0
BRDA:155,31,1,0
BRDA:155,32,0,0
BRDA:155,32,1,0
BRF:65
BRH:0
end_of_record
