TN:
SF:src/components/AppContext.tsx
FN:13,AppContextContainer
FN:17,(anonymous_22)
FN:20,(anonymous_23)
FN:22,(anonymous_26)
FN:32,(anonymous_27)
FNF:5
FNH:5
FNDA:4,AppContextContainer
FNDA:2,(anonymous_22)
FNDA:4,(anonymous_23)
FNDA:4,(anonymous_26)
FNDA:1,(anonymous_27)
DA:1,11
DA:2,11
DA:3,11
DA:5,11
DA:13,15
DA:14,4
DA:15,4
DA:17,4
DA:20,2
DA:21,2
DA:22,4
DA:23,2
DA:24,1
DA:26,1
DA:29,2
DA:30,1
DA:31,1
DA:32,1
DA:34,1
DA:36,1
DA:41,4
LF:21
LH:21
BRDA:23,0,0,1
BRDA:23,0,1,1
BRDA:29,1,0,1
BRDA:29,1,1,1
BRDA:34,2,0,1
BRDA:34,2,1,1
BRF:6
BRH:6
end_of_record
TN:
SF:src/components/ClusterCommon.tsx
FN:29,StatusField
FN:59,DistributionField
FN:62,(anonymous_5)
FN:99,UpgradeModal
FN:113,(anonymous_7)
FN:149,(anonymous_8)
FN:156,(anonymous_9)
FN:167,(anonymous_10)
FN:176,(anonymous_11)
FN:188,(anonymous_12)
FN:193,(anonymous_13)
FN:203,(anonymous_14)
FNF:12
FNH:10
FNDA:0,StatusField
FNDA:7,DistributionField
FNDA:2,(anonymous_5)
FNDA:18,UpgradeModal
FNDA:0,(anonymous_7)
FNDA:2,(anonymous_8)
FNDA:48,(anonymous_9)
FNDA:62,(anonymous_10)
FNDA:2,(anonymous_11)
FNDA:1,(anonymous_12)
FNDA:1,(anonymous_13)
FNDA:2,(anonymous_14)
DA:1,2
DA:2,2
DA:3,2
DA:4,2
DA:14,2
DA:26,2
DA:27,2
DA:29,2
DA:30,0
DA:32,0
DA:34,0
DA:35,0
DA:37,0
DA:38,0
DA:42,0
DA:43,0
DA:47,0
DA:48,0
DA:53,0
DA:56,0
DA:59,2
DA:60,7
DA:61,7
DA:62,7
DA:64,7
DA:65,7
DA:66,1
DA:67,6
DA:72,1
DA:78,5
DA:79,4
DA:95,1
DA:99,2
DA:105,18
DA:106,18
DA:107,18
DA:108,18
DA:109,18
DA:114,0
DA:115,0
DA:116,0
DA:117,0
DA:150,2
DA:151,2
DA:158,48
DA:159,48
DA:160,48
DA:161,127
DA:162,31
DA:165,17
DA:167,62
DA:177,2
DA:178,2
DA:179,2
DA:180,2
DA:189,1
DA:190,1
DA:191,1
DA:194,1
DA:195,1
DA:196,1
DA:204,2
DA:205,2
DA:206,2
DA:207,2
LF:65
LH:49
BRDA:33,0,0,0
BRDA:33,0,1,0
BRDA:33,0,2,0
BRDA:33,0,3,0
BRDA:33,0,4,0
BRDA:33,0,5,0
BRDA:33,0,6,0
BRDA:33,0,7,0
BRDA:33,0,8,0
BRDA:33,0,9,0
BRDA:33,0,10,0
BRDA:33,0,11,0
BRDA:64,1,0,0
BRDA:64,1,1,7
BRDA:65,2,0,1
BRDA:65,2,1,6
BRDA:65,3,0,7
BRDA:65,3,1,2
BRDA:65,4,0,0
BRDA:65,4,1,7
BRDA:65,5,0,7
BRDA:65,5,1,7
BRDA:65,6,0,0
BRDA:65,6,1,2
BRDA:65,7,0,2
BRDA:65,7,1,2
BRDA:65,8,0,0
BRDA:65,8,1,2
BRDA:65,9,0,2
BRDA:65,9,1,2
BRDA:67,10,0,1
BRDA:67,10,1,5
BRDA:68,11,0,6
BRDA:68,11,1,6
BRDA:68,11,2,6
BRDA:68,12,0,0
BRDA:68,12,1,6
BRDA:68,13,0,6
BRDA:68,13,1,6
BRDA:69,14,0,0
BRDA:69,14,1,6
BRDA:68,15,0,6
BRDA:68,15,1,6
BRDA:70,16,0,0
BRDA:70,16,1,6
BRDA:70,17,0,6
BRDA:70,17,1,6
BRDA:70,18,0,0
BRDA:70,18,1,6
BRDA:70,19,0,6
BRDA:70,19,1,6
BRDA:75,20,0,0
BRDA:75,20,1,1
BRDA:75,21,0,1
BRDA:75,21,1,1
BRDA:78,22,0,4
BRDA:78,22,1,1
BRDA:78,23,0,5
BRDA:78,23,1,5
BRDA:78,24,0,0
BRDA:78,24,1,5
BRDA:78,25,0,5
BRDA:78,25,1,5
BRDA:78,26,0,0
BRDA:78,26,1,5
BRDA:78,27,0,5
BRDA:78,27,1,5
BRDA:78,28,0,0
BRDA:78,28,1,5
BRDA:78,29,0,5
BRDA:78,29,1,5
BRDA:81,30,0,0
BRDA:81,30,1,4
BRDA:80,31,0,4
BRDA:80,31,1,4
BRDA:95,32,0,1
BRDA:95,32,1,0
BRDA:95,33,0,1
BRDA:95,33,1,1
BRDA:121,34,0,18
BRDA:121,34,1,2
BRDA:129,35,0,18
BRDA:129,35,1,16
BRDA:131,36,0,16
BRDA:131,36,1,1
BRDA:142,37,0,16
BRDA:142,37,1,0
BRDA:142,38,0,0
BRDA:142,38,1,16
BRDA:142,39,0,16
BRDA:142,39,1,16
BRDA:142,40,0,0
BRDA:142,40,1,16
BRDA:142,41,0,16
BRDA:142,41,1,16
BRDA:142,42,0,0
BRDA:142,42,1,0
BRDA:142,43,0,0
BRDA:142,43,1,0
BRDA:155,44,0,0
BRDA:155,44,1,16
BRDA:153,45,0,16
BRDA:153,45,1,16
BRDA:155,46,0,0
BRDA:155,46,1,16
BRDA:153,47,0,16
BRDA:153,47,1,16
BRDA:161,48,0,31
BRDA:161,48,1,96
BRF:109
BRH:74
end_of_record
TN:
SF:src/components/ConfirmModal.tsx
FN:18,(anonymous_2)
FN:21,(anonymous_3)
FN:26,ConfirmModal
FN:33,(anonymous_5)
FN:38,(anonymous_6)
FN:42,(anonymous_7)
FNF:6
FNH:2
FNDA:0,(anonymous_2)
FNDA:0,(anonymous_3)
FNDA:13,ConfirmModal
FNDA:0,(anonymous_5)
FNDA:2,(anonymous_6)
FNDA:0,(anonymous_7)
DA:1,2
DA:2,2
DA:3,2
DA:16,2
DA:26,2
DA:27,13
DA:28,13
DA:33,0
DA:38,2
DA:42,0
LF:10
LH:8
BRDA:37,0,0,0
BRDA:37,0,1,13
BRDA:40,1,0,0
BRDA:40,1,1,13
BRDA:38,2,0,13
BRDA:38,2,1,13
BRF:6
BRH:4
end_of_record
TN:
SF:src/components/ErrorPage.tsx
FN:13,getErrorInfo
FN:97,ErrorState
FN:110,ErrorPage
FNF:3
FNH:3
FNDA:2,getErrorInfo
FNDA:1,ErrorState
FNDA:1,ErrorPage
DA:1,12
DA:11,12
DA:13,12
DA:14,2
DA:15,2
DA:16,2
DA:88,0
DA:89,0
DA:90,0
DA:91,0
DA:94,2
DA:97,12
DA:98,1
DA:99,1
DA:110,12
DA:111,1
LF:16
LH:12
BRDA:16,0,0,2
BRDA:16,0,1,0
BRDA:88,1,0,0
BRDA:88,1,1,0
BRDA:90,2,0,0
BRDA:90,2,1,0
BRDA:105,3,0,1
BRDA:105,3,1,1
BRF:8
BRH:3
end_of_record
TN:
SF:src/lib/delete-cluster.ts
FN:6,deleteCluster
FN:31,deleteClusters
FN:35,(anonymous_2)
FN:37,(anonymous_3)
FN:38,(anonymous_4)
FN:38,(anonymous_5)
FNF:6
FNH:0
FNDA:0,deleteCluster
FNDA:0,deleteClusters
FNDA:0,(anonymous_2)
FNDA:0,(anonymous_3)
FNDA:0,(anonymous_4)
FNDA:0,(anonymous_5)
DA:1,1
DA:2,1
DA:3,1
DA:6,1
DA:7,0
DA:8,0
DA:22,0
DA:31,1
DA:35,0
DA:36,0
DA:37,0
DA:38,0
LF:12
LH:5
BRDA:7,0,0,0
BRDA:7,0,1,0
BRF:2
BRH:0
end_of_record
TN:
SF:src/lib/delete-resources.ts
FN:4,deleteResources
FN:5,(anonymous_1)
FN:7,(anonymous_2)
FN:8,(anonymous_3)
FN:8,(anonymous_4)
FNF:5
FNH:3
FNDA:2,deleteResources
FNDA:2,(anonymous_1)
FNDA:2,(anonymous_2)
FNDA:0,(anonymous_3)
FNDA:0,(anonymous_4)
DA:2,2
DA:4,2
DA:5,2
DA:6,2
DA:7,2
DA:8,0
LF:6
LH:5
BRF:0
BRH:0
end_of_record
TN:
SF:src/lib/get-addons.ts
FN:12,(anonymous_0)
FN:25,getAllAddons
FN:30,(anonymous_2)
FN:31,(anonymous_3)
FN:31,(anonymous_4)
FN:35,mapAddons
FN:39,(anonymous_6)
FN:48,getDisplayStatus
FN:49,(anonymous_8)
FN:54,(anonymous_9)
FN:60,(anonymous_10)
FN:66,(anonymous_11)
FN:82,getDisplayMessage
FN:83,(anonymous_13)
FN:88,(anonymous_14)
FN:94,(anonymous_15)
FN:100,(anonymous_16)
FN:116,getLaunchLink
FN:119,(anonymous_18)
FNF:19
FNH:1
FNDA:1,(anonymous_0)
FNDA:0,getAllAddons
FNDA:0,(anonymous_2)
FNDA:0,(anonymous_3)
FNDA:0,(anonymous_4)
FNDA:0,mapAddons
FNDA:0,(anonymous_6)
FNDA:0,getDisplayStatus
FNDA:0,(anonymous_8)
FNDA:0,(anonymous_9)
FNDA:0,(anonymous_10)
FNDA:0,(anonymous_11)
FNDA:0,getDisplayMessage
FNDA:0,(anonymous_13)
FNDA:0,(anonymous_14)
FNDA:0,(anonymous_15)
FNDA:0,(anonymous_16)
FNDA:0,getLaunchLink
FNDA:0,(anonymous_18)
DA:1,1
DA:2,1
DA:12,1
DA:13,1
DA:14,1
DA:15,1
DA:16,1
DA:17,1
DA:25,1
DA:28,0
DA:29,0
DA:30,0
DA:31,0
DA:35,1
DA:37,0
DA:39,0
DA:45,0
DA:49,0
DA:50,0
DA:51,0
DA:53,0
DA:54,0
DA:56,0
DA:57,0
DA:59,0
DA:60,0
DA:62,0
DA:63,0
DA:65,0
DA:66,0
DA:68,0
DA:69,0
DA:71,0
DA:76,0
DA:79,0
DA:83,0
DA:84,0
DA:85,0
DA:87,0
DA:88,0
DA:90,0
DA:91,0
DA:93,0
DA:94,0
DA:96,0
DA:97,0
DA:99,0
DA:100,0
DA:102,0
DA:103,0
DA:105,0
DA:110,0
DA:113,0
DA:117,0
DA:118,0
DA:119,0
DA:120,0
DA:121,0
DA:122,0
DA:123,0
DA:124,0
DA:125,0
DA:126,0
DA:131,0
DA:134,0
DA:135,0
DA:140,0
LF:67
LH:10
BRDA:12,0,0,1
BRDA:12,0,1,1
BRDA:37,1,0,0
BRDA:37,1,1,0
BRDA:49,2,0,0
BRDA:49,2,1,0
BRDA:49,3,0,0
BRDA:49,3,1,0
BRDA:50,4,0,0
BRDA:50,4,1,0
BRDA:50,5,0,0
BRDA:50,5,1,0
BRDA:50,6,0,0
BRDA:50,6,1,0
BRDA:50,7,0,0
BRDA:50,7,1,0
BRDA:50,8,0,0
BRDA:50,8,1,0
BRDA:53,9,0,0
BRDA:53,9,1,0
BRDA:53,10,0,0
BRDA:53,10,1,0
BRDA:56,11,0,0
BRDA:56,11,1,0
BRDA:56,12,0,0
BRDA:56,12,1,0
BRDA:56,13,0,0
BRDA:56,13,1,0
BRDA:59,14,0,0
BRDA:59,14,1,0
BRDA:59,15,0,0
BRDA:59,15,1,0
BRDA:62,16,0,0
BRDA:62,16,1,0
BRDA:62,17,0,0
BRDA:62,17,1,0
BRDA:62,18,0,0
BRDA:62,18,1,0
BRDA:65,19,0,0
BRDA:65,19,1,0
BRDA:65,20,0,0
BRDA:65,20,1,0
BRDA:68,21,0,0
BRDA:68,21,1,0
BRDA:68,22,0,0
BRDA:68,22,1,0
BRDA:68,23,0,0
BRDA:68,23,1,0
BRDA:71,24,0,0
BRDA:71,24,1,0
BRDA:72,25,0,0
BRDA:72,25,1,0
BRDA:72,25,2,0
BRDA:72,26,0,0
BRDA:72,26,1,0
BRDA:72,27,0,0
BRDA:72,27,1,0
BRDA:73,28,0,0
BRDA:73,28,1,0
BRDA:73,29,0,0
BRDA:73,29,1,0
BRDA:74,30,0,0
BRDA:74,30,1,0
BRDA:74,31,0,0
BRDA:74,31,1,0
BRDA:83,32,0,0
BRDA:83,32,1,0
BRDA:83,33,0,0
BRDA:83,33,1,0
BRDA:84,34,0,0
BRDA:84,34,1,0
BRDA:84,35,0,0
BRDA:84,35,1,0
BRDA:84,36,0,0
BRDA:84,36,1,0
BRDA:84,37,0,0
BRDA:84,37,1,0
BRDA:84,38,0,0
BRDA:84,38,1,0
BRDA:87,39,0,0
BRDA:87,39,1,0
BRDA:87,40,0,0
BRDA:87,40,1,0
BRDA:90,41,0,0
BRDA:90,41,1,0
BRDA:90,42,0,0
BRDA:90,42,1,0
BRDA:90,43,0,0
BRDA:90,43,1,0
BRDA:93,44,0,0
BRDA:93,44,1,0
BRDA:93,45,0,0
BRDA:93,45,1,0
BRDA:96,46,0,0
BRDA:96,46,1,0
BRDA:96,47,0,0
BRDA:96,47,1,0
BRDA:96,48,0,0
BRDA:96,48,1,0
BRDA:99,49,0,0
BRDA:99,49,1,0
BRDA:99,50,0,0
BRDA:99,50,1,0
BRDA:102,51,0,0
BRDA:102,51,1,0
BRDA:102,52,0,0
BRDA:102,52,1,0
BRDA:102,53,0,0
BRDA:102,53,1,0
BRDA:105,54,0,0
BRDA:105,54,1,0
BRDA:106,55,0,0
BRDA:106,55,1,0
BRDA:106,55,2,0
BRDA:106,56,0,0
BRDA:106,56,1,0
BRDA:106,57,0,0
BRDA:106,57,1,0
BRDA:107,58,0,0
BRDA:107,58,1,0
BRDA:107,59,0,0
BRDA:107,59,1,0
BRDA:108,60,0,0
BRDA:108,60,1,0
BRDA:108,61,0,0
BRDA:108,61,1,0
BRDA:120,62,0,0
BRDA:120,62,1,0
BRDA:120,63,0,0
BRDA:120,63,1,0
BRDA:121,64,0,0
BRDA:121,64,1,0
BRDA:122,65,0,0
BRDA:122,65,1,0
BRDA:123,66,0,0
BRDA:123,66,1,0
BRDA:123,67,0,0
BRDA:123,67,1,0
BRDA:124,68,0,0
BRDA:124,68,1,0
BRDA:125,69,0,0
BRDA:125,69,1,0
BRDA:127,70,0,0
BRDA:127,70,1,0
BRDA:127,71,0,0
BRDA:127,71,1,0
BRDA:127,72,0,0
BRDA:127,72,1,0
BRDA:127,73,0,0
BRDA:127,73,1,0
BRDA:127,74,0,0
BRDA:127,74,1,0
BRDA:127,75,0,0
BRDA:127,75,1,0
BRDA:127,76,0,0
BRDA:127,76,1,0
BRDA:127,77,0,0
BRDA:127,77,1,0
BRDA:128,78,0,0
BRDA:128,78,1,0
BRDA:128,79,0,0
BRDA:128,79,1,0
BRDA:128,80,0,0
BRDA:128,80,1,0
BRDA:128,81,0,0
BRDA:128,81,1,0
BRDA:128,82,0,0
BRDA:128,82,1,0
BRDA:128,83,0,0
BRDA:128,83,1,0
BRDA:128,84,0,0
BRDA:128,84,1,0
BRDA:128,85,0,0
BRDA:128,85,1,0
BRDA:134,86,0,0
BRDA:134,86,1,0
BRDA:136,87,0,0
BRDA:136,87,1,0
BRDA:136,88,0,0
BRDA:136,88,1,0
BRDA:136,89,0,0
BRDA:136,89,1,0
BRDA:136,90,0,0
BRDA:136,90,1,0
BRDA:136,91,0,0
BRDA:136,91,1,0
BRDA:136,92,0,0
BRDA:136,92,1,0
BRDA:136,93,0,0
BRDA:136,93,1,0
BRDA:136,94,0,0
BRDA:136,94,1,0
BRDA:137,95,0,0
BRDA:137,95,1,0
BRDA:137,96,0,0
BRDA:137,96,1,0
BRDA:137,97,0,0
BRDA:137,97,1,0
BRDA:137,98,0,0
BRDA:137,98,1,0
BRDA:137,99,0,0
BRDA:137,99,1,0
BRDA:137,100,0,0
BRDA:137,100,1,0
BRDA:137,101,0,0
BRDA:137,101,1,0
BRDA:137,102,0,0
BRDA:137,102,1,0
BRF:208
BRH:2
end_of_record
TN:
SF:src/lib/get-cluster.ts
FN:19,(anonymous_1)
FN:65,getSingleCluster
FN:79,(anonymous_3)
FN:80,(anonymous_4)
FN:80,(anonymous_5)
FN:84,getAllClusters
FN:89,(anonymous_7)
FN:90,(anonymous_8)
FN:90,(anonymous_9)
FN:94,mapClusters
FN:102,(anonymous_11)
FN:103,(anonymous_12)
FN:104,(anonymous_13)
FN:107,(anonymous_14)
FN:108,(anonymous_15)
FN:109,(anonymous_16)
FN:110,(anonymous_17)
FN:115,getCluster
FN:136,getDistributionInfo
FN:146,(anonymous_20)
FN:149,(anonymous_21)
FN:168,getKubeApiServer
FN:175,getConsoleUrl
FN:181,(anonymous_24)
FN:187,getNodes
FN:194,(anonymous_26)
FN:195,(anonymous_27)
FN:201,getHiveSecrets
FN:210,getClusterStatus
FN:216,(anonymous_30)
FN:217,(anonymous_31)
FN:242,(anonymous_32)
FN:284,(anonymous_33)
FNF:33
FNH:1
FNDA:3,(anonymous_1)
FNDA:0,getSingleCluster
FNDA:0,(anonymous_3)
FNDA:0,(anonymous_4)
FNDA:0,(anonymous_5)
FNDA:0,getAllClusters
FNDA:0,(anonymous_7)
FNDA:0,(anonymous_8)
FNDA:0,(anonymous_9)
FNDA:0,mapClusters
FNDA:0,(anonymous_11)
FNDA:0,(anonymous_12)
FNDA:0,(anonymous_13)
FNDA:0,(anonymous_14)
FNDA:0,(anonymous_15)
FNDA:0,(anonymous_16)
FNDA:0,(anonymous_17)
FNDA:0,getCluster
FNDA:0,getDistributionInfo
FNDA:0,(anonymous_20)
FNDA:0,(anonymous_21)
FNDA:0,getKubeApiServer
FNDA:0,getConsoleUrl
FNDA:0,(anonymous_24)
FNDA:0,getNodes
FNDA:0,(anonymous_26)
FNDA:0,(anonymous_27)
FNDA:0,getHiveSecrets
FNDA:0,getClusterStatus
FNDA:0,(anonymous_30)
FNDA:0,(anonymous_31)
FNDA:0,(anonymous_32)
FNDA:0,(anonymous_33)
DA:2,3
DA:3,3
DA:10,3
DA:11,3
DA:17,3
DA:19,3
DA:20,3
DA:21,3
DA:22,3
DA:23,3
DA:24,3
DA:25,3
DA:26,3
DA:27,3
DA:28,3
DA:29,3
DA:30,3
DA:65,3
DA:71,0
DA:78,0
DA:79,0
DA:80,0
DA:84,3
DA:87,0
DA:88,0
DA:89,0
DA:90,0
DA:94,3
DA:95,0
DA:96,0
DA:97,0
DA:98,0
DA:100,0
DA:102,0
DA:103,0
DA:104,0
DA:107,0
DA:108,0
DA:109,0
DA:110,0
DA:111,0
DA:115,3
DA:121,0
DA:136,3
DA:144,0
DA:145,0
DA:146,0
DA:148,0
DA:149,0
DA:150,0
DA:153,0
DA:154,0
DA:155,0
DA:156,0
DA:157,0
DA:161,0
DA:162,0
DA:165,0
DA:168,3
DA:172,0
DA:175,3
DA:180,0
DA:181,0
DA:183,0
DA:184,0
DA:187,3
DA:188,0
DA:190,0
DA:191,0
DA:192,0
DA:194,0
DA:195,0
DA:196,0
DA:198,0
DA:201,3
DA:202,0
DA:203,0
DA:210,3
DA:216,0
DA:217,0
DA:220,0
DA:221,0
DA:222,0
DA:223,0
DA:224,0
DA:225,0
DA:228,0
DA:229,0
DA:232,0
DA:233,0
DA:236,0
DA:237,0
DA:240,0
DA:241,0
DA:242,0
DA:243,0
DA:244,0
DA:245,0
DA:247,0
DA:250,0
DA:256,0
DA:257,0
DA:260,0
DA:263,0
DA:264,0
DA:265,0
DA:266,0
DA:267,0
DA:270,0
DA:271,0
DA:274,0
DA:275,0
DA:278,0
DA:279,0
DA:282,0
DA:283,0
DA:285,0
DA:287,0
DA:288,0
DA:292,0
DA:298,0
DA:299,0
DA:301,0
LF:123
LH:27
BRDA:19,0,0,3
BRDA:19,0,1,3
BRDA:95,1,0,0
BRDA:95,1,1,0
BRDA:96,2,0,0
BRDA:96,2,1,0
BRDA:97,3,0,0
BRDA:97,3,1,0
BRDA:98,4,0,0
BRDA:98,4,1,0
BRDA:108,5,0,0
BRDA:108,5,1,0
BRDA:108,6,0,0
BRDA:108,6,1,0
BRDA:108,7,0,0
BRDA:108,7,1,0
BRDA:108,8,0,0
BRDA:108,8,1,0
BRDA:109,9,0,0
BRDA:109,9,1,0
BRDA:109,10,0,0
BRDA:109,10,1,0
BRDA:109,11,0,0
BRDA:109,11,1,0
BRDA:109,12,0,0
BRDA:109,12,1,0
BRDA:110,13,0,0
BRDA:110,13,1,0
BRDA:110,14,0,0
BRDA:110,14,1,0
BRDA:110,15,0,0
BRDA:110,15,1,0
BRDA:110,16,0,0
BRDA:110,16,1,0
BRDA:122,17,0,0
BRDA:122,17,1,0
BRDA:122,18,0,0
BRDA:122,18,1,0
BRDA:122,19,0,0
BRDA:122,19,1,0
BRDA:122,20,0,0
BRDA:122,20,1,0
BRDA:122,21,0,0
BRDA:122,21,1,0
BRDA:122,22,0,0
BRDA:122,22,1,0
BRDA:122,23,0,0
BRDA:122,23,1,0
BRDA:122,24,0,0
BRDA:122,24,1,0
BRDA:122,25,0,0
BRDA:122,25,1,0
BRDA:122,26,0,0
BRDA:122,26,1,0
BRDA:123,27,0,0
BRDA:123,27,1,0
BRDA:123,28,0,0
BRDA:123,28,1,0
BRDA:123,29,0,0
BRDA:123,29,1,0
BRDA:123,30,0,0
BRDA:123,30,1,0
BRDA:123,31,0,0
BRDA:123,31,1,0
BRDA:123,32,0,0
BRDA:123,32,1,0
BRDA:126,33,0,0
BRDA:126,33,1,0
BRDA:126,34,0,0
BRDA:126,34,1,0
BRDA:126,35,0,0
BRDA:126,35,1,0
BRDA:126,36,0,0
BRDA:126,36,1,0
BRDA:126,37,0,0
BRDA:126,37,1,0
BRDA:126,38,0,0
BRDA:126,38,1,0
BRDA:132,39,0,0
BRDA:132,39,1,0
BRDA:144,40,0,0
BRDA:144,40,1,0
BRDA:145,41,0,0
BRDA:145,41,1,0
BRDA:145,42,0,0
BRDA:145,42,1,0
BRDA:145,43,0,0
BRDA:145,43,1,0
BRDA:145,44,0,0
BRDA:145,44,1,0
BRDA:148,45,0,0
BRDA:148,45,1,0
BRDA:149,46,0,0
BRDA:149,46,1,0
BRDA:149,47,0,0
BRDA:149,47,1,0
BRDA:149,48,0,0
BRDA:149,48,1,0
BRDA:149,49,0,0
BRDA:149,49,1,0
BRDA:150,50,0,0
BRDA:150,50,1,0
BRDA:153,51,0,0
BRDA:153,51,1,0
BRDA:154,52,0,0
BRDA:154,52,1,0
BRDA:154,53,0,0
BRDA:154,53,1,0
BRDA:155,54,0,0
BRDA:155,54,1,0
BRDA:155,55,0,0
BRDA:155,55,1,0
BRDA:155,56,0,0
BRDA:155,56,1,0
BRDA:155,57,0,0
BRDA:155,57,1,0
BRDA:156,58,0,0
BRDA:156,58,1,0
BRDA:157,59,0,0
BRDA:157,59,1,0
BRDA:157,60,0,0
BRDA:157,60,1,0
BRDA:157,61,0,0
BRDA:157,61,1,0
BRDA:161,62,0,0
BRDA:161,62,1,0
BRDA:161,63,0,0
BRDA:161,63,1,0
BRDA:161,63,2,0
BRDA:172,64,0,0
BRDA:172,64,1,0
BRDA:172,65,0,0
BRDA:172,65,1,0
BRDA:172,66,0,0
BRDA:172,66,1,0
BRDA:172,67,0,0
BRDA:172,67,1,0
BRDA:172,68,0,0
BRDA:172,68,1,0
BRDA:172,69,0,0
BRDA:172,69,1,0
BRDA:172,70,0,0
BRDA:172,70,1,0
BRDA:172,71,0,0
BRDA:172,71,1,0
BRDA:172,72,0,0
BRDA:172,72,1,0
BRDA:172,73,0,0
BRDA:172,73,1,0
BRDA:180,74,0,0
BRDA:180,74,1,0
BRDA:180,75,0,0
BRDA:180,75,1,0
BRDA:180,76,0,0
BRDA:180,76,1,0
BRDA:180,77,0,0
BRDA:180,77,1,0
BRDA:180,78,0,0
BRDA:180,78,1,0
BRDA:180,79,0,0
BRDA:180,79,1,0
BRDA:183,80,0,0
BRDA:183,80,1,0
BRDA:184,81,0,0
BRDA:184,81,1,0
BRDA:184,82,0,0
BRDA:184,82,1,0
BRDA:184,83,0,0
BRDA:184,83,1,0
BRDA:184,84,0,0
BRDA:184,84,1,0
BRDA:184,85,0,0
BRDA:184,85,1,0
BRDA:184,86,0,0
BRDA:184,86,1,0
BRDA:184,87,0,0
BRDA:184,87,1,0
BRDA:184,88,0,0
BRDA:184,88,1,0
BRDA:184,89,0,0
BRDA:184,89,1,0
BRDA:184,90,0,0
BRDA:184,90,1,0
BRDA:188,91,0,0
BRDA:188,91,1,0
BRDA:190,92,0,0
BRDA:190,92,1,0
BRDA:190,93,0,0
BRDA:190,93,1,0
BRDA:190,94,0,0
BRDA:190,94,1,0
BRDA:190,95,0,0
BRDA:190,95,1,0
BRDA:195,96,0,0
BRDA:195,96,1,0
BRDA:195,97,0,0
BRDA:195,97,1,0
BRDA:196,98,0,0
BRDA:196,98,1,0
BRDA:196,99,0,0
BRDA:196,99,1,0
BRDA:196,100,0,0
BRDA:196,100,1,0
BRDA:202,101,0,0
BRDA:202,101,1,0
BRDA:204,102,0,0
BRDA:204,102,1,0
BRDA:204,103,0,0
BRDA:204,103,1,0
BRDA:204,104,0,0
BRDA:204,104,1,0
BRDA:204,105,0,0
BRDA:204,105,1,0
BRDA:205,106,0,0
BRDA:205,106,1,0
BRDA:205,107,0,0
BRDA:205,107,1,0
BRDA:205,108,0,0
BRDA:205,108,1,0
BRDA:205,109,0,0
BRDA:205,109,1,0
BRDA:206,110,0,0
BRDA:206,110,1,0
BRDA:206,111,0,0
BRDA:206,111,1,0
BRDA:217,112,0,0
BRDA:217,112,1,0
BRDA:217,113,0,0
BRDA:217,113,1,0
BRDA:221,114,0,0
BRDA:221,114,1,0
BRDA:222,115,0,0
BRDA:222,115,1,0
BRDA:222,116,0,0
BRDA:222,116,1,0
BRDA:222,117,0,0
BRDA:222,117,1,0
BRDA:222,118,0,0
BRDA:222,118,1,0
BRDA:222,119,0,0
BRDA:222,119,1,0
BRDA:222,120,0,0
BRDA:222,120,1,0
BRDA:228,121,0,0
BRDA:228,121,1,0
BRDA:232,122,0,0
BRDA:232,122,1,0
BRDA:232,123,0,0
BRDA:232,123,1,0
BRDA:236,124,0,0
BRDA:236,124,1,0
BRDA:236,125,0,0
BRDA:236,125,1,0
BRDA:236,126,0,0
BRDA:236,126,1,0
BRDA:240,127,0,0
BRDA:240,127,1,0
BRDA:240,128,0,0
BRDA:240,128,1,0
BRDA:240,129,0,0
BRDA:240,129,1,0
BRDA:241,130,0,0
BRDA:241,130,1,0
BRDA:243,131,0,0
BRDA:243,131,1,0
BRDA:243,132,0,0
BRDA:243,132,1,0
BRDA:243,133,0,0
BRDA:243,133,1,0
BRDA:243,134,0,0
BRDA:243,134,1,0
BRDA:243,135,0,0
BRDA:243,135,1,0
BRDA:243,136,0,0
BRDA:243,136,1,0
BRDA:244,137,0,0
BRDA:244,137,1,0
BRDA:244,138,0,0
BRDA:244,138,1,0
BRDA:244,139,0,0
BRDA:244,139,1,0
BRDA:244,140,0,0
BRDA:244,140,1,0
BRDA:244,141,0,0
BRDA:244,141,1,0
BRDA:256,142,0,0
BRDA:256,142,1,0
BRDA:256,143,0,0
BRDA:256,143,1,0
BRDA:260,144,0,0
BRDA:260,144,1,0
BRDA:260,145,0,0
BRDA:260,145,1,0
BRDA:264,146,0,0
BRDA:264,146,1,0
BRDA:264,147,0,0
BRDA:264,147,1,0
BRDA:264,148,0,0
BRDA:264,148,1,0
BRDA:264,149,0,0
BRDA:264,149,1,0
BRDA:270,150,0,0
BRDA:270,150,1,0
BRDA:274,151,0,0
BRDA:274,151,1,0
BRDA:278,152,0,0
BRDA:278,152,1,0
BRDA:282,153,0,0
BRDA:282,153,1,0
BRDA:282,154,0,0
BRDA:282,154,1,0
BRDA:286,155,0,0
BRDA:286,155,1,0
BRDA:283,156,0,0
BRDA:283,156,1,0
BRDA:284,157,0,0
BRDA:284,157,1,0
BRDA:284,158,0,0
BRDA:284,158,1,0
BRDA:285,159,0,0
BRDA:285,159,1,0
BRDA:285,160,0,0
BRDA:285,160,1,0
BRDA:289,161,0,0
BRDA:289,161,1,0
BRDA:289,162,0,0
BRDA:289,162,1,0
BRDA:289,163,0,0
BRDA:289,163,1,0
BRDA:289,164,0,0
BRDA:289,164,1,0
BRDA:289,165,0,0
BRDA:289,165,1,0
BRDA:289,166,0,0
BRDA:289,166,1,0
BRDA:292,167,0,0
BRDA:292,167,1,0
BRDA:298,168,0,0
BRDA:298,168,1,0
BRDA:298,169,0,0
BRDA:298,169,1,0
BRDA:298,169,2,0
BRDA:298,169,3,0
BRF:343
BRH:2
end_of_record
TN:
SF:src/lib/providers.ts
FN:1,(anonymous_0)
FN:25,getProvider
FN:26,(anonymous_2)
FN:31,getProviderByKey
FN:32,(anonymous_4)
FN:37,(anonymous_5)
FNF:6
FNH:4
FNDA:8,(anonymous_0)
FNDA:0,getProvider
FNDA:0,(anonymous_2)
FNDA:12,getProviderByKey
FNDA:42,(anonymous_4)
FNDA:8,(anonymous_5)
DA:1,8
DA:2,8
DA:3,8
DA:4,8
DA:5,8
DA:6,8
DA:7,8
DA:8,8
DA:16,8
DA:25,8
DA:26,0
DA:27,0
DA:28,0
DA:31,8
DA:32,42
DA:33,12
DA:34,0
DA:37,8
DA:38,8
DA:39,8
DA:40,8
DA:41,8
DA:42,8
LF:23
LH:19
BRDA:1,0,0,8
BRDA:1,0,1,8
BRDA:27,1,0,0
BRDA:27,1,1,0
BRDA:33,2,0,12
BRDA:33,2,1,0
BRDA:37,3,0,8
BRDA:37,3,1,8
BRF:8
BRH:5
end_of_record
TN:
SF:src/lib/resource-request.ts
FN:24,resultsSettled
FN:26,(anonymous_10)
FN:27,(anonymous_11)
FN:27,(anonymous_12)
FN:31,(anonymous_13)
FN:49,(anonymous_14)
FN:51,(anonymous_15)
FN:52,ResourceError
FN:58,createResource
FN:66,replaceResource
FN:74,patchResource
FN:89,deleteResource
FN:99,getResource
FN:109,listResources
FN:120,(anonymous_23)
FN:125,(anonymous_24)
FN:130,(anonymous_25)
FN:132,(anonymous_26)
FN:147,listClusterResources
FN:156,(anonymous_28)
FN:161,listNamespacedResources
FN:174,(anonymous_30)
FN:179,getRequest
FN:184,(anonymous_32)
FN:190,postRequest
FN:196,(anonymous_34)
FN:201,putRequest
FN:207,(anonymous_36)
FN:212,patchRequest
FN:222,(anonymous_38)
FN:230,deleteRequest
FN:232,(anonymous_40)
FN:237,axiosRequest
FN:244,(anonymous_42)
FN:273,(anonymous_43)
FN:308,axiosRetry
FN:314,(anonymous_45)
FN:315,retryRequest
FN:317,(anonymous_47)
FN:320,(anonymous_48)
FN:322,(anonymous_49)
FNF:41
FNH:30
FNDA:0,resultsSettled
FNDA:0,(anonymous_10)
FNDA:0,(anonymous_11)
FNDA:0,(anonymous_12)
FNDA:15,(anonymous_13)
FNDA:480,(anonymous_14)
FNDA:15,(anonymous_15)
FNDA:32,ResourceError
FNDA:19,createResource
FNDA:1,replaceResource
FNDA:2,patchResource
FNDA:2,deleteResource
FNDA:13,getResource
FNDA:7,listResources
FNDA:0,(anonymous_23)
FNDA:0,(anonymous_24)
FNDA:6,(anonymous_25)
FNDA:6,(anonymous_26)
FNDA:14,listClusterResources
FNDA:12,(anonymous_28)
FNDA:0,listNamespacedResources
FNDA:0,(anonymous_30)
FNDA:34,getRequest
FNDA:34,(anonymous_32)
FNDA:19,postRequest
FNDA:19,(anonymous_34)
FNDA:1,putRequest
FNDA:0,(anonymous_36)
FNDA:2,patchRequest
FNDA:2,(anonymous_38)
FNDA:2,deleteRequest
FNDA:2,(anonymous_40)
FNDA:58,axiosRequest
FNDA:57,(anonymous_42)
FNDA:16,(anonymous_43)
FNDA:58,axiosRetry
FNDA:58,(anonymous_45)
FNDA:58,retryRequest
FNDA:57,(anonymous_47)
FNDA:0,(anonymous_48)
FNDA:0,(anonymous_49)
DA:1,15
DA:2,15
DA:9,15
DA:11,15
DA:24,15
DA:25,0
DA:26,0
DA:27,0
DA:31,15
DA:32,15
DA:33,15
DA:34,15
DA:35,15
DA:36,15
DA:37,15
DA:38,15
DA:39,15
DA:40,15
DA:41,15
DA:42,15
DA:43,15
DA:44,15
DA:45,15
DA:46,15
DA:47,15
DA:49,480
DA:51,15
DA:52,32
DA:53,32
DA:54,32
DA:56,15
DA:58,15
DA:62,19
DA:63,19
DA:66,15
DA:70,1
DA:71,1
DA:74,15
DA:79,2
DA:80,2
DA:81,2
DA:82,2
DA:84,0
DA:86,2
DA:89,15
DA:93,2
DA:94,0
DA:95,2
DA:96,2
DA:99,15
DA:103,13
DA:104,0
DA:105,13
DA:106,13
DA:109,15
DA:115,7
DA:116,7
DA:117,0
DA:118,0
DA:119,0
DA:120,0
DA:123,7
DA:124,0
DA:125,0
DA:128,7
DA:129,7
DA:131,6
DA:132,6
DA:140,0
DA:147,15
DA:152,14
DA:153,14
DA:154,14
DA:155,14
DA:156,12
DA:161,15
DA:170,0
DA:171,0
DA:172,0
DA:173,0
DA:174,0
DA:183,34
DA:184,34
DA:190,15
DA:195,19
DA:196,19
DA:206,1
DA:207,0
DA:218,2
DA:222,2
DA:231,2
DA:232,2
DA:238,58
DA:239,58
DA:245,57
DA:246,16
DA:247,16
DA:249,0
DA:251,16
DA:253,0
DA:254,0
DA:255,16
DA:256,16
DA:258,0
DA:261,41
DA:262,0
DA:264,0
DA:265,0
DA:266,0
DA:268,0
DA:271,41
DA:274,16
DA:275,0
DA:276,16
DA:277,16
DA:278,0
DA:280,0
DA:282,0
DA:284,0
DA:289,16
DA:290,16
DA:291,16
DA:293,0
DA:298,0
DA:299,0
DA:302,0
DA:311,58
DA:312,58
DA:313,58
DA:314,58
DA:316,58
DA:318,57
DA:321,0
DA:322,0
DA:323,0
DA:325,0
DA:328,0
DA:332,58
LF:138
LH:96
BRDA:31,0,0,15
BRDA:31,0,1,15
BRDA:53,1,0,32
BRDA:53,1,1,0
BRDA:81,2,0,2
BRDA:81,2,1,0
BRDA:93,3,0,0
BRDA:93,3,1,2
BRDA:103,4,0,0
BRDA:103,4,1,13
BRDA:116,5,0,0
BRDA:116,5,1,7
BRDA:118,6,0,0
BRDA:118,6,1,0
BRDA:123,7,0,0
BRDA:123,7,1,7
BRDA:131,8,0,6
BRDA:131,8,1,0
BRDA:153,9,0,0
BRDA:153,9,1,14
BRDA:171,10,0,0
BRDA:171,10,1,0
BRDA:245,11,0,16
BRDA:245,11,1,41
BRDA:245,12,0,0
BRDA:245,12,1,57
BRDA:245,13,0,57
BRDA:245,13,1,57
BRDA:247,14,0,0
BRDA:247,14,1,16
BRDA:251,15,0,0
BRDA:251,15,1,16
BRDA:255,16,0,16
BRDA:255,16,1,0
BRDA:261,17,0,0
BRDA:261,17,1,41
BRDA:262,18,0,0
BRDA:262,18,1,0
BRDA:265,19,0,0
BRDA:265,19,1,0
BRDA:274,20,0,0
BRDA:274,20,1,16
BRDA:276,21,0,16
BRDA:276,21,1,0
BRDA:277,22,0,0
BRDA:277,22,1,16
BRDA:277,23,0,0
BRDA:277,23,1,16
BRDA:277,24,0,16
BRDA:277,24,1,16
BRDA:279,25,0,0
BRDA:279,25,1,0
BRDA:279,25,2,0
BRDA:278,26,0,0
BRDA:278,26,1,0
BRDA:278,27,0,0
BRDA:278,27,1,0
BRDA:285,28,0,0
BRDA:285,28,1,0
BRDA:285,29,0,0
BRDA:285,29,1,0
BRDA:289,30,0,16
BRDA:289,30,1,0
BRDA:289,31,0,0
BRDA:289,31,1,16
BRDA:289,32,0,16
BRDA:289,32,1,16
BRDA:290,33,0,16
BRDA:290,33,1,0
BRDA:290,34,0,0
BRDA:290,34,1,16
BRDA:290,35,0,16
BRDA:290,35,1,16
BRDA:291,36,0,0
BRDA:291,36,1,16
BRDA:291,37,0,16
BRDA:291,37,1,16
BRDA:294,38,0,0
BRDA:294,38,1,0
BRDA:294,39,0,0
BRDA:294,39,1,0
BRDA:298,40,0,0
BRDA:298,40,1,0
BRDA:302,41,0,0
BRDA:302,41,1,0
BRDA:302,42,0,0
BRDA:302,42,1,0
BRDA:312,43,0,34
BRDA:312,43,1,24
BRDA:312,44,0,58
BRDA:312,44,1,58
BRDA:312,45,0,0
BRDA:312,45,1,58
BRDA:312,46,0,58
BRDA:312,46,1,58
BRDA:313,47,0,0
BRDA:313,47,1,58
BRDA:313,48,0,58
BRDA:313,48,1,58
BRDA:313,49,0,0
BRDA:313,49,1,58
BRDA:313,50,0,58
BRDA:313,50,1,58
BRDA:321,51,0,0
BRDA:321,51,1,0
BRDA:321,52,0,0
BRDA:321,52,1,0
BRDA:325,53,0,0
BRDA:325,53,1,0
BRF:109
BRH:49
end_of_record
TN:
SF:src/lib/search.ts
FN:28,queryStatusCount
FNF:1
FNH:0
FNDA:0,queryStatusCount
DA:1,14
DA:3,14
DA:28,14
DA:29,0
LF:4
LH:3
BRF:0
BRH:0
end_of_record
TN:
SF:src/lib/useQuery.tsx
FN:4,useQuery
FN:15,stopPolling
FN:22,(anonymous_2)
FN:25,refresh
FN:30,(anonymous_4)
FN:34,(anonymous_5)
FN:58,(anonymous_6)
FN:67,(anonymous_7)
FN:81,startPolling
FNF:9
FNH:7
FNDA:15,useQuery
FNDA:5,stopPolling
FNDA:5,(anonymous_2)
FNDA:5,refresh
FNDA:5,(anonymous_4)
FNDA:0,(anonymous_5)
FNDA:5,(anonymous_6)
FNDA:0,(anonymous_7)
FNDA:5,startPolling
DA:1,3
DA:2,3
DA:4,3
DA:5,15
DA:6,15
DA:7,15
DA:9,15
DA:15,15
DA:16,5
DA:17,5
DA:18,0
DA:19,0
DA:22,15
DA:24,15
DA:26,5
DA:27,5
DA:28,5
DA:29,5
DA:31,5
DA:32,5
DA:35,0
DA:36,0
DA:38,0
DA:39,0
DA:48,0
DA:50,0
DA:51,0
DA:53,0
DA:54,0
DA:56,0
DA:59,5
DA:60,5
DA:61,5
DA:62,5
DA:63,0
DA:64,0
DA:66,5
DA:67,0
DA:68,0
DA:69,0
DA:73,5
DA:78,15
DA:80,15
DA:81,10
DA:82,5
DA:83,0
DA:84,0
DA:85,0
DA:86,0
DA:92,15
LF:50
LH:29
BRDA:17,0,0,0
BRDA:17,0,1,5
BRDA:26,1,0,0
BRDA:26,1,1,5
BRDA:31,2,0,5
BRDA:31,2,1,0
BRDA:35,3,0,0
BRDA:35,3,1,0
BRDA:37,4,0,0
BRDA:37,4,1,0
BRDA:37,4,2,0
BRDA:37,4,3,0
BRDA:37,4,4,0
BRDA:37,4,5,0
BRDA:37,4,6,0
BRDA:37,4,7,0
BRDA:37,4,8,0
BRDA:37,4,9,0
BRDA:53,5,0,0
BRDA:53,5,1,0
BRDA:59,6,0,0
BRDA:59,6,1,5
BRDA:62,7,0,0
BRDA:62,7,1,5
BRDA:66,8,0,0
BRDA:66,8,1,5
BRDA:81,9,0,5
BRDA:81,9,1,0
BRDA:82,10,0,0
BRDA:82,10,1,5
BRF:30
BRH:8
end_of_record
TN:
SF:src/lib/utils.ts
FN:3,getLatest
FN:11,(anonymous_2)
FN:12,(anonymous_3)
FNF:3
FNH:0
FNDA:0,getLatest
FNDA:0,(anonymous_2)
FNDA:0,(anonymous_3)
DA:1,3
DA:3,3
DA:4,0
DA:5,0
DA:7,0
DA:8,0
DA:11,0
DA:12,0
DA:13,0
DA:18,3
LF:10
LH:3
BRDA:4,0,0,0
BRDA:4,0,1,0
BRDA:7,1,0,0
BRDA:7,1,1,0
BRDA:13,2,0,0
BRDA:13,2,1,0
BRF:6
BRH:0
end_of_record
TN:
SF:src/lib/validation.ts
FN:3,validateKubernetesDnsName
FN:18,validatePublicSshKey
FN:42,validatePrivateSshKey
FN:50,validateCertificate
FN:57,validateGCProjectID
FN:66,validateJSON
FN:77,validateBaseDnsName
FN:89,validateLibvirtURI
FN:104,validateImageMirror
FNF:9
FNH:9
FNDA:70,validateKubernetesDnsName
FNDA:160,validatePublicSshKey
FNDA:370,validatePrivateSshKey
FNDA:127,validateCertificate
FNDA:21,validateGCProjectID
FNDA:134,validateJSON
FNDA:51,validateBaseDnsName
FNDA:26,validateLibvirtURI
FNDA:28,validateImageMirror
DA:2,9
DA:3,9
DA:4,70
DA:5,69
DA:6,368
DA:7,368
DA:8,2
DA:10,66
DA:11,1
DA:12,65
DA:13,1
DA:15,65
DA:18,9
DA:19,160
DA:23,159
DA:24,159
DA:25,159
DA:26,118
DA:27,117
DA:28,117
DA:29,90
DA:31,89
DA:39,71
DA:42,9
DA:43,370
DA:44,362
DA:47,8
DA:50,9
DA:51,127
DA:52,124
DA:54,3
DA:57,9
DA:58,21
DA:59,21
DA:60,11
DA:63,10
DA:66,9
DA:67,134
DA:68,134
DA:69,11
DA:70,1
DA:73,123
DA:75,10
DA:77,9
DA:78,51
DA:79,51
DA:80,2
DA:82,49
DA:83,9
DA:86,40
DA:89,9
DA:90,26
DA:91,26
DA:92,26
DA:93,14
DA:96,12
DA:98,1
DA:101,11
DA:104,9
DA:105,28
DA:106,28
DA:107,28
DA:108,1
DA:110,27
DA:111,27
DA:112,27
DA:113,4
DA:115,23
DA:116,11
DA:118,12
DA:119,12
DA:120,2
DA:122,10
DA:123,3
DA:125,7
DA:126,2
DA:128,5
LF:77
LH:77
BRDA:4,0,0,69
BRDA:4,0,1,1
BRDA:5,1,0,1
BRDA:5,1,1,68
BRDA:7,2,0,2
BRDA:7,2,1,366
BRDA:7,3,0,368
BRDA:7,3,1,5
BRDA:10,4,0,1
BRDA:10,4,1,65
BRDA:12,5,0,1
BRDA:12,5,1,64
BRDA:19,6,0,159
BRDA:19,6,1,1
BRDA:25,7,0,118
BRDA:25,7,1,41
BRDA:26,8,0,117
BRDA:26,8,1,1
BRDA:29,9,0,89
BRDA:29,9,1,1
BRDA:43,10,0,362
BRDA:43,10,1,8
BRDA:51,11,0,124
BRDA:51,11,1,3
BRDA:59,12,0,11
BRDA:59,12,1,10
BRDA:69,13,0,1
BRDA:69,13,1,10
BRDA:79,14,0,2
BRDA:79,14,1,49
BRDA:79,15,0,51
BRDA:79,15,1,51
BRDA:79,15,2,2
BRDA:82,16,0,9
BRDA:82,16,1,40
BRDA:92,17,0,14
BRDA:92,17,1,12
BRDA:92,18,0,26
BRDA:92,18,1,15
BRDA:96,19,0,1
BRDA:96,19,1,11
BRDA:107,20,0,1
BRDA:107,20,1,27
BRDA:112,21,0,4
BRDA:112,21,1,23
BRDA:115,22,0,11
BRDA:115,22,1,12
BRDA:119,23,0,2
BRDA:119,23,1,10
BRDA:119,24,0,12
BRDA:119,24,1,4
BRDA:119,24,2,11
BRDA:122,25,0,3
BRDA:122,25,1,7
BRDA:125,26,0,2
BRDA:125,26,1,5
BRF:56
BRH:56
end_of_record
TN:
SF:src/resources/bare-metal-asset.ts
FN:32,BMAStatusMessage
FN:51,GetStatusMessage
FN:79,MakeId
FN:93,listBareMetalAssets
FN:99,(anonymous_4)
FN:106,unpackBareMetalAsset
FNF:6
FNH:3
FNDA:15,BMAStatusMessage
FNDA:0,GetStatusMessage
FNDA:0,MakeId
FNDA:3,listBareMetalAssets
FNDA:3,(anonymous_4)
FNDA:0,unpackBareMetalAsset
DA:2,1
DA:4,1
DA:7,1
DA:32,1
DA:33,15
DA:34,0
DA:35,0
DA:36,0
DA:37,0
DA:38,0
DA:39,0
DA:42,0
DA:43,0
DA:44,0
DA:47,0
DA:49,15
DA:52,0
DA:55,0
DA:57,0
DA:59,0
DA:61,0
DA:63,0
DA:65,0
DA:79,1
DA:80,0
DA:81,0
DA:84,0
DA:85,0
DA:86,0
DA:87,0
DA:88,0
DA:90,0
DA:93,1
DA:94,3
DA:98,3
DA:100,3
DA:106,1
DA:107,0
DA:122,0
LF:39
LH:12
BRDA:33,0,0,0
BRDA:33,0,1,15
BRDA:37,1,0,0
BRDA:37,1,1,0
BRDA:42,2,0,0
BRDA:42,2,1,0
BRDA:54,3,0,0
BRDA:54,3,1,0
BRDA:54,3,2,0
BRDA:54,3,3,0
BRDA:54,3,4,0
BRDA:54,3,5,0
BRDA:80,4,0,0
BRDA:80,4,1,0
BRDA:116,5,0,0
BRDA:116,5,1,0
BRDA:116,6,0,0
BRDA:116,6,1,0
BRDA:117,7,0,0
BRDA:117,7,1,0
BRDA:117,8,0,0
BRDA:117,8,1,0
BRDA:119,9,0,0
BRDA:119,9,1,0
BRDA:119,10,0,0
BRDA:119,10,1,0
BRF:26
BRH:1
end_of_record
TN:
SF:src/resources/certificate-signing-requests.ts
FN:33,(anonymous_0)
FN:35,listCertificateSigningRequests
FNF:2
FNH:0
FNDA:0,(anonymous_0)
FNDA:0,listCertificateSigningRequests
DA:2,3
DA:5,3
DA:8,3
DA:20,3
DA:23,3
DA:32,3
DA:33,3
DA:35,3
DA:36,0
LF:9
LH:8
BRDA:33,0,0,0
BRDA:33,0,1,0
BRF:2
BRH:0
end_of_record
TN:
SF:src/resources/cluster-curator.ts
FNF:0
FNH:0
DA:1,0
DA:4,0
LF:2
LH:0
BRF:0
BRH:0
end_of_record
TN:
SF:src/resources/cluster-deployment.ts
FN:92,listClusterDeployments
FN:104,getClusterDeployment
FNF:2
FNH:0
FNDA:0,listClusterDeployments
FNDA:0,getClusterDeployment
DA:2,3
DA:4,3
DA:7,3
DA:92,3
DA:93,0
DA:104,3
DA:105,0
LF:7
LH:5
BRF:0
BRH:0
end_of_record
TN:
SF:src/resources/cluster-image-set.ts
FN:16,listClusterImageSets
FNF:1
FNH:0
FNDA:0,listClusterImageSets
DA:2,0
DA:4,0
DA:7,0
DA:16,0
DA:17,0
LF:5
LH:0
BRF:0
BRH:0
end_of_record
TN:
SF:src/resources/cluster-management-add-on.ts
FN:27,listClusterManagementAddOns
FNF:1
FNH:1
FNDA:2,listClusterManagementAddOns
DA:2,11
DA:5,11
DA:8,11
DA:27,11
DA:28,2
LF:5
LH:5
BRF:0
BRH:0
end_of_record
TN:
SF:src/resources/cluster-provision.ts
FN:22,listClusterProvisions
FNF:1
FNH:0
FNDA:0,listClusterProvisions
DA:2,1
DA:4,1
DA:7,1
DA:22,1
DA:23,0
LF:5
LH:4
BRF:0
BRH:0
end_of_record
TN:
SF:src/resources/discovered-cluster.ts
FN:44,listDiscoveredClusters
FNF:1
FNH:1
FNDA:2,listDiscoveredClusters
DA:3,1
DA:5,1
DA:8,1
DA:44,1
DA:45,2
LF:5
LH:5
BRF:0
BRH:0
end_of_record
TN:
SF:src/resources/feature-gate.ts
FN:20,getFeatureGate
FN:30,listFeatureGates
FNF:2
FNH:1
FNDA:0,getFeatureGate
FNDA:2,listFeatureGates
DA:2,11
DA:5,11
DA:8,11
DA:20,11
DA:21,0
DA:30,11
DA:31,2
LF:7
LH:6
BRF:0
BRH:0
end_of_record
TN:
SF:src/resources/klusterlet-add-on-config.ts
FN:29,(anonymous_2)
FNF:1
FNH:0
FNDA:0,(anonymous_2)
DA:4,0
DA:6,0
DA:9,0
DA:29,0
DA:33,0
DA:34,0
LF:6
LH:0
BRDA:33,0,0,0
BRDA:33,0,1,0
BRF:2
BRH:0
end_of_record
TN:
SF:src/resources/managed-cluster-add-on.ts
FN:35,listManagedClusterAddOns
FNF:1
FNH:0
FNDA:0,listManagedClusterAddOns
DA:2,1
DA:5,1
DA:8,1
DA:35,1
DA:36,0
LF:5
LH:4
BRF:0
BRH:0
end_of_record
TN:
SF:src/resources/managed-cluster-info.ts
FN:71,listManagedClusterInfos
FN:79,listMCIs
FN:91,getManagedClusterInfo
FNF:3
FNH:0
FNDA:0,listManagedClusterInfos
FNDA:0,listMCIs
FNDA:0,getManagedClusterInfo
DA:2,3
DA:5,3
DA:8,3
DA:71,3
DA:72,0
DA:79,3
DA:80,0
DA:91,3
DA:92,0
LF:9
LH:6
BRF:0
BRH:0
end_of_record
TN:
SF:src/resources/managed-cluster.tsx
FN:43,(anonymous_0)
FN:52,listManagedClusters
FN:59,getManagedCluster
FNF:3
FNH:0
FNDA:0,(anonymous_0)
FNDA:0,listManagedClusters
FNDA:0,getManagedCluster
DA:2,3
DA:5,3
DA:8,3
DA:43,3
DA:44,0
DA:52,3
DA:53,0
DA:59,3
DA:60,0
LF:9
LH:6
BRF:0
BRH:0
end_of_record
TN:
SF:src/resources/pod.ts
FN:31,listHivePods
FN:43,(anonymous_14)
FN:47,getProvisionPod
FN:50,(anonymous_18)
FN:56,getDeprovisionPod
FN:59,(anonymous_22)
FN:65,getLatestHivePod
FN:67,(anonymous_26)
FN:73,getHivePod
FNF:9
FNH:0
FNDA:0,listHivePods
FNDA:0,(anonymous_14)
FNDA:0,getProvisionPod
FNDA:0,(anonymous_18)
FNDA:0,getDeprovisionPod
FNDA:0,(anonymous_22)
FNDA:0,getLatestHivePod
FNDA:0,(anonymous_26)
FNDA:0,getHivePod
DA:2,1
DA:4,1
DA:5,1
DA:7,1
DA:10,1
DA:19,1
DA:22,1
DA:31,1
DA:32,0
DA:43,1
DA:44,0
DA:47,1
DA:48,0
DA:49,0
DA:50,0
DA:51,0
DA:52,0
DA:56,1
DA:57,0
DA:58,0
DA:59,0
DA:60,0
DA:61,0
DA:65,1
DA:66,0
DA:67,0
DA:68,0
DA:69,0
DA:73,1
DA:76,0
DA:77,0
DA:78,0
DA:79,0
DA:80,0
DA:81,0
DA:83,0
LF:36
LH:13
BRDA:50,0,0,0
BRDA:59,1,0,0
BRDA:67,2,0,0
BRDA:83,3,0,0
BRDA:76,4,0,0
BRDA:76,4,1,0
BRDA:78,5,0,0
BRDA:78,5,1,0
BRDA:80,6,0,0
BRDA:80,6,1,0
BRF:10
BRH:0
end_of_record
TN:
SF:src/resources/project.ts
FN:29,(anonymous_0)
FN:38,listProjects
FNF:2
FNH:1
FNDA:0,(anonymous_0)
FNDA:12,listProjects
DA:2,8
DA:5,8
DA:8,8
DA:17,8
DA:20,8
DA:29,8
DA:30,0
DA:31,0
DA:38,8
DA:39,12
LF:10
LH:8
BRDA:30,0,0,0
BRDA:30,0,1,0
BRF:2
BRH:0
end_of_record
TN:
SF:src/resources/provider-connection.ts
FN:56,getProviderConnectionProviderID
FN:61,setProviderConnectionProviderID
FN:75,listProviderConnections
FN:85,(anonymous_11)
FN:92,getProviderConnection
FN:104,createProviderConnection
FN:108,replaceProviderConnection
FN:112,unpackProviderConnection
FN:128,packProviderConnection
FNF:9
FNH:7
FNDA:40572,getProviderConnectionProviderID
FNDA:6,setProviderConnectionProviderID
FNDA:0,listProviderConnections
FNDA:0,(anonymous_11)
FNDA:1,getProviderConnection
FNDA:7,createProviderConnection
FNDA:1,replaceProviderConnection
FNDA:1,unpackProviderConnection
FNDA:16,packProviderConnection
DA:2,8
DA:4,8
DA:6,8
DA:9,8
DA:56,8
DA:57,40572
DA:58,40572
DA:61,8
DA:65,6
DA:66,0
DA:68,6
DA:69,6
DA:71,6
DA:72,6
DA:75,8
DA:76,0
DA:84,0
DA:86,0
DA:92,8
DA:93,1
DA:98,1
DA:104,8
DA:105,7
DA:108,8
DA:109,1
DA:112,8
DA:113,1
DA:114,0
DA:115,0
DA:116,0
DA:118,1
DA:119,0
DA:120,0
DA:123,1
DA:124,1
DA:125,1
DA:128,8
DA:129,16
DA:130,16
DA:132,16
DA:133,16
DA:134,16
LF:42
LH:33
BRDA:57,0,0,240
BRDA:57,0,1,40332
BRDA:57,1,0,40572
BRDA:57,1,1,40572
BRDA:57,2,0,0
BRDA:57,2,1,40572
BRDA:57,3,0,40572
BRDA:57,3,1,40572
BRDA:65,4,0,0
BRDA:65,4,1,6
BRDA:68,5,0,6
BRDA:68,5,1,0
BRDA:113,6,0,0
BRDA:113,6,1,1
BRDA:115,7,0,0
BRDA:115,7,1,0
BRDA:115,8,0,0
BRDA:115,8,1,0
BRDA:115,9,0,0
BRDA:115,9,1,0
BRDA:115,10,0,0
BRDA:115,10,1,0
BRDA:118,11,0,0
BRDA:118,11,1,1
BRDA:129,12,0,16
BRDA:129,12,1,0
BRF:26
BRH:12
end_of_record
TN:
SF:src/resources/resource.ts
FN:17,getResourceName
FN:21,setResourceName
FN:26,getResourceNamespace
FN:30,setResourceNamespace
FN:35,getResourceApiPath
FN:64,getResourceNameApiPath
FNF:6
FNH:3
FNDA:15,getResourceName
FNDA:0,setResourceName
FNDA:0,getResourceNamespace
FNDA:0,setResourceNamespace
FNDA:118,getResourceApiPath
FNDA:38,getResourceNameApiPath
DA:2,15
DA:17,15
DA:18,15
DA:21,15
DA:22,0
DA:23,0
DA:26,15
DA:27,0
DA:30,15
DA:31,0
DA:32,0
DA:35,15
DA:41,118
DA:44,118
DA:45,85
DA:47,33
DA:50,118
DA:51,118
DA:52,39
DA:55,118
DA:56,0
DA:57,118
DA:58,118
DA:61,118
DA:64,15
DA:70,38
DA:72,38
DA:73,38
DA:74,38
DA:77,38
LF:30
LH:24
BRDA:18,0,0,0
BRDA:18,0,1,15
BRDA:18,1,0,15
BRDA:18,1,1,15
BRDA:22,2,0,0
BRDA:22,2,1,0
BRDA:27,3,0,0
BRDA:27,3,1,0
BRDA:27,4,0,0
BRDA:27,4,1,0
BRDA:31,5,0,0
BRDA:31,5,1,0
BRDA:44,6,0,85
BRDA:44,6,1,33
BRDA:44,7,0,0
BRDA:44,7,1,118
BRDA:44,8,0,118
BRDA:44,8,1,118
BRDA:50,9,0,42
BRDA:50,9,1,76
BRDA:50,10,0,118
BRDA:50,10,1,118
BRDA:51,11,0,39
BRDA:51,11,1,79
BRDA:55,12,0,0
BRDA:55,12,1,118
BRDA:57,13,0,118
BRDA:57,13,1,0
BRDA:72,14,0,0
BRDA:72,14,1,38
BRDA:72,15,0,38
BRDA:72,15,1,38
BRDA:73,16,0,38
BRDA:73,16,1,0
BRF:34
BRH:20
end_of_record
TN:
SF:src/resources/secret.tsx
FN:17,getSecret
FN:21,unpackSecret
FNF:2
FNH:1
FNDA:12,getSecret
FNDA:0,unpackSecret
DA:2,1
DA:5,1
DA:8,1
DA:17,1
DA:18,12
DA:21,1
DA:23,0
DA:24,0
DA:25,0
DA:26,0
DA:29,0
DA:30,0
LF:12
LH:6
BRDA:23,0,0,0
BRDA:23,0,1,0
BRDA:24,1,0,0
BRDA:24,1,1,0
BRF:4
BRH:0
end_of_record
TN:
SF:src/resources/self-subject-access-review.ts
FN:56,createSubjectAccessReview
FN:67,createSubjectAccessReviews
FN:68,(anonymous_15)
FN:70,(anonymous_16)
FN:71,(anonymous_17)
FN:71,(anonymous_18)
FN:75,rbacNamespaceFilter
FN:85,(anonymous_22)
FN:90,(anonymous_23)
FN:91,(anonymous_24)
FN:99,(anonymous_25)
FN:107,checkAdminAccess
FN:117,(anonymous_29)
FN:120,(anonymous_30)
FN:122,(anonymous_31)
FN:132,rbacMapping
FNF:16
FNH:13
FNDA:12,createSubjectAccessReview
FNDA:12,createSubjectAccessReviews
FNDA:12,(anonymous_15)
FNDA:12,(anonymous_16)
FNDA:0,(anonymous_17)
FNDA:0,(anonymous_18)
FNDA:10,rbacNamespaceFilter
FNDA:2,(anonymous_22)
FNDA:2,(anonymous_23)
FNDA:2,(anonymous_24)
FNDA:1,(anonymous_25)
FNDA:10,checkAdminAccess
FNDA:0,(anonymous_29)
FNDA:10,(anonymous_30)
FNDA:10,(anonymous_31)
FNDA:2,rbacMapping
DA:3,9
DA:5,9
DA:8,9
DA:56,9
DA:57,12
DA:67,9
DA:68,12
DA:69,12
DA:70,12
DA:71,0
DA:75,9
DA:76,10
DA:77,10
DA:79,10
DA:81,10
DA:82,8
DA:85,2
DA:86,2
DA:89,2
DA:90,2
DA:91,2
DA:92,2
DA:93,2
DA:94,1
DA:99,2
DA:100,1
DA:103,2
DA:107,9
DA:108,10
DA:109,10
DA:115,10
DA:116,20
DA:118,0
DA:121,10
DA:122,10
DA:123,10
DA:124,10
DA:129,10
DA:132,9
DA:133,2
DA:136,0
DA:144,0
DA:154,0
DA:176,0
DA:185,0
DA:201,0
DA:210,2
DA:219,0
LF:48
LH:39
BRDA:81,0,0,8
BRDA:81,0,1,2
BRDA:92,1,0,2
BRDA:92,1,1,0
BRDA:93,2,0,1
BRDA:93,2,1,1
BRDA:93,3,0,0
BRDA:93,3,1,2
BRDA:93,4,0,2
BRDA:93,4,1,2
BRDA:121,5,0,10
BRDA:121,5,1,0
BRDA:123,6,0,10
BRDA:123,6,1,0
BRDA:124,7,0,0
BRDA:124,7,1,10
BRDA:124,8,0,10
BRDA:124,8,1,10
BRDA:134,9,0,0
BRDA:134,9,1,0
BRDA:134,9,2,0
BRDA:134,9,3,0
BRDA:134,9,4,0
BRDA:134,9,5,0
BRDA:134,9,6,0
BRDA:134,9,7,2
BRDA:134,9,8,0
BRF:27
BRH:14
end_of_record
TN:
SF:src/resources/status.ts
FNF:0
FNH:0
DA:3,15
DA:6,15
LF:2
LH:2
BRF:0
BRH:0
end_of_record
TN:
SF:src/routes/BareMetalAssets/BareMetalAssetsPage.tsx
FN:22,BareMetalAssetsPage
FN:37,BareMetalAssets
FN:42,(anonymous_4)
FN:55,deleteBareMetalAssets
FN:59,BareMetalAssetsTable
FN:67,keyFn
FN:88,(anonymous_8)
FN:123,(anonymous_9)
FN:133,(anonymous_10)
FN:142,(anonymous_11)
FN:149,(anonymous_12)
FN:155,(anonymous_13)
FN:164,(anonymous_14)
FN:171,(anonymous_15)
FN:176,(anonymous_16)
FN:188,(anonymous_17)
FN:195,(anonymous_18)
FN:199,(anonymous_19)
FNF:18
FNH:9
FNDA:3,BareMetalAssetsPage
FNDA:9,BareMetalAssets
FNDA:6,(anonymous_4)
FNDA:2,deleteBareMetalAssets
FNDA:13,BareMetalAssetsTable
FNDA:19,keyFn
FNDA:0,(anonymous_8)
FNDA:15,(anonymous_9)
FNDA:0,(anonymous_10)
FNDA:2,(anonymous_11)
FNDA:2,(anonymous_12)
FNDA:0,(anonymous_13)
FNDA:0,(anonymous_14)
FNDA:0,(anonymous_15)
FNDA:0,(anonymous_16)
FNDA:0,(anonymous_17)
FNDA:0,(anonymous_18)
FNDA:0,(anonymous_19)
DA:1,1
DA:10,1
DA:11,1
DA:12,1
DA:13,1
DA:14,1
DA:15,1
DA:16,1
DA:17,1
DA:18,1
DA:19,1
DA:20,1
DA:22,1
DA:23,3
DA:24,3
DA:35,1
DA:37,1
DA:38,9
DA:42,9
DA:43,6
DA:44,0
DA:45,0
DA:48,9
DA:49,9
DA:50,0
DA:52,9
DA:55,1
DA:56,2
DA:59,1
DA:63,13
DA:64,13
DA:65,13
DA:68,19
DA:71,13
DA:89,0
DA:124,15
DA:134,0
DA:143,2
DA:150,2
DA:153,2
DA:156,0
DA:177,0
DA:189,0
DA:196,0
DA:197,0
DA:200,0
LF:46
LH:35
BRDA:40,0,0,0
BRDA:40,0,1,9
BRDA:43,1,0,0
BRDA:43,1,1,6
BRDA:49,2,0,0
BRDA:49,2,1,9
BRDA:180,3,0,0
BRDA:180,3,1,0
BRDA:180,4,0,0
BRDA:180,4,1,0
BRDA:180,5,0,0
BRDA:180,5,1,0
BRDA:180,6,0,0
BRDA:180,6,1,0
BRDA:192,7,0,0
BRDA:192,7,1,0
BRDA:192,8,0,0
BRDA:192,8,1,0
BRF:18
BRH:3
end_of_record
TN:
SF:src/routes/BareMetalAssets/CreateBareMetalAsset.tsx
FN:44,(anonymous_15)
FN:51,ValidateField
FN:66,getBareMetalAsset
FN:74,getBMASecret
FN:78,CreateBareMetalAssetPage
FN:112,EditBareMetalAssetPageData
FN:128,(anonymous_23)
FN:136,(anonymous_24)
FN:139,(anonymous_25)
FN:144,(anonymous_26)
FN:151,(anonymous_27)
FN:151,(anonymous_28)
FN:156,(anonymous_30)
FN:158,(anonymous_31)
FN:179,(anonymous_32)
FN:187,CreateBareMetalAssetPageData
FN:208,(anonymous_34)
FN:214,CreateBareMetalAssetPageContent
FN:261,updateBareMetalAsset
FN:266,updateBMASecret
FN:272,(anonymous_38)
FN:289,(anonymous_39)
FN:290,(anonymous_40)
FN:296,(anonymous_41)
FN:303,(anonymous_42)
FN:311,(anonymous_43)
FN:312,(anonymous_44)
FN:315,(anonymous_45)
FN:322,(anonymous_46)
FN:333,(anonymous_47)
FN:334,(anonymous_48)
FN:339,(anonymous_49)
FN:346,(anonymous_50)
FN:347,(anonymous_51)
FN:358,(anonymous_52)
FN:359,(anonymous_53)
FN:371,(anonymous_54)
FN:372,(anonymous_55)
FN:377,(anonymous_56)
FN:384,(anonymous_57)
FN:388,(anonymous_58)
FN:390,(anonymous_59)
FN:393,(anonymous_60)
FN:404,(anonymous_61)
FN:415,(anonymous_62)
FN:418,(anonymous_63)
FN:421,(anonymous_64)
FN:439,(anonymous_65)
FNF:48
FNH:0
FNDA:0,(anonymous_15)
FNDA:0,ValidateField
FNDA:0,getBareMetalAsset
FNDA:0,getBMASecret
FNDA:0,CreateBareMetalAssetPage
FNDA:0,EditBareMetalAssetPageData
FNDA:0,(anonymous_23)
FNDA:0,(anonymous_24)
FNDA:0,(anonymous_25)
FNDA:0,(anonymous_26)
FNDA:0,(anonymous_27)
FNDA:0,(anonymous_28)
FNDA:0,(anonymous_30)
FNDA:0,(anonymous_31)
FNDA:0,(anonymous_32)
FNDA:0,CreateBareMetalAssetPageData
FNDA:0,(anonymous_34)
FNDA:0,CreateBareMetalAssetPageContent
FNDA:0,updateBareMetalAsset
FNDA:0,updateBMASecret
FNDA:0,(anonymous_38)
FNDA:0,(anonymous_39)
FNDA:0,(anonymous_40)
FNDA:0,(anonymous_41)
FNDA:0,(anonymous_42)
FNDA:0,(anonymous_43)
FNDA:0,(anonymous_44)
FNDA:0,(anonymous_45)
FNDA:0,(anonymous_46)
FNDA:0,(anonymous_47)
FNDA:0,(anonymous_48)
FNDA:0,(anonymous_49)
FNDA:0,(anonymous_50)
FNDA:0,(anonymous_51)
FNDA:0,(anonymous_52)
FNDA:0,(anonymous_53)
FNDA:0,(anonymous_54)
FNDA:0,(anonymous_55)
FNDA:0,(anonymous_56)
FNDA:0,(anonymous_57)
FNDA:0,(anonymous_58)
FNDA:0,(anonymous_59)
FNDA:0,(anonymous_60)
FNDA:0,(anonymous_61)
FNDA:0,(anonymous_62)
FNDA:0,(anonymous_63)
FNDA:0,(anonymous_64)
FNDA:0,(anonymous_65)
DA:1,0
DA:14,0
DA:15,0
DA:16,0
DA:17,0
DA:18,0
DA:25,0
DA:26,0
DA:27,0
DA:28,0
DA:29,0
DA:30,0
DA:32,0
DA:33,0
DA:44,0
DA:45,0
DA:46,0
DA:48,0
DA:52,0
DA:54,0
DA:55,0
DA:57,0
DA:59,0
DA:60,0
DA:62,0
DA:67,0
DA:75,0
DA:78,0
DA:79,0
DA:81,0
DA:82,0
DA:84,0
DA:85,0
DA:86,0
DA:87,0
DA:89,0
DA:102,0
DA:112,0
DA:117,0
DA:125,0
DA:126,0
DA:128,0
DA:134,0
DA:135,0
DA:137,0
DA:140,0
DA:142,0
DA:143,0
DA:145,0
DA:146,0
DA:150,0
DA:151,0
DA:152,0
DA:153,0
DA:154,0
DA:156,0
DA:158,0
DA:161,0
DA:162,0
DA:163,0
DA:164,0
DA:165,0
DA:166,0
DA:176,0
DA:179,0
DA:187,0
DA:188,0
DA:189,0
DA:190,0
DA:191,0
DA:192,0
DA:193,0
DA:194,0
DA:195,0
DA:205,0
DA:208,0
DA:214,0
DA:221,0
DA:222,0
DA:223,0
DA:225,0
DA:226,0
DA:228,0
DA:244,0
DA:262,0
DA:263,0
DA:264,0
DA:267,0
DA:268,0
DA:269,0
DA:272,0
DA:273,0
DA:274,0
DA:275,0
DA:276,0
DA:277,0
DA:281,0
DA:290,0
DA:291,0
DA:292,0
DA:293,0
DA:294,0
DA:296,0
DA:297,0
DA:298,0
DA:303,0
DA:312,0
DA:313,0
DA:315,0
DA:316,0
DA:322,0
DA:334,0
DA:335,0
DA:339,0
DA:347,0
DA:348,0
DA:359,0
DA:360,0
DA:372,0
DA:373,0
DA:377,0
DA:385,0
DA:386,0
DA:387,0
DA:389,0
DA:391,0
DA:395,0
DA:396,0
DA:406,0
DA:407,0
DA:415,0
DA:416,0
DA:419,0
DA:423,0
DA:424,0
DA:440,0
LF:136
LH:0
BRDA:45,0,0,0
BRDA:45,0,1,0
BRDA:45,1,0,0
BRDA:45,1,1,0
BRDA:45,1,2,0
BRDA:53,2,0,0
BRDA:53,2,1,0
BRDA:54,3,0,0
BRDA:54,3,1,0
BRDA:59,4,0,0
BRDA:59,4,1,0
BRDA:85,5,0,0
BRDA:85,5,1,0
BRDA:147,6,0,0
BRDA:147,6,1,0
BRDA:147,7,0,0
BRDA:147,7,1,0
BRDA:152,8,0,0
BRDA:161,9,0,0
BRDA:161,9,1,0
BRDA:163,10,0,0
BRDA:163,10,1,0
BRDA:163,11,0,0
BRDA:163,11,1,0
BRDA:165,12,0,0
BRDA:165,12,1,0
BRDA:190,13,0,0
BRDA:190,13,1,0
BRDA:192,14,0,0
BRDA:192,14,1,0
BRDA:194,15,0,0
BRDA:194,15,1,0
BRDA:194,16,0,0
BRDA:194,16,1,0
BRDA:225,17,0,0
BRDA:225,17,1,0
BRDA:273,18,0,0
BRDA:273,18,1,0
BRDA:288,19,0,0
BRDA:288,19,1,0
BRDA:288,20,0,0
BRDA:288,20,1,0
BRDA:310,21,0,0
BRDA:310,21,1,0
BRDA:310,22,0,0
BRDA:310,22,1,0
BRDA:370,23,0,0
BRDA:370,23,1,0
BRDA:370,24,0,0
BRDA:370,24,1,0
BRDA:386,25,0,0
BRDA:386,25,1,0
BRDA:395,26,0,0
BRDA:406,27,0,0
BRDA:423,28,0,0
BRDA:435,29,0,0
BRDA:435,29,1,0
BRF:57
BRH:0
end_of_record
TN:
SF:src/routes/ClusterManagement/ClusterManagement.tsx
FN:14,(anonymous_8)
FN:14,(anonymous_9)
FN:15,(anonymous_10)
FN:15,(anonymous_11)
FN:16,(anonymous_12)
FN:16,(anonymous_13)
FN:23,(anonymous_14)
FN:26,(anonymous_15)
FN:29,(anonymous_16)
FN:35,(anonymous_17)
FN:41,ClusterManagementPage
FNF:11
FNH:1
FNDA:0,(anonymous_8)
FNDA:0,(anonymous_9)
FNDA:0,(anonymous_10)
FNDA:0,(anonymous_11)
FNDA:0,(anonymous_12)
FNDA:0,(anonymous_13)
FNDA:0,(anonymous_14)
FNDA:0,(anonymous_15)
FNDA:0,(anonymous_16)
FNDA:0,(anonymous_17)
FNDA:2,ClusterManagementPage
DA:1,1
DA:7,1
DA:8,1
DA:9,1
DA:10,1
DA:11,1
DA:12,1
DA:14,1
DA:15,1
DA:16,1
DA:18,1
DA:26,1
DA:27,0
DA:29,0
DA:30,0
DA:31,0
DA:33,0
DA:35,0
DA:38,0
DA:41,1
DA:42,2
DA:43,2
DA:44,2
DA:45,2
DA:47,2
LF:25
LH:18
BRDA:30,0,0,0
BRDA:30,0,1,0
BRDA:57,1,0,2
BRDA:57,1,1,1
BRDA:79,2,0,2
BRDA:79,2,1,1
BRF:6
BRH:4
end_of_record
TN:
SF:src/routes/ClusterManagement/Clusters/Clusters.tsx
FN:38,ClustersPage
FN:42,(anonymous_16)
FN:49,(anonymous_17)
FN:54,(anonymous_18)
FN:56,(anonymous_19)
FN:64,(anonymous_20)
FN:83,(anonymous_21)
FN:98,(anonymous_22)
FN:99,(anonymous_23)
FN:126,ClustersPageContent
FN:134,(anonymous_25)
FN:141,(anonymous_26)
FN:171,ClustersTable
FN:193,mckeyFn
FN:197,abortRbacPromises
FN:198,(anonymous_30)
FN:201,checkRbacAccess
FN:210,(anonymous_32)
FN:212,(anonymous_33)
FN:215,(anonymous_34)
FN:221,(anonymous_35)
FN:227,(anonymous_36)
FN:245,(anonymous_37)
FN:254,(anonymous_38)
FN:266,(anonymous_39)
FN:278,(anonymous_40)
FN:288,(anonymous_41)
FN:295,(anonymous_42)
FN:300,(anonymous_43)
FN:306,(anonymous_44)
FN:307,(anonymous_45)
FN:308,(anonymous_46)
FN:315,(anonymous_47)
FN:324,(anonymous_48)
FN:329,(anonymous_49)
FN:340,(anonymous_50)
FN:345,(anonymous_51)
FN:350,(anonymous_52)
FN:353,(anonymous_53)
FN:354,(anonymous_54)
FN:364,(anonymous_55)
FN:372,(anonymous_56)
FN:377,(anonymous_57)
FN:390,(anonymous_58)
FN:395,(anonymous_59)
FN:398,(anonymous_60)
FN:399,(anonymous_61)
FN:409,(anonymous_62)
FN:417,(anonymous_63)
FN:422,(anonymous_64)
FN:435,(anonymous_65)
FN:447,(anonymous_66)
FN:451,(anonymous_67)
FN:455,(anonymous_68)
FN:459,(anonymous_69)
FN:470,(anonymous_70)
FN:487,(anonymous_71)
FN:492,(anonymous_72)
FN:494,(anonymous_75)
FN:500,(anonymous_76)
FN:502,(anonymous_77)
FN:508,(anonymous_78)
FN:522,(anonymous_79)
FN:531,(anonymous_80)
FN:540,(anonymous_81)
FN:545,(anonymous_82)
FN:548,(anonymous_83)
FN:552,(anonymous_84)
FN:559,(anonymous_85)
FN:563,(anonymous_86)
FN:569,(anonymous_87)
FN:583,(anonymous_88)
FN:588,(anonymous_89)
FN:597,(anonymous_90)
FN:602,(anonymous_91)
FNF:75
FNH:0
FNDA:0,ClustersPage
FNDA:0,(anonymous_16)
FNDA:0,(anonymous_17)
FNDA:0,(anonymous_18)
FNDA:0,(anonymous_19)
FNDA:0,(anonymous_20)
FNDA:0,(anonymous_21)
FNDA:0,(anonymous_22)
FNDA:0,(anonymous_23)
FNDA:0,ClustersPageContent
FNDA:0,(anonymous_25)
FNDA:0,(anonymous_26)
FNDA:0,ClustersTable
FNDA:0,mckeyFn
FNDA:0,abortRbacPromises
FNDA:0,(anonymous_30)
FNDA:0,checkRbacAccess
FNDA:0,(anonymous_32)
FNDA:0,(anonymous_33)
FNDA:0,(anonymous_34)
FNDA:0,(anonymous_35)
FNDA:0,(anonymous_36)
FNDA:0,(anonymous_37)
FNDA:0,(anonymous_38)
FNDA:0,(anonymous_39)
FNDA:0,(anonymous_40)
FNDA:0,(anonymous_41)
FNDA:0,(anonymous_42)
FNDA:0,(anonymous_43)
FNDA:0,(anonymous_44)
FNDA:0,(anonymous_45)
FNDA:0,(anonymous_46)
FNDA:0,(anonymous_47)
FNDA:0,(anonymous_48)
FNDA:0,(anonymous_49)
FNDA:0,(anonymous_50)
FNDA:0,(anonymous_51)
FNDA:0,(anonymous_52)
FNDA:0,(anonymous_53)
FNDA:0,(anonymous_54)
FNDA:0,(anonymous_55)
FNDA:0,(anonymous_56)
FNDA:0,(anonymous_57)
FNDA:0,(anonymous_58)
FNDA:0,(anonymous_59)
FNDA:0,(anonymous_60)
FNDA:0,(anonymous_61)
FNDA:0,(anonymous_62)
FNDA:0,(anonymous_63)
FNDA:0,(anonymous_64)
FNDA:0,(anonymous_65)
FNDA:0,(anonymous_66)
FNDA:0,(anonymous_67)
FNDA:0,(anonymous_68)
FNDA:0,(anonymous_69)
FNDA:0,(anonymous_70)
FNDA:0,(anonymous_71)
FNDA:0,(anonymous_72)
FNDA:0,(anonymous_75)
FNDA:0,(anonymous_76)
FNDA:0,(anonymous_77)
FNDA:0,(anonymous_78)
FNDA:0,(anonymous_79)
FNDA:0,(anonymous_80)
FNDA:0,(anonymous_81)
FNDA:0,(anonymous_82)
FNDA:0,(anonymous_83)
FNDA:0,(anonymous_84)
FNDA:0,(anonymous_85)
FNDA:0,(anonymous_86)
FNDA:0,(anonymous_87)
FNDA:0,(anonymous_88)
FNDA:0,(anonymous_89)
FNDA:0,(anonymous_90)
FNDA:0,(anonymous_91)
DA:1,0
DA:15,0
DA:16,0
DA:17,0
DA:18,0
DA:19,0
DA:20,0
DA:21,0
DA:22,0
DA:23,0
DA:24,0
DA:25,0
DA:30,0
DA:31,0
DA:32,0
DA:38,0
DA:39,0
DA:42,0
DA:43,0
DA:44,0
DA:45,0
DA:46,0
DA:47,0
DA:49,0
DA:50,0
DA:51,0
DA:52,0
DA:53,0
DA:55,0
DA:56,0
DA:57,0
DA:58,0
DA:62,0
DA:66,0
DA:69,0
DA:83,0
DA:84,0
DA:86,0
DA:87,0
DA:89,0
DA:90,0
DA:94,0
DA:98,0
DA:99,0
DA:124,0
DA:126,0
DA:127,0
DA:131,0
DA:132,0
DA:134,0
DA:135,0
DA:136,0
DA:137,0
DA:141,0
DA:142,0
DA:143,0
DA:145,0
DA:146,0
DA:151,0
DA:152,0
DA:160,0
DA:171,0
DA:176,0
DA:177,0
DA:178,0
DA:179,0
DA:180,0
DA:186,0
DA:187,0
DA:188,0
DA:189,0
DA:190,0
DA:191,0
DA:194,0
DA:198,0
DA:202,0
DA:203,0
DA:204,0
DA:205,0
DA:207,0
DA:208,0
DA:210,0
DA:211,0
DA:212,0
DA:213,0
DA:214,0
DA:215,0
DA:216,0
DA:217,0
DA:220,0
DA:221,0
DA:222,0
DA:227,0
DA:228,0
DA:230,0
DA:233,0
DA:246,0
DA:247,0
DA:255,0
DA:266,0
DA:278,0
DA:288,0
DA:295,0
DA:301,0
DA:307,0
DA:308,0
DA:309,0
DA:311,0
DA:315,0
DA:324,0
DA:330,0
DA:346,0
DA:351,0
DA:352,0
DA:354,0
DA:355,0
DA:356,0
DA:365,0
DA:366,0
DA:373,0
DA:375,0
DA:378,0
DA:391,0
DA:396,0
DA:397,0
DA:399,0
DA:400,0
DA:401,0
DA:410,0
DA:411,0
DA:418,0
DA:420,0
DA:423,0
DA:434,0
DA:435,0
DA:438,0
DA:447,0
DA:450,0
DA:451,0
DA:454,0
DA:455,0
DA:458,0
DA:459,0
DA:462,0
DA:471,0
DA:472,0
DA:473,0
DA:488,0
DA:492,0
DA:493,0
DA:494,0
DA:496,0
DA:497,0
DA:498,0
DA:499,0
DA:501,0
DA:502,0
DA:503,0
DA:504,0
DA:508,0
DA:509,0
DA:510,0
DA:517,0
DA:523,0
DA:529,0
DA:532,0
DA:541,0
DA:546,0
DA:547,0
DA:548,0
DA:550,0
DA:551,0
DA:553,0
DA:560,0
DA:561,0
DA:562,0
DA:563,0
DA:564,0
DA:565,0
DA:569,0
DA:570,0
DA:571,0
DA:578,0
DA:584,0
DA:586,0
DA:589,0
DA:598,0
DA:599,0
DA:601,0
DA:603,0
DA:606,0
DA:607,0
DA:608,0
DA:617,0
LF:194
LH:0
BRDA:55,0,0,0
BRDA:55,0,1,0
BRDA:57,1,0,0
BRDA:57,1,1,0
BRDA:58,2,0,0
BRDA:58,2,1,0
BRDA:58,3,0,0
BRDA:58,3,1,0
BRDA:58,4,0,0
BRDA:58,4,1,0
BRDA:74,5,0,0
BRDA:74,5,1,0
BRDA:80,6,0,0
BRDA:80,6,1,0
BRDA:85,7,0,0
BRDA:85,7,1,0
BRDA:98,8,0,0
BRDA:98,8,1,0
BRDA:97,9,0,0
BRDA:97,9,1,0
BRDA:97,10,0,0
BRDA:97,10,1,0
BRDA:97,11,0,0
BRDA:97,11,1,0
BRDA:100,12,0,0
BRDA:100,12,1,0
BRDA:100,13,0,0
BRDA:100,13,1,0
BRDA:100,14,0,0
BRDA:100,14,1,0
BRDA:100,15,0,0
BRDA:100,15,1,0
BRDA:101,16,0,0
BRDA:101,16,1,0
BRDA:101,17,0,0
BRDA:101,17,1,0
BRDA:101,18,0,0
BRDA:101,18,1,0
BRDA:101,19,0,0
BRDA:101,19,1,0
BRDA:102,20,0,0
BRDA:102,20,1,0
BRDA:102,21,0,0
BRDA:102,21,1,0
BRDA:102,22,0,0
BRDA:102,22,1,0
BRDA:102,23,0,0
BRDA:102,23,1,0
BRDA:129,24,0,0
BRDA:129,24,1,0
BRDA:135,25,0,0
BRDA:135,25,1,0
BRDA:141,26,0,0
BRDA:141,26,1,0
BRDA:141,27,0,0
BRDA:141,27,1,0
BRDA:142,28,0,0
BRDA:142,28,1,0
BRDA:151,29,0,0
BRDA:151,29,1,0
BRDA:198,30,0,0
BRDA:198,30,1,0
BRDA:198,31,0,0
BRDA:198,31,1,0
BRDA:204,32,0,0
BRDA:204,32,1,0
BRDA:207,33,0,0
BRDA:207,33,1,0
BRDA:207,34,0,0
BRDA:207,34,1,0
BRDA:207,35,0,0
BRDA:207,35,1,0
BRDA:213,36,0,0
BRDA:213,36,1,0
BRDA:216,37,0,0
BRDA:216,37,1,0
BRDA:217,38,0,0
BRDA:217,38,1,0
BRDA:217,39,0,0
BRDA:217,39,1,0
BRDA:220,40,0,0
BRDA:220,40,1,0
BRDA:251,41,0,0
BRDA:251,41,1,0
BRDA:251,42,0,0
BRDA:251,42,1,0
BRDA:253,43,0,0
BRDA:253,43,1,0
BRDA:253,44,0,0
BRDA:253,44,1,0
BRDA:253,45,0,0
BRDA:253,45,1,0
BRDA:289,46,0,0
BRDA:289,46,1,0
BRDA:289,47,0,0
BRDA:289,47,1,0
BRDA:289,48,0,0
BRDA:289,48,1,0
BRDA:295,49,0,0
BRDA:295,49,1,0
BRDA:301,50,0,0
BRDA:301,50,1,0
BRDA:301,51,0,0
BRDA:301,51,1,0
BRDA:301,52,0,0
BRDA:301,52,1,0
BRDA:301,53,0,0
BRDA:301,53,1,0
BRDA:309,54,0,0
BRDA:309,54,1,0
BRDA:309,55,0,0
BRDA:309,55,1,0
BRDA:318,56,0,0
BRDA:318,56,1,0
BRDA:324,57,0,0
BRDA:324,57,1,0
BRDA:324,58,0,0
BRDA:324,58,1,0
BRDA:334,59,0,0
BRDA:334,59,1,0
BRDA:348,60,0,0
BRDA:348,60,1,0
BRDA:348,61,0,0
BRDA:348,61,1,0
BRDA:352,62,0,0
BRDA:352,62,1,0
BRDA:352,63,0,0
BRDA:352,63,1,0
BRDA:355,64,0,0
BRDA:355,64,1,0
BRDA:359,65,0,0
BRDA:359,65,1,0
BRDA:359,66,0,0
BRDA:359,66,1,0
BRDA:384,67,0,0
BRDA:384,67,1,0
BRDA:400,68,0,0
BRDA:400,68,1,0
BRDA:404,69,0,0
BRDA:404,69,1,0
BRDA:404,70,0,0
BRDA:404,70,1,0
BRDA:429,71,0,0
BRDA:429,71,1,0
BRDA:434,72,0,0
BRDA:434,72,1,0
BRDA:438,73,0,0
BRDA:438,73,1,0
BRDA:439,74,0,0
BRDA:439,74,1,0
BRDA:439,74,2,0
BRDA:439,74,3,0
BRDA:440,75,0,0
BRDA:440,75,1,0
BRDA:440,76,0,0
BRDA:440,76,1,0
BRDA:440,77,0,0
BRDA:440,77,1,0
BRDA:440,78,0,0
BRDA:440,78,1,0
BRDA:440,79,0,0
BRDA:440,79,1,0
BRDA:441,80,0,0
BRDA:441,80,1,0
BRDA:441,81,0,0
BRDA:441,81,1,0
BRDA:441,82,0,0
BRDA:441,82,1,0
BRDA:441,83,0,0
BRDA:441,83,1,0
BRDA:443,84,0,0
BRDA:443,84,1,0
BRDA:443,85,0,0
BRDA:443,85,1,0
BRDA:443,86,0,0
BRDA:443,86,1,0
BRDA:443,87,0,0
BRDA:443,87,1,0
BRDA:444,88,0,0
BRDA:444,88,1,0
BRDA:443,89,0,0
BRDA:443,89,1,0
BRDA:444,90,0,0
BRDA:444,90,1,0
BRDA:443,91,0,0
BRDA:443,91,1,0
BRDA:445,92,0,0
BRDA:445,92,1,0
BRDA:445,93,0,0
BRDA:445,93,1,0
BRDA:445,94,0,0
BRDA:445,94,1,0
BRDA:445,95,0,0
BRDA:445,95,1,0
BRDA:445,96,0,0
BRDA:445,96,1,0
BRDA:445,97,0,0
BRDA:445,97,1,0
BRDA:445,98,0,0
BRDA:445,98,1,0
BRDA:445,99,0,0
BRDA:445,99,1,0
BRDA:450,100,0,0
BRDA:450,100,1,0
BRDA:454,101,0,0
BRDA:454,101,1,0
BRDA:458,102,0,0
BRDA:458,102,1,0
BRDA:471,103,0,0
BRDA:471,103,1,0
BRDA:501,104,0,0
BRDA:501,104,1,0
BRDA:503,105,0,0
BRDA:503,105,1,0
BRDA:509,106,0,0
BRDA:509,106,1,0
BRDA:562,107,0,0
BRDA:562,107,1,0
BRDA:564,108,0,0
BRDA:564,108,1,0
BRDA:570,109,0,0
BRDA:570,109,1,0
BRDA:598,110,0,0
BRDA:598,110,1,0
BRDA:603,111,0,0
BRDA:603,111,1,0
BRDA:603,112,0,0
BRDA:603,112,1,0
BRDA:603,113,0,0
BRDA:603,113,1,0
BRDA:603,114,0,0
BRDA:603,114,1,0
BRDA:603,115,0,0
BRDA:603,115,1,0
BRDA:604,116,0,0
BRDA:604,116,1,0
BRDA:604,117,0,0
BRDA:604,117,1,0
BRDA:604,118,0,0
BRDA:604,118,1,0
BRDA:604,119,0,0
BRDA:604,119,1,0
BRDA:606,120,0,0
BRDA:606,120,1,0
BRDA:608,121,0,0
BRDA:608,121,1,0
BRDA:609,122,0,0
BRDA:609,122,1,0
BRDA:609,122,2,0
BRDA:609,123,0,0
BRDA:609,123,1,0
BRDA:609,124,0,0
BRDA:609,124,1,0
BRDA:609,125,0,0
BRDA:609,125,1,0
BRDA:609,126,0,0
BRDA:609,126,1,0
BRDA:610,127,0,0
BRDA:610,127,1,0
BRDA:610,128,0,0
BRDA:610,128,1,0
BRDA:610,129,0,0
BRDA:610,129,1,0
BRDA:610,130,0,0
BRDA:610,130,1,0
BRDA:612,131,0,0
BRDA:612,131,1,0
BRDA:612,131,2,0
BRDA:612,132,0,0
BRDA:612,132,1,0
BRDA:612,133,0,0
BRDA:612,133,1,0
BRDA:612,134,0,0
BRDA:612,134,1,0
BRDA:612,135,0,0
BRDA:612,135,1,0
BRDA:613,136,0,0
BRDA:613,136,1,0
BRDA:612,137,0,0
BRDA:612,137,1,0
BRDA:613,138,0,0
BRDA:613,138,1,0
BRDA:612,139,0,0
BRDA:612,139,1,0
BRDA:614,140,0,0
BRDA:614,140,1,0
BRDA:614,141,0,0
BRDA:614,141,1,0
BRDA:614,142,0,0
BRDA:614,142,1,0
BRDA:614,143,0,0
BRDA:614,143,1,0
BRDA:614,144,0,0
BRDA:614,144,1,0
BRDA:614,145,0,0
BRDA:614,145,1,0
BRDA:614,146,0,0
BRDA:614,146,1,0
BRDA:614,147,0,0
BRDA:614,147,1,0
BRF:300
BRH:0
end_of_record
TN:
SF:src/routes/ClusterManagement/Clusters/ClusterDetails/ClusterDetails.tsx
FN:54,ClusterDetailsPage
FN:65,(anonymous_9)
FN:71,(anonymous_10)
FN:88,(anonymous_11)
FN:101,(anonymous_12)
FN:105,(anonymous_13)
FN:115,(anonymous_14)
FN:121,(anonymous_15)
FN:140,(anonymous_16)
FN:166,(anonymous_17)
FN:182,(anonymous_18)
FN:228,(anonymous_19)
FN:229,(anonymous_20)
FN:236,(anonymous_21)
FN:237,(anonymous_22)
FN:238,(anonymous_23)
FN:245,(anonymous_24)
FN:250,(anonymous_25)
FN:255,(anonymous_26)
FN:262,(anonymous_27)
FN:267,(anonymous_28)
FN:272,(anonymous_29)
FN:273,(anonymous_30)
FN:274,(anonymous_31)
FN:284,(anonymous_32)
FN:294,(anonymous_33)
FN:299,(anonymous_34)
FN:300,(anonymous_35)
FN:301,(anonymous_36)
FN:311,(anonymous_37)
FN:321,(anonymous_38)
FN:334,(anonymous_39)
FN:338,(anonymous_40)
FN:342,(anonymous_41)
FN:346,(anonymous_42)
FNF:35
FNH:0
FNDA:0,ClusterDetailsPage
FNDA:0,(anonymous_9)
FNDA:0,(anonymous_10)
FNDA:0,(anonymous_11)
FNDA:0,(anonymous_12)
FNDA:0,(anonymous_13)
FNDA:0,(anonymous_14)
FNDA:0,(anonymous_15)
FNDA:0,(anonymous_16)
FNDA:0,(anonymous_17)
FNDA:0,(anonymous_18)
FNDA:0,(anonymous_19)
FNDA:0,(anonymous_20)
FNDA:0,(anonymous_21)
FNDA:0,(anonymous_22)
FNDA:0,(anonymous_23)
FNDA:0,(anonymous_24)
FNDA:0,(anonymous_25)
FNDA:0,(anonymous_26)
FNDA:0,(anonymous_27)
FNDA:0,(anonymous_28)
FNDA:0,(anonymous_29)
FNDA:0,(anonymous_30)
FNDA:0,(anonymous_31)
FNDA:0,(anonymous_32)
FNDA:0,(anonymous_33)
FNDA:0,(anonymous_34)
FNDA:0,(anonymous_35)
FNDA:0,(anonymous_36)
FNDA:0,(anonymous_37)
FNDA:0,(anonymous_38)
FNDA:0,(anonymous_39)
FNDA:0,(anonymous_40)
FNDA:0,(anonymous_41)
FNDA:0,(anonymous_42)
DA:1,1
DA:13,1
DA:14,1
DA:15,1
DA:16,1
DA:17,1
DA:18,1
DA:19,1
DA:20,1
DA:21,1
DA:22,1
DA:24,1
DA:25,1
DA:29,1
DA:31,1
DA:32,1
DA:33,1
DA:34,1
DA:35,1
DA:36,1
DA:38,1
DA:54,1
DA:55,0
DA:56,0
DA:57,0
DA:58,0
DA:59,0
DA:60,0
DA:61,0
DA:62,0
DA:64,0
DA:65,0
DA:67,0
DA:68,0
DA:69,0
DA:70,0
DA:71,0
DA:72,0
DA:73,0
DA:76,0
DA:77,0
DA:78,0
DA:79,0
DA:80,0
DA:81,0
DA:86,0
DA:88,0
DA:89,0
DA:101,0
DA:102,0
DA:103,0
DA:104,0
DA:105,0
DA:106,0
DA:109,0
DA:114,0
DA:115,0
DA:117,0
DA:118,0
DA:119,0
DA:120,0
DA:121,0
DA:122,0
DA:123,0
DA:125,0
DA:126,0
DA:130,0
DA:131,0
DA:134,0
DA:135,0
DA:140,0
DA:149,0
DA:167,0
DA:168,0
DA:183,0
DA:228,0
DA:229,0
DA:237,0
DA:238,0
DA:239,0
DA:241,0
DA:245,0
DA:250,0
DA:256,0
DA:268,0
DA:273,0
DA:274,0
DA:275,0
DA:282,0
DA:285,0
DA:295,0
DA:300,0
DA:301,0
DA:302,0
DA:309,0
DA:312,0
DA:320,0
DA:321,0
DA:324,0
DA:334,0
DA:337,0
DA:338,0
DA:341,0
DA:342,0
DA:345,0
DA:346,0
DA:349,0
LF:107
LH:22
BRDA:72,0,0,0
BRDA:72,0,1,0
BRDA:76,1,0,0
BRDA:76,1,1,0
BRDA:76,2,0,0
BRDA:76,2,1,0
BRDA:77,3,0,0
BRDA:77,3,1,0
BRDA:78,4,0,0
BRDA:78,4,1,0
BRDA:78,5,0,0
BRDA:78,5,1,0
BRDA:88,6,0,0
BRDA:88,6,1,0
BRDA:106,7,0,0
BRDA:106,7,1,0
BRDA:106,8,0,0
BRDA:106,8,1,0
BRDA:122,9,0,0
BRDA:122,9,1,0
BRDA:125,10,0,0
BRDA:125,10,1,0
BRDA:130,11,0,0
BRDA:130,11,1,0
BRDA:134,12,0,0
BRDA:134,12,1,0
BRDA:165,13,0,0
BRDA:165,13,1,0
BRDA:179,14,0,0
BRDA:179,14,1,0
BRDA:179,15,0,0
BRDA:179,15,1,0
BRDA:181,16,0,0
BRDA:181,16,1,0
BRDA:181,17,0,0
BRDA:181,17,1,0
BRDA:181,18,0,0
BRDA:181,18,1,0
BRDA:228,19,0,0
BRDA:228,19,1,0
BRDA:227,20,0,0
BRDA:227,20,1,0
BRDA:227,21,0,0
BRDA:227,21,1,0
BRDA:227,22,0,0
BRDA:227,22,1,0
BRDA:230,23,0,0
BRDA:230,23,1,0
BRDA:230,24,0,0
BRDA:230,24,1,0
BRDA:230,25,0,0
BRDA:230,25,1,0
BRDA:230,26,0,0
BRDA:230,26,1,0
BRDA:231,27,0,0
BRDA:231,27,1,0
BRDA:231,28,0,0
BRDA:231,28,1,0
BRDA:231,29,0,0
BRDA:231,29,1,0
BRDA:231,30,0,0
BRDA:231,30,1,0
BRDA:232,31,0,0
BRDA:232,31,1,0
BRDA:232,32,0,0
BRDA:232,32,1,0
BRDA:232,33,0,0
BRDA:232,33,1,0
BRDA:232,34,0,0
BRDA:232,34,1,0
BRDA:239,35,0,0
BRDA:239,35,1,0
BRDA:239,36,0,0
BRDA:239,36,1,0
BRDA:250,37,0,0
BRDA:250,37,1,0
BRDA:250,38,0,0
BRDA:250,38,1,0
BRDA:270,39,0,0
BRDA:270,39,1,0
BRDA:270,40,0,0
BRDA:270,40,1,0
BRDA:273,41,0,0
BRDA:273,41,1,0
BRDA:273,42,0,0
BRDA:273,42,1,0
BRDA:275,43,0,0
BRDA:275,43,1,0
BRDA:302,44,0,0
BRDA:302,44,1,0
BRDA:320,45,0,0
BRDA:320,45,1,0
BRDA:320,46,0,0
BRDA:320,46,1,0
BRDA:320,47,0,0
BRDA:320,47,1,0
BRDA:324,48,0,0
BRDA:324,48,1,0
BRDA:325,49,0,0
BRDA:325,49,1,0
BRDA:325,49,2,0
BRDA:325,49,3,0
BRDA:326,50,0,0
BRDA:326,50,1,0
BRDA:326,51,0,0
BRDA:326,51,1,0
BRDA:326,52,0,0
BRDA:326,52,1,0
BRDA:326,53,0,0
BRDA:326,53,1,0
BRDA:326,54,0,0
BRDA:326,54,1,0
BRDA:326,55,0,0
BRDA:326,55,1,0
BRDA:326,56,0,0
BRDA:326,56,1,0
BRDA:327,57,0,0
BRDA:327,57,1,0
BRDA:327,58,0,0
BRDA:327,58,1,0
BRDA:327,59,0,0
BRDA:327,59,1,0
BRDA:327,60,0,0
BRDA:327,60,1,0
BRDA:327,61,0,0
BRDA:327,61,1,0
BRDA:327,62,0,0
BRDA:327,62,1,0
BRDA:329,63,0,0
BRDA:329,63,1,0
BRDA:329,64,0,0
BRDA:329,64,1,0
BRDA:329,65,0,0
BRDA:329,65,1,0
BRDA:329,66,0,0
BRDA:329,66,1,0
BRDA:329,67,0,0
BRDA:329,67,1,0
BRDA:329,68,0,0
BRDA:329,68,1,0
BRDA:330,69,0,0
BRDA:330,69,1,0
BRDA:329,70,0,0
BRDA:329,70,1,0
BRDA:330,71,0,0
BRDA:330,71,1,0
BRDA:329,72,0,0
BRDA:329,72,1,0
BRDA:330,73,0,0
BRDA:330,73,1,0
BRDA:330,74,0,0
BRDA:330,74,1,0
BRDA:331,75,0,0
BRDA:331,75,1,0
BRDA:331,76,0,0
BRDA:331,76,1,0
BRDA:331,77,0,0
BRDA:331,77,1,0
BRDA:331,78,0,0
BRDA:331,78,1,0
BRDA:331,79,0,0
BRDA:331,79,1,0
BRDA:331,80,0,0
BRDA:331,80,1,0
BRDA:332,81,0,0
BRDA:332,81,1,0
BRDA:331,82,0,0
BRDA:331,82,1,0
BRDA:332,83,0,0
BRDA:332,83,1,0
BRDA:331,84,0,0
BRDA:331,84,1,0
BRDA:332,85,0,0
BRDA:332,85,1,0
BRDA:332,86,0,0
BRDA:332,86,1,0
BRDA:337,87,0,0
BRDA:337,87,1,0
BRDA:337,88,0,0
BRDA:337,88,1,0
BRDA:337,89,0,0
BRDA:337,89,1,0
BRDA:341,90,0,0
BRDA:341,90,1,0
BRDA:341,91,0,0
BRDA:341,91,1,0
BRDA:341,92,0,0
BRDA:341,92,1,0
BRDA:345,93,0,0
BRDA:345,93,1,0
BRDA:345,94,0,0
BRDA:345,94,1,0
BRDA:345,95,0,0
BRDA:345,95,1,0
BRDA:351,96,0,0
BRDA:351,96,1,0
BRDA:351,97,0,0
BRDA:351,97,1,0
BRF:198
BRH:0
end_of_record
TN:
SF:src/routes/ClusterManagement/Clusters/ClusterDetails/ClusterNodes/ClusterNodes.tsx
FN:7,NodePoolsPageContent
FN:12,NodesPoolsTable
FN:15,getLabelCellFn
FN:16,(anonymous_3)
FN:21,getLabelSortFn
FN:22,(anonymous_5)
FN:30,getRoles
FN:35,(anonymous_7)
FN:43,rolesCellFn
FN:47,rolesSortFn
FN:53,getNodeMemory
FN:63,memorySortFn
FN:66,memoryCellFn
FN:102,(anonymous_13)
FN:110,keyFn
FN:130,formatFileSize
FNF:16
FNH:0
FNDA:0,NodePoolsPageContent
FNDA:0,NodesPoolsTable
FNDA:0,getLabelCellFn
FNDA:0,(anonymous_3)
FNDA:0,getLabelSortFn
FNDA:0,(anonymous_5)
FNDA:0,getRoles
FNDA:0,(anonymous_7)
FNDA:0,rolesCellFn
FNDA:0,rolesSortFn
FNDA:0,getNodeMemory
FNDA:0,memorySortFn
FNDA:0,memoryCellFn
FNDA:0,(anonymous_13)
FNDA:0,keyFn
FNDA:0,formatFileSize
DA:1,1
DA:2,1
DA:3,1
DA:5,1
DA:7,1
DA:8,0
DA:9,0
DA:12,1
DA:13,0
DA:16,0
DA:17,0
DA:19,0
DA:22,0
DA:23,0
DA:24,0
DA:25,0
DA:27,0
DA:31,0
DA:32,0
DA:33,0
DA:34,0
DA:35,0
DA:36,0
DA:37,0
DA:41,0
DA:44,0
DA:45,0
DA:48,0
DA:49,0
DA:50,0
DA:54,0
DA:55,0
DA:56,0
DA:57,0
DA:58,0
DA:60,0
DA:64,0
DA:67,0
DA:68,0
DA:69,0
DA:72,0
DA:102,0
DA:111,0
DA:114,0
DA:131,0
DA:133,0
DA:135,0
DA:136,0
DA:137,0
DA:139,0
DA:142,0
DA:143,0
DA:144,0
DA:147,0
DA:148,0
DA:152,0
DA:153,0
DA:156,0
DA:158,0
DA:161,0
DA:162,0
DA:165,0
LF:62
LH:6
BRDA:9,0,0,0
BRDA:9,0,1,0
BRDA:9,1,0,0
BRDA:9,1,1,0
BRDA:9,2,0,0
BRDA:9,2,1,0
BRDA:9,3,0,0
BRDA:9,3,1,0
BRDA:17,4,0,0
BRDA:17,4,1,0
BRDA:17,4,2,0
BRDA:23,5,0,0
BRDA:23,5,1,0
BRDA:23,5,2,0
BRDA:24,6,0,0
BRDA:24,6,1,0
BRDA:24,6,2,0
BRDA:34,7,0,0
BRDA:34,7,1,0
BRDA:36,8,0,0
BRDA:36,8,1,0
BRDA:56,9,0,0
BRDA:56,9,1,0
BRDA:57,10,0,0
BRDA:57,10,1,0
BRDA:68,11,0,0
BRDA:68,11,1,0
BRDA:68,12,0,0
BRDA:68,12,1,0
BRDA:102,13,0,0
BRDA:102,13,1,0
BRDA:102,14,0,0
BRDA:102,14,1,0
BRDA:102,15,0,0
BRDA:102,15,1,0
BRDA:102,16,0,0
BRDA:102,16,1,0
BRDA:131,17,0,0
BRDA:131,17,1,0
BRDA:143,18,0,0
BRDA:143,18,1,0
BRDA:147,19,0,0
BRDA:147,19,1,0
BRDA:147,20,0,0
BRDA:147,20,1,0
BRDA:152,21,0,0
BRDA:152,21,1,0
BRDA:161,22,0,0
BRDA:161,22,1,0
BRF:49
BRH:0
end_of_record
TN:
SF:src/routes/ClusterManagement/Clusters/ClusterDetails/ClusterOverview/ClusterOverview.tsx
FN:14,ClusterOverviewPageContent
FN:37,(anonymous_3)
FNF:2
FNH:0
FNDA:0,ClusterOverviewPageContent
FNDA:0,(anonymous_3)
DA:1,1
DA:2,1
DA:3,1
DA:4,1
DA:5,1
DA:6,1
DA:7,1
DA:8,1
DA:9,1
DA:10,1
DA:11,1
DA:12,1
DA:14,1
DA:15,0
DA:16,0
DA:17,0
DA:37,0
LF:17
LH:13
BRDA:24,0,0,0
BRDA:24,0,1,0
BRDA:24,1,0,0
BRDA:24,1,1,0
BRDA:25,2,0,0
BRDA:25,2,1,0
BRDA:25,3,0,0
BRDA:25,3,1,0
BRDA:25,4,0,0
BRDA:25,4,1,0
BRDA:25,5,0,0
BRDA:25,5,1,0
BRDA:25,6,0,0
BRDA:25,6,1,0
BRDA:28,7,0,0
BRDA:28,7,1,0
BRDA:28,8,0,0
BRDA:28,8,1,0
BRDA:28,9,0,0
BRDA:28,9,1,0
BRDA:28,10,0,0
BRDA:28,10,1,0
BRDA:28,11,0,0
BRDA:28,11,1,0
BRDA:29,12,0,0
BRDA:29,12,1,0
BRDA:29,13,0,0
BRDA:29,13,1,0
BRDA:29,14,0,0
BRDA:29,14,1,0
BRDA:29,15,0,0
BRDA:29,15,1,0
BRDA:29,16,0,0
BRDA:29,16,1,0
BRDA:34,17,0,0
BRDA:34,17,1,0
BRDA:34,18,0,0
BRDA:34,18,1,0
BRDA:34,19,0,0
BRDA:34,19,1,0
BRDA:34,20,0,0
BRDA:34,20,1,0
BRDA:34,21,0,0
BRDA:34,21,1,0
BRDA:37,22,0,0
BRDA:37,22,1,0
BRDA:37,23,0,0
BRDA:37,23,1,0
BRDA:47,24,0,0
BRDA:47,24,1,0
BRDA:47,25,0,0
BRDA:47,25,1,0
BRDA:50,26,0,0
BRDA:50,26,1,0
BRDA:50,27,0,0
BRDA:50,27,1,0
BRDA:50,28,0,0
BRDA:50,28,1,0
BRDA:51,29,0,0
BRDA:51,29,1,0
BRDA:51,30,0,0
BRDA:51,30,1,0
BRDA:52,31,0,0
BRDA:52,31,1,0
BRDA:52,32,0,0
BRDA:52,32,1,0
BRDA:62,33,0,0
BRDA:62,33,1,0
BRDA:62,34,0,0
BRDA:62,34,1,0
BRDA:62,35,0,0
BRDA:62,35,1,0
BRF:72
BRH:0
end_of_record
TN:
SF:src/routes/ClusterManagement/Clusters/ClusterDetails/ClusterSettings/ClusterSettings.tsx
FN:8,ClustersSettingsPageContent
FN:13,ClusterSettingsTable
FN:34,(anonymous_2)
FN:60,(anonymous_3)
FNF:4
FNH:0
FNDA:0,ClustersSettingsPageContent
FNDA:0,ClusterSettingsTable
FNDA:0,(anonymous_2)
FNDA:0,(anonymous_3)
DA:1,1
DA:2,1
DA:3,1
DA:4,1
DA:5,1
DA:6,1
DA:8,1
DA:9,0
DA:10,0
DA:13,1
DA:14,0
DA:16,0
DA:17,0
DA:20,0
DA:36,0
DA:38,0
DA:39,0
DA:41,0
DA:42,0
DA:44,0
DA:45,0
DA:49,0
DA:51,0
DA:60,0
LF:24
LH:8
BRDA:16,0,0,0
BRDA:16,0,1,0
BRDA:37,1,0,0
BRDA:37,1,1,0
BRDA:37,1,2,0
BRDA:37,1,3,0
BRDA:37,1,4,0
BRDA:37,1,5,0
BRF:8
BRH:0
end_of_record
TN:
SF:src/routes/ClusterManagement/Clusters/CreateCluster/controlData/ControlDataAWS.js
FN:45,(anonymous_0)
FN:46,(anonymous_1)
FN:48,(anonymous_2)
FN:49,(anonymous_3)
FNF:4
FNH:0
FNDA:0,(anonymous_0)
FNDA:0,(anonymous_1)
FNDA:0,(anonymous_2)
FNDA:0,(anonymous_3)
DA:21,0
DA:45,0
DA:46,0
DA:47,0
DA:48,0
DA:49,0
DA:50,0
DA:51,0
DA:52,0
DA:55,0
DA:56,0
DA:59,0
DA:68,0
DA:560,0
LF:14
LH:0
BRDA:51,0,0,0
BRDA:51,0,1,0
BRF:2
BRH:0
end_of_record
TN:
SF:src/routes/ClusterManagement/Clusters/CreateCluster/controlData/ControlDataAZR.js
FNF:0
FNH:0
DA:10,0
DA:36,0
DA:46,0
DA:394,0
LF:4
LH:0
BRF:0
BRH:0
end_of_record
TN:
SF:src/routes/ClusterManagement/Clusters/CreateCluster/controlData/ControlDataGCP.js
FNF:0
FNH:0
DA:10,0
DA:34,0
DA:43,0
DA:238,0
LF:4
LH:0
BRF:0
BRH:0
end_of_record
TN:
SF:src/routes/ClusterManagement/Clusters/CreateCluster/controlData/ControlDataHelpers.js
FN:15,(anonymous_0)
FN:17,(anonymous_1)
FN:26,(anonymous_2)
FN:28,(anonymous_3)
FN:38,(anonymous_4)
FN:45,(anonymous_5)
FN:50,(anonymous_6)
FN:69,(anonymous_7)
FN:105,(anonymous_8)
FN:124,(anonymous_9)
FN:140,(anonymous_10)
FN:146,(anonymous_11)
FNF:12
FNH:0
FNDA:0,(anonymous_0)
FNDA:0,(anonymous_1)
FNDA:0,(anonymous_2)
FNDA:0,(anonymous_3)
FNDA:0,(anonymous_4)
FNDA:0,(anonymous_5)
FNDA:0,(anonymous_6)
FNDA:0,(anonymous_7)
FNDA:0,(anonymous_8)
FNDA:0,(anonymous_9)
FNDA:0,(anonymous_10)
FNDA:0,(anonymous_11)
DA:7,0
DA:15,0
DA:16,0
DA:18,0
DA:26,0
DA:27,0
DA:29,0
DA:38,0
DA:39,0
DA:45,0
DA:46,0
DA:47,0
DA:50,0
DA:51,0
DA:52,0
DA:53,0
DA:54,0
DA:55,0
DA:56,0
DA:57,0
DA:58,0
DA:60,0
DA:61,0
DA:62,0
DA:63,0
DA:64,0
DA:65,0
DA:66,0
DA:67,0
DA:68,0
DA:69,0
DA:70,0
DA:71,0
DA:72,0
DA:74,0
DA:75,0
DA:77,0
DA:78,0
DA:80,0
DA:82,0
DA:83,0
DA:85,0
DA:87,0
DA:89,0
DA:90,0
DA:101,0
DA:105,0
DA:106,0
DA:107,0
DA:108,0
DA:124,0
DA:125,0
DA:126,0
DA:127,0
DA:128,0
DA:129,0
DA:130,0
DA:131,0
DA:132,0
DA:133,0
DA:134,0
DA:135,0
DA:136,0
DA:137,0
DA:138,0
DA:139,0
DA:140,0
DA:141,0
DA:142,0
DA:143,0
DA:144,0
DA:145,0
DA:146,0
DA:147,0
DA:149,0
DA:155,0
DA:159,0
DA:222,0
LF:78
LH:0
BRDA:55,0,0,0
BRDA:55,0,1,0
BRDA:56,1,0,0
BRDA:56,1,1,0
BRDA:60,2,0,0
BRDA:60,2,1,0
BRDA:60,3,0,0
BRDA:60,3,1,0
BRDA:60,3,2,0
BRDA:61,4,0,0
BRDA:61,4,1,0
BRDA:65,5,0,0
BRDA:65,5,1,0
BRDA:74,6,0,0
BRDA:74,6,1,0
BRDA:75,7,0,0
BRDA:75,7,1,0
BRDA:75,7,2,0
BRDA:77,8,0,0
BRDA:77,8,1,0
BRDA:82,9,0,0
BRDA:82,9,1,0
BRDA:82,10,0,0
BRDA:82,10,1,0
BRDA:107,11,0,0
BRDA:107,11,1,0
BRDA:107,12,0,0
BRDA:107,12,1,0
BRDA:108,13,0,0
BRDA:108,13,1,0
BRDA:131,14,0,0
BRDA:131,14,1,0
BRDA:132,15,0,0
BRDA:132,15,1,0
BRDA:134,16,0,0
BRDA:134,16,1,0
BRDA:143,17,0,0
BRDA:143,17,1,0
BRF:38
BRH:0
end_of_record
TN:
SF:src/routes/ClusterManagement/Clusters/CreateCluster/controlData/ControlDataVMW.js
FNF:0
FNH:0
DA:9,0
LF:1
LH:0
BRF:0
BRH:0
end_of_record
TN:
SF:src/routes/ClusterManagement/Clusters/ImportCluster/ImportCluster.tsx
FN:30,ImportClusterPage
FN:46,ImportClusterPageContent
FN:58,(anonymous_24)
FN:68,(anonymous_25)
FN:81,(anonymous_28)
FN:81,(anonymous_29)
FN:125,(anonymous_31)
FN:135,(anonymous_32)
FN:138,(anonymous_33)
FN:154,(anonymous_34)
FN:165,(anonymous_35)
FN:207,(anonymous_36)
FNF:12
FNH:0
FNDA:0,ImportClusterPage
FNDA:0,ImportClusterPageContent
FNDA:0,(anonymous_24)
FNDA:0,(anonymous_25)
FNDA:0,(anonymous_28)
FNDA:0,(anonymous_29)
FNDA:0,(anonymous_31)
FNDA:0,(anonymous_32)
FNDA:0,(anonymous_33)
FNDA:0,(anonymous_34)
FNDA:0,(anonymous_35)
FNDA:0,(anonymous_36)
DA:1,0
DA:2,0
DA:15,0
DA:16,0
DA:17,0
DA:18,0
DA:19,0
DA:20,0
DA:21,0
DA:22,0
DA:23,0
DA:24,0
DA:25,0
DA:27,0
DA:28,0
DA:30,0
DA:31,0
DA:32,0
DA:46,0
DA:47,0
DA:48,0
DA:49,0
DA:50,0
DA:51,0
DA:52,0
DA:53,0
DA:54,0
DA:55,0
DA:56,0
DA:58,0
DA:59,0
DA:60,0
DA:61,0
DA:62,0
DA:63,0
DA:64,0
DA:65,0
DA:68,0
DA:69,0
DA:70,0
DA:71,0
DA:73,0
DA:80,0
DA:81,0
DA:84,0
DA:86,0
DA:87,0
DA:88,0
DA:91,0
DA:92,0
DA:94,0
DA:96,0
DA:97,0
DA:98,0
DA:99,0
DA:101,0
DA:104,0
DA:106,0
DA:107,0
DA:108,0
DA:110,0
DA:111,0
DA:116,0
DA:125,0
DA:135,0
DA:138,0
DA:154,0
DA:165,0
DA:208,0
LF:69
LH:0
BRDA:49,0,0,0
BRDA:49,0,1,0
BRDA:49,1,0,0
BRDA:49,1,1,0
BRDA:74,2,0,0
BRDA:74,2,1,0
BRDA:74,3,0,0
BRDA:74,3,1,0
BRDA:77,4,0,0
BRDA:77,4,1,0
BRDA:77,5,0,0
BRDA:77,5,1,0
BRDA:87,6,0,0
BRDA:87,6,1,0
BRDA:96,7,0,0
BRDA:96,7,1,0
BRDA:97,8,0,0
BRDA:97,8,1,0
BRDA:168,9,0,0
BRDA:168,9,1,0
BRDA:181,10,0,0
BRDA:181,10,1,0
BRDA:183,11,0,0
BRDA:183,11,1,0
BRDA:183,12,0,0
BRDA:183,12,1,0
BRDA:187,13,0,0
BRDA:187,13,1,0
BRDA:186,14,0,0
BRDA:186,14,1,0
BRDA:196,15,0,0
BRDA:196,15,1,0
BRDA:199,16,0,0
BRDA:199,16,1,0
BRDA:199,16,2,0
BRDA:209,17,0,0
BRDA:209,17,1,0
BRF:37
BRH:0
end_of_record
TN:
SF:src/routes/ClusterManagement/Clusters/components/DownloadConfigurationDropdown.tsx
FN:8,DownloadConfigurationDropdown
FN:12,(anonymous_14)
FN:12,(anonymous_15)
FN:44,(anonymous_17)
FNF:4
FNH:0
FNDA:0,DownloadConfigurationDropdown
FNDA:0,(anonymous_14)
FNDA:0,(anonymous_15)
FNDA:0,(anonymous_17)
DA:1,1
DA:2,1
DA:3,1
DA:4,1
DA:5,1
DA:6,1
DA:8,1
DA:9,0
DA:10,0
DA:12,0
DA:14,0
DA:19,0
DA:21,0
DA:23,0
DA:24,0
DA:26,0
DA:27,0
DA:29,0
DA:33,0
DA:34,0
DA:38,0
DA:44,0
DA:50,0
LF:23
LH:7
BRDA:15,0,0,0
BRDA:15,0,1,0
BRDA:15,1,0,0
BRDA:15,1,1,0
BRDA:15,2,0,0
BRDA:15,2,1,0
BRDA:15,3,0,0
BRDA:15,3,1,0
BRDA:15,4,0,0
BRDA:15,4,1,0
BRDA:15,5,0,0
BRDA:15,5,1,0
BRDA:16,6,0,0
BRDA:16,6,1,0
BRDA:16,7,0,0
BRDA:16,7,1,0
BRDA:16,8,0,0
BRDA:16,8,1,0
BRDA:16,9,0,0
BRDA:16,9,1,0
BRDA:16,10,0,0
BRDA:16,10,1,0
BRDA:16,11,0,0
BRDA:16,11,1,0
BRDA:19,12,0,0
BRDA:19,12,1,0
BRDA:19,13,0,0
BRDA:19,13,1,0
BRDA:19,14,0,0
BRDA:19,14,1,0
BRDA:19,15,0,0
BRDA:19,15,1,0
BRDA:21,16,0,0
BRDA:21,16,1,0
BRDA:21,17,0,0
BRDA:21,17,1,0
BRDA:21,18,0,0
BRDA:21,18,1,0
BRDA:21,19,0,0
BRDA:21,19,1,0
BRDA:26,20,0,0
BRDA:26,20,1,0
BRDA:26,21,0,0
BRDA:26,21,1,0
BRDA:26,22,0,0
BRDA:26,22,1,0
BRDA:26,23,0,0
BRDA:26,23,1,0
BRDA:33,24,0,0
BRDA:33,24,1,0
BRDA:33,25,0,0
BRDA:33,25,1,0
BRDA:33,26,0,0
BRDA:33,26,1,0
BRF:54
BRH:0
end_of_record
TN:
SF:src/routes/ClusterManagement/Clusters/components/EditLabelsModal.tsx
FN:19,EditLabelsModal
FN:23,(anonymous_4)
FN:45,(anonymous_5)
FN:52,(anonymous_6)
FN:67,(anonymous_7)
FN:75,(anonymous_8)
FN:82,(anonymous_9)
FN:85,(anonymous_10)
FNF:8
FNH:8
FNDA:9,EditLabelsModal
FNDA:3,(anonymous_4)
FNDA:3,(anonymous_5)
FNDA:2,(anonymous_6)
FNDA:2,(anonymous_7)
FNDA:3,(anonymous_8)
FNDA:1,(anonymous_9)
FNDA:1,(anonymous_10)
DA:1,2
DA:10,2
DA:11,2
DA:12,2
DA:13,2
DA:15,2
DA:16,2
DA:19,2
DA:20,9
DA:21,9
DA:22,9
DA:23,9
DA:26,3
DA:29,9
DA:45,3
DA:53,2
DA:54,2
DA:62,2
DA:64,2
DA:65,2
DA:67,2
DA:73,2
DA:75,3
DA:81,2
DA:83,1
DA:86,1
DA:87,1
LF:27
LH:27
BRDA:27,0,0,0
BRDA:27,0,1,9
BRDA:27,1,0,9
BRDA:27,1,1,9
BRDA:42,2,0,0
BRDA:42,2,1,9
BRDA:42,3,0,9
BRDA:42,3,1,9
BRDA:58,4,0,0
BRDA:58,4,1,2
BRDA:58,5,0,2
BRDA:58,5,1,2
BRDA:59,6,0,0
BRDA:59,6,1,2
BRDA:59,7,0,2
BRDA:59,7,1,2
BRDA:64,8,0,2
BRF:17
BRH:13
end_of_record
TN:
SF:src/routes/ClusterManagement/Clusters/components/HiveNotification.tsx
FN:25,HiveNotification
FN:31,(anonymous_3)
FN:37,(anonymous_4)
FN:44,(anonymous_5)
FN:72,(anonymous_6)
FN:87,(anonymous_7)
FNF:6
FNH:0
FNDA:0,HiveNotification
FNDA:0,(anonymous_3)
FNDA:0,(anonymous_4)
FNDA:0,(anonymous_5)
FNDA:0,(anonymous_6)
FNDA:0,(anonymous_7)
DA:1,1
DA:2,1
DA:3,1
DA:4,1
DA:5,1
DA:6,1
DA:7,1
DA:8,1
DA:9,1
DA:10,1
DA:11,1
DA:12,1
DA:14,1
DA:25,1
DA:26,0
DA:27,0
DA:28,0
DA:30,0
DA:31,0
DA:36,0
DA:37,0
DA:38,0
DA:39,0
DA:41,0
DA:42,0
DA:43,0
DA:44,0
DA:47,0
DA:48,0
DA:52,0
DA:53,0
DA:57,0
DA:59,0
DA:60,0
DA:63,0
DA:73,0
DA:85,0
DA:86,0
DA:87,0
DA:88,0
DA:89,0
LF:41
LH:14
BRDA:31,0,0,0
BRDA:31,0,1,0
BRDA:31,1,0,0
BRDA:31,1,1,0
BRDA:31,2,0,0
BRDA:31,2,1,0
BRDA:31,3,0,0
BRDA:31,3,1,0
BRDA:32,4,0,0
BRDA:32,4,1,0
BRDA:32,5,0,0
BRDA:32,5,1,0
BRDA:38,6,0,0
BRDA:38,6,1,0
BRDA:38,7,0,0
BRDA:38,7,1,0
BRDA:38,8,0,0
BRDA:38,8,1,0
BRDA:41,9,0,0
BRDA:43,10,0,0
BRDA:43,10,1,0
BRDA:43,11,0,0
BRDA:43,11,1,0
BRDA:43,12,0,0
BRDA:43,12,1,0
BRDA:43,13,0,0
BRDA:43,13,1,0
BRDA:47,14,0,0
BRDA:47,15,0,0
BRDA:47,15,1,0
BRDA:47,16,0,0
BRDA:47,16,1,0
BRDA:55,17,0,0
BRDA:55,17,1,0
BRDA:55,18,0,0
BRDA:55,18,1,0
BRDA:59,19,0,0
BRDA:59,19,1,0
BRDA:59,20,0,0
BRDA:59,20,1,0
BRDA:59,21,0,0
BRDA:59,21,1,0
BRDA:59,22,0,0
BRDA:59,22,1,0
BRDA:59,23,0,0
BRDA:59,23,1,0
BRDA:64,24,0,0
BRDA:64,24,1,0
BRDA:64,25,0,0
BRDA:64,25,1,0
BRDA:67,26,0,0
BRDA:67,26,1,0
BRDA:67,27,0,0
BRDA:67,27,1,0
BRDA:67,28,0,0
BRDA:67,28,1,0
BRDA:70,29,0,0
BRDA:70,29,1,0
BRDA:70,30,0,0
BRDA:70,30,1,0
BRDA:85,31,0,0
BRDA:85,32,0,0
BRDA:85,32,1,0
BRDA:88,33,0,0
BRDA:88,33,1,0
BRDA:88,34,0,0
BRDA:88,34,1,0
BRDA:89,35,0,0
BRDA:89,35,1,0
BRF:69
BRH:0
end_of_record
TN:
SF:src/routes/ClusterManagement/Clusters/components/ImportCommand.tsx
FN:20,ImportCommandContainer
FN:26,(anonymous_22)
FN:37,(anonymous_23)
FN:40,(anonymous_24)
FN:44,(anonymous_25)
FN:83,ImportCommand
FN:135,pollImportYamlSecret
FN:137,(anonymous_30)
FN:137,(anonymous_31)
FN:139,(anonymous_33)
FN:146,(anonymous_34)
FNF:11
FNH:11
FNDA:8,ImportCommandContainer
FNDA:8,(anonymous_22)
FNDA:1,(anonymous_23)
FNDA:1,(anonymous_24)
FNDA:2,(anonymous_25)
FNDA:3,ImportCommand
FNDA:2,pollImportYamlSecret
FNDA:12,(anonymous_30)
FNDA:12,(anonymous_31)
FNDA:1,(anonymous_33)
FNDA:11,(anonymous_34)
DA:1,1
DA:2,1
DA:13,1
DA:14,1
DA:15,1
DA:17,1
DA:18,1
DA:20,1
DA:21,8
DA:22,8
DA:23,8
DA:24,8
DA:26,8
DA:27,8
DA:35,2
DA:36,2
DA:38,1
DA:41,1
DA:42,1
DA:45,2
DA:50,8
DA:51,4
DA:60,4
DA:61,1
DA:64,3
DA:65,3
DA:73,0
DA:83,1
DA:84,3
DA:86,3
DA:87,2
DA:90,1
DA:135,1
DA:136,2
DA:137,12
DA:138,12
DA:140,1
DA:141,1
DA:142,1
DA:147,11
DA:148,10
DA:150,1
DA:154,2
LF:43
LH:42
BRDA:27,0,0,2
BRDA:27,0,1,6
BRDA:28,1,0,8
BRDA:28,1,1,8
BRDA:28,1,2,8
BRDA:28,1,3,6
BRDA:28,1,4,3
BRDA:28,1,5,2
BRDA:28,2,0,0
BRDA:28,2,1,8
BRDA:28,3,0,8
BRDA:28,3,1,8
BRDA:29,4,0,0
BRDA:29,4,1,8
BRDA:29,5,0,8
BRDA:29,5,1,8
BRDA:33,6,0,0
BRDA:33,6,1,2
BRDA:33,7,0,2
BRDA:33,7,1,2
BRDA:36,8,0,0
BRDA:36,8,1,2
BRDA:36,9,0,2
BRDA:36,9,1,2
BRDA:38,10,0,0
BRDA:38,10,1,1
BRDA:38,11,0,1
BRDA:38,11,1,1
BRDA:50,12,0,4
BRDA:50,12,1,4
BRDA:60,13,0,1
BRDA:60,13,1,3
BRDA:64,14,0,3
BRDA:64,14,1,0
BRDA:64,15,0,0
BRDA:64,15,1,3
BRDA:64,16,0,3
BRDA:64,16,1,3
BRDA:86,17,0,2
BRDA:86,17,1,1
BRDA:86,18,0,3
BRDA:86,18,1,3
BRDA:86,18,2,3
BRDA:108,19,0,1
BRDA:108,19,1,0
BRDA:117,20,0,0
BRDA:117,20,1,0
BRDA:114,21,0,0
BRDA:114,21,1,0
BRDA:140,22,0,0
BRDA:140,22,1,1
BRDA:140,23,0,1
BRDA:140,23,1,1
BRDA:141,24,0,0
BRDA:141,24,1,1
BRDA:141,25,0,1
BRDA:141,25,1,1
BRDA:147,26,0,10
BRDA:147,26,1,1
BRF:59
BRH:45
end_of_record
TN:
SF:src/routes/ClusterManagement/Clusters/components/LoginCredentials.tsx
FN:30,(anonymous_15)
FN:33,(anonymous_16)
FN:43,(anonymous_17)
FN:55,LoginCredentials
FN:65,(anonymous_19)
FN:112,(anonymous_22)
FNF:6
FNH:0
FNDA:0,(anonymous_15)
FNDA:0,(anonymous_16)
FNDA:0,(anonymous_17)
FNDA:0,LoginCredentials
FNDA:0,(anonymous_19)
FNDA:0,(anonymous_22)
DA:1,1
DA:2,1
DA:10,1
DA:11,1
DA:12,1
DA:13,1
DA:14,1
DA:25,1
DA:30,0
DA:33,0
DA:44,0
DA:55,1
DA:56,0
DA:57,0
DA:58,0
DA:59,0
DA:60,0
DA:61,0
DA:62,0
DA:63,0
DA:65,0
DA:67,0
DA:69,0
DA:70,0
DA:71,0
DA:73,0
DA:74,0
DA:75,0
DA:76,0
DA:78,0
DA:80,0
DA:83,0
DA:87,0
DA:88,0
DA:113,0
DA:114,0
DA:115,0
DA:116,0
DA:117,0
DA:118,0
DA:133,0
DA:150,0
LF:42
LH:9
BRDA:30,0,0,0
BRDA:30,0,1,0
BRDA:33,1,0,0
BRDA:33,1,1,0
BRDA:44,2,0,0
BRDA:44,2,1,0
BRDA:62,3,0,0
BRDA:62,3,1,0
BRDA:62,3,2,0
BRDA:67,4,0,0
BRDA:67,4,1,0
BRDA:67,5,0,0
BRDA:67,5,1,0
BRDA:67,6,0,0
BRDA:67,6,1,0
BRDA:67,7,0,0
BRDA:67,7,1,0
BRDA:69,8,0,0
BRDA:69,8,1,0
BRDA:69,9,0,0
BRDA:69,9,1,0
BRDA:69,10,0,0
BRDA:69,10,1,0
BRDA:69,11,0,0
BRDA:69,11,1,0
BRDA:69,12,0,0
BRDA:69,12,1,0
BRDA:69,13,0,0
BRDA:69,13,1,0
BRDA:70,14,0,0
BRDA:70,14,1,0
BRDA:70,15,0,0
BRDA:70,15,1,0
BRDA:70,15,2,0
BRDA:70,16,0,0
BRDA:70,16,1,0
BRDA:70,17,0,0
BRDA:70,17,1,0
BRDA:70,18,0,0
BRDA:70,18,1,0
BRDA:70,19,0,0
BRDA:70,19,1,0
BRDA:87,20,0,0
BRDA:87,20,1,0
BRDA:87,21,0,0
BRDA:87,21,1,0
BRDA:87,22,0,0
BRDA:87,22,1,0
BRDA:87,23,0,0
BRDA:87,23,1,0
BRDA:87,24,0,0
BRDA:87,24,1,0
BRDA:90,25,0,0
BRDA:90,25,1,0
BRDA:91,26,0,0
BRDA:91,26,1,0
BRDA:94,27,0,0
BRDA:94,27,1,0
BRDA:94,28,0,0
BRDA:94,28,1,0
BRDA:94,29,0,0
BRDA:94,29,1,0
BRDA:94,30,0,0
BRDA:94,30,1,0
BRDA:99,31,0,0
BRDA:99,31,1,0
BRDA:99,32,0,0
BRDA:99,32,1,0
BRDA:99,33,0,0
BRDA:99,33,1,0
BRDA:99,34,0,0
BRDA:99,34,1,0
BRDA:108,35,0,0
BRDA:108,35,1,0
BRDA:113,36,0,0
BRDA:113,36,1,0
BRDA:115,37,0,0
BRDA:115,37,1,0
BRDA:117,38,0,0
BRDA:117,38,1,0
BRDA:124,39,0,0
BRDA:124,39,1,0
BRDA:128,40,0,0
BRDA:128,40,1,0
BRDA:137,41,0,0
BRDA:137,41,1,0
BRDA:140,42,0,0
BRDA:140,42,1,0
BRF:88
BRH:0
end_of_record
TN:
SF:src/routes/ClusterManagement/Clusters/components/StatusSummaryCount.tsx
FN:10,(anonymous_2)
FN:12,(anonymous_3)
FN:16,StatusSummaryCount
FN:41,(anonymous_5)
FN:53,(anonymous_6)
FN:60,(anonymous_7)
FN:65,(anonymous_8)
FN:77,(anonymous_9)
FNF:8
FNH:0
FNDA:0,(anonymous_2)
FNDA:0,(anonymous_3)
FNDA:0,StatusSummaryCount
FNDA:0,(anonymous_5)
FNDA:0,(anonymous_6)
FNDA:0,(anonymous_7)
FNDA:0,(anonymous_8)
FNDA:0,(anonymous_9)
DA:1,1
DA:2,1
DA:3,1
DA:4,1
DA:5,1
DA:6,1
DA:7,1
DA:8,1
DA:10,1
DA:11,0
DA:12,0
DA:13,0
DA:16,1
DA:17,0
DA:18,0
DA:19,0
DA:25,0
DA:30,0
DA:41,0
DA:54,0
DA:60,0
DA:66,0
DA:77,0
LF:23
LH:10
BRDA:12,0,0,0
BRDA:12,0,1,0
BRDA:13,1,0,0
BRDA:13,1,1,0
BRDA:40,2,0,0
BRDA:40,2,1,0
BRDA:40,3,0,0
BRDA:40,3,1,0
BRDA:40,4,0,0
BRDA:40,4,1,0
BRDA:40,5,0,0
BRDA:40,5,1,0
BRDA:40,6,0,0
BRDA:40,6,1,0
BRDA:40,7,0,0
BRDA:40,7,1,0
BRDA:40,8,0,0
BRDA:40,8,1,0
BRDA:40,9,0,0
BRDA:40,9,1,0
BRDA:46,10,0,0
BRDA:46,10,1,0
BRDA:46,11,0,0
BRDA:46,11,1,0
BRDA:46,12,0,0
BRDA:46,12,1,0
BRDA:46,13,0,0
BRDA:46,13,1,0
BRDA:52,14,0,0
BRDA:52,14,1,0
BRDA:52,15,0,0
BRDA:52,15,1,0
BRDA:52,16,0,0
BRDA:52,16,1,0
BRDA:52,17,0,0
BRDA:52,17,1,0
BRDA:52,18,0,0
BRDA:52,18,1,0
BRDA:52,19,0,0
BRDA:52,19,1,0
BRDA:52,20,0,0
BRDA:52,20,1,0
BRDA:52,21,0,0
BRDA:52,21,1,0
BRDA:52,22,0,0
BRDA:52,22,1,0
BRDA:52,23,0,0
BRDA:52,23,1,0
BRDA:64,24,0,0
BRDA:64,24,1,0
BRDA:64,25,0,0
BRDA:64,25,1,0
BRDA:64,26,0,0
BRDA:64,26,1,0
BRDA:64,27,0,0
BRDA:64,27,1,0
BRDA:64,28,0,0
BRDA:64,28,1,0
BRDA:64,29,0,0
BRDA:64,29,1,0
BRDA:64,30,0,0
BRDA:64,30,1,0
BRDA:64,31,0,0
BRDA:64,31,1,0
BRDA:64,32,0,0
BRDA:64,32,1,0
BRDA:64,33,0,0
BRDA:64,33,1,0
BRDA:70,34,0,0
BRDA:70,34,1,0
BRDA:70,35,0,0
BRDA:70,35,1,0
BRDA:70,36,0,0
BRDA:70,36,1,0
BRDA:70,37,0,0
BRDA:70,37,1,0
BRF:76
BRH:0
end_of_record
TN:
SF:src/routes/ClusterManagement/DiscoveredClusters/DiscoveredClusters.tsx
FN:27,(anonymous_9)
FN:39,(anonymous_10)
FN:58,(anonymous_11)
FN:70,(anonymous_12)
FN:77,(anonymous_13)
FN:88,(anonymous_14)
FN:105,(anonymous_15)
FN:122,(anonymous_16)
FN:139,DiscoveredClustersPage
FN:147,DiscoveredClustersEmptyState
FN:160,DiscoveredClustersPageContent
FN:184,DiscoveredClustersTable
FN:198,(anonymous_21)
FN:203,(anonymous_22)
FN:211,(anonymous_23)
FN:223,dckeyFn
FN:227,capitalizeFirstLetter
FNF:17
FNH:14
FNDA:4,(anonymous_9)
FNDA:4,(anonymous_10)
FNDA:4,(anonymous_11)
FNDA:4,(anonymous_12)
FNDA:4,(anonymous_13)
FNDA:4,(anonymous_14)
FNDA:4,(anonymous_15)
FNDA:4,(anonymous_16)
FNDA:2,DiscoveredClustersPage
FNDA:2,DiscoveredClustersEmptyState
FNDA:6,DiscoveredClustersPageContent
FNDA:6,DiscoveredClustersTable
FNDA:0,(anonymous_21)
FNDA:0,(anonymous_22)
FNDA:0,(anonymous_23)
FNDA:4,dckeyFn
FNDA:4,capitalizeFirstLetter
DA:1,1
DA:8,1
DA:9,1
DA:10,1
DA:11,1
DA:12,1
DA:13,1
DA:14,1
DA:15,1
DA:16,1
DA:17,1
DA:18,1
DA:19,1
DA:20,1
DA:22,1
DA:27,4
DA:39,4
DA:58,4
DA:70,4
DA:77,4
DA:88,4
DA:105,4
DA:122,4
DA:139,1
DA:140,2
DA:148,2
DA:149,2
DA:160,1
DA:161,6
DA:162,6
DA:164,6
DA:165,6
DA:167,6
DA:168,0
DA:169,0
DA:175,0
DA:177,6
DA:184,1
DA:185,6
DA:186,6
DA:187,6
DA:212,0
DA:213,0
DA:214,0
DA:224,4
DA:228,4
LF:46
LH:40
BRDA:42,0,0,2
BRDA:42,0,1,2
BRDA:47,1,0,2
BRDA:47,1,1,2
BRDA:62,2,0,2
BRDA:62,2,1,2
BRDA:63,3,0,2
BRDA:63,3,1,0
BRDA:63,4,0,2
BRDA:63,4,1,2
BRDA:80,5,0,2
BRDA:80,5,1,2
BRDA:91,6,0,0
BRDA:91,6,1,4
BRDA:108,7,0,0
BRDA:108,7,1,4
BRDA:125,8,0,0
BRDA:125,8,1,4
BRDA:130,9,0,0
BRDA:130,9,1,4
BRDA:130,10,0,4
BRDA:130,10,1,4
BRDA:167,11,0,0
BRDA:167,11,1,6
BRDA:168,12,0,0
BRDA:168,12,1,0
BRDA:168,13,0,0
BRDA:168,13,1,0
BRF:28
BRH:18
end_of_record
TN:
SF:src/routes/ProviderConnections/AddConnection/AddConnection.tsx
FN:52,AddConnectionPage
FN:80,AddConnectionPageData
FN:129,(anonymous_4)
FN:134,(anonymous_5)
FN:137,(anonymous_6)
FN:144,(anonymous_7)
FN:147,(anonymous_8)
FN:155,(anonymous_9)
FN:159,(anonymous_10)
FN:173,(anonymous_11)
FN:197,(anonymous_12)
FN:217,(anonymous_13)
FN:240,AddConnectionPageContent
FN:245,(anonymous_15)
FN:254,updateProviderConnection
FN:275,(anonymous_17)
FN:276,(anonymous_18)
FN:284,(anonymous_19)
FN:290,(anonymous_20)
FN:329,(anonymous_21)
FN:330,(anonymous_22)
FN:334,(anonymous_23)
FN:344,(anonymous_24)
FN:345,(anonymous_25)
FN:352,(anonymous_26)
FN:367,(anonymous_27)
FN:368,(anonymous_28)
FN:384,(anonymous_29)
FN:385,(anonymous_30)
FN:398,(anonymous_31)
FN:399,(anonymous_32)
FN:413,(anonymous_33)
FN:414,(anonymous_34)
FN:427,(anonymous_35)
FN:428,(anonymous_36)
FN:441,(anonymous_37)
FN:442,(anonymous_38)
FN:456,(anonymous_39)
FN:457,(anonymous_40)
FN:470,(anonymous_41)
FN:471,(anonymous_42)
FN:484,(anonymous_43)
FN:485,(anonymous_44)
FN:491,(anonymous_45)
FN:499,(anonymous_46)
FN:500,(anonymous_47)
FN:506,(anonymous_48)
FN:514,(anonymous_49)
FN:515,(anonymous_50)
FN:528,(anonymous_51)
FN:529,(anonymous_52)
FN:542,(anonymous_53)
FN:543,(anonymous_54)
FN:557,(anonymous_55)
FN:558,(anonymous_56)
FN:564,(anonymous_57)
FN:572,(anonymous_58)
FN:573,(anonymous_59)
FN:586,(anonymous_60)
FN:587,(anonymous_61)
FN:600,(anonymous_62)
FN:601,(anonymous_63)
FN:614,(anonymous_64)
FN:615,(anonymous_65)
FN:621,(anonymous_66)
FN:629,(anonymous_67)
FN:630,(anonymous_68)
FN:643,(anonymous_69)
FN:644,(anonymous_70)
FN:653,(anonymous_71)
FN:662,(anonymous_72)
FN:663,(anonymous_73)
FN:671,(anonymous_74)
FN:681,(anonymous_75)
FN:682,(anonymous_76)
FN:690,(anonymous_77)
FN:706,(anonymous_78)
FN:707,(anonymous_79)
FN:712,(anonymous_80)
FN:720,(anonymous_81)
FN:721,(anonymous_82)
FN:733,(anonymous_83)
FN:734,(anonymous_84)
FN:746,(anonymous_85)
FN:747,(anonymous_86)
FN:752,(anonymous_87)
FN:760,(anonymous_88)
FN:761,(anonymous_89)
FN:767,(anonymous_90)
FN:774,(anonymous_91)
FN:822,(anonymous_92)
FN:825,(anonymous_93)
FNF:92
FNH:89
FNDA:17,AddConnectionPage
FNDA:41,AddConnectionPageData
FNDA:12,(anonymous_4)
FNDA:12,(anonymous_5)
FNDA:11,(anonymous_6)
FNDA:23,(anonymous_7)
FNDA:10,(anonymous_8)
FNDA:17,(anonymous_9)
FNDA:1,(anonymous_10)
FNDA:0,(anonymous_11)
FNDA:0,(anonymous_12)
FNDA:0,(anonymous_13)
FNDA:1194,AddConnectionPageContent
FNDA:5978,(anonymous_15)
FNDA:1171,updateProviderConnection
FNDA:6,(anonymous_17)
FNDA:6,(anonymous_18)
FNDA:7164,(anonymous_19)
FNDA:6888,(anonymous_20)
FNDA:60,(anonymous_21)
FNDA:60,(anonymous_22)
FNDA:61,(anonymous_23)
FNDA:6,(anonymous_24)
FNDA:6,(anonymous_25)
FNDA:1194,(anonymous_26)
FNDA:55,(anonymous_27)
FNDA:55,(anonymous_28)
FNDA:19,(anonymous_29)
FNDA:19,(anonymous_30)
FNDA:20,(anonymous_31)
FNDA:20,(anonymous_32)
FNDA:27,(anonymous_33)
FNDA:27,(anonymous_34)
FNDA:8,(anonymous_35)
FNDA:8,(anonymous_36)
FNDA:12,(anonymous_37)
FNDA:12,(anonymous_38)
FNDA:14,(anonymous_39)
FNDA:14,(anonymous_40)
FNDA:8,(anonymous_41)
FNDA:8,(anonymous_42)
FNDA:13,(anonymous_43)
FNDA:13,(anonymous_44)
FNDA:13,(anonymous_45)
FNDA:11,(anonymous_46)
FNDA:11,(anonymous_47)
FNDA:11,(anonymous_48)
FNDA:7,(anonymous_49)
FNDA:7,(anonymous_50)
FNDA:8,(anonymous_51)
FNDA:8,(anonymous_52)
FNDA:8,(anonymous_53)
FNDA:8,(anonymous_54)
FNDA:62,(anonymous_55)
FNDA:62,(anonymous_56)
FNDA:62,(anonymous_57)
FNDA:13,(anonymous_58)
FNDA:13,(anonymous_59)
FNDA:10,(anonymous_60)
FNDA:10,(anonymous_61)
FNDA:9,(anonymous_62)
FNDA:9,(anonymous_63)
FNDA:21,(anonymous_64)
FNDA:21,(anonymous_65)
FNDA:21,(anonymous_66)
FNDA:13,(anonymous_67)
FNDA:13,(anonymous_68)
FNDA:115,(anonymous_69)
FNDA:115,(anonymous_70)
FNDA:116,(anonymous_71)
FNDA:365,(anonymous_72)
FNDA:365,(anonymous_73)
FNDA:366,(anonymous_74)
FNDA:151,(anonymous_75)
FNDA:151,(anonymous_76)
FNDA:152,(anonymous_77)
FNDA:20,(anonymous_78)
FNDA:20,(anonymous_79)
FNDA:21,(anonymous_80)
FNDA:16,(anonymous_81)
FNDA:16,(anonymous_82)
FNDA:14,(anonymous_83)
FNDA:14,(anonymous_84)
FNDA:62,(anonymous_85)
FNDA:62,(anonymous_86)
FNDA:63,(anonymous_87)
FNDA:18,(anonymous_88)
FNDA:18,(anonymous_89)
FNDA:18,(anonymous_90)
FNDA:8,(anonymous_91)
FNDA:6,(anonymous_92)
FNDA:1,(anonymous_93)
DA:1,8
DA:2,8
DA:18,8
DA:19,8
DA:20,8
DA:21,8
DA:22,8
DA:23,8
DA:25,8
DA:36,8
DA:37,8
DA:38,8
DA:48,8
DA:49,8
DA:50,8
DA:52,17
DA:53,17
DA:54,17
DA:80,8
DA:81,41
DA:82,41
DA:83,41
DA:84,41
DA:85,41
DA:87,41
DA:129,41
DA:130,12
DA:131,12
DA:134,41
DA:135,12
DA:136,12
DA:138,11
DA:141,12
DA:144,41
DA:145,23
DA:146,11
DA:147,10
DA:148,10
DA:150,1
DA:155,41
DA:156,17
DA:157,1
DA:158,1
DA:160,1
DA:163,1
DA:167,41
DA:168,1
DA:174,0
DA:183,40
DA:184,24
DA:186,16
DA:187,0
DA:189,16
DA:190,1
DA:198,0
DA:207,15
DA:209,1
DA:218,0
DA:229,14
DA:232,8
DA:240,8
DA:241,1194
DA:242,1194
DA:243,1194
DA:245,5978
DA:246,1194
DA:248,1194
DA:255,1171
DA:256,1171
DA:257,1171
DA:260,1194
DA:262,1194
DA:276,6
DA:277,6
DA:285,7164
DA:286,276
DA:288,6888
DA:292,6888
DA:294,1194
DA:295,1194
DA:297,1194
DA:298,1194
DA:300,1194
DA:301,1194
DA:303,1194
DA:304,1194
DA:306,1194
DA:307,1194
DA:309,918
DA:310,918
DA:313,0
DA:315,6888
DA:330,60
DA:331,60
DA:334,61
DA:345,6
DA:346,6
DA:352,1194
DA:368,55
DA:369,55
DA:385,19
DA:386,19
DA:399,20
DA:400,20
DA:414,27
DA:415,27
DA:428,8
DA:429,8
DA:442,12
DA:443,12
DA:457,14
DA:458,14
DA:471,8
DA:472,8
DA:485,13
DA:486,13
DA:491,13
DA:500,11
DA:501,11
DA:506,11
DA:515,7
DA:516,7
DA:529,8
DA:530,8
DA:543,8
DA:544,8
DA:558,62
DA:559,62
DA:564,62
DA:573,13
DA:574,13
DA:587,10
DA:588,10
DA:601,9
DA:602,9
DA:615,21
DA:616,21
DA:621,21
DA:630,13
DA:631,13
DA:644,115
DA:645,115
DA:653,116
DA:663,365
DA:664,365
DA:671,366
DA:682,151
DA:683,151
DA:690,152
DA:707,20
DA:708,20
DA:712,21
DA:721,16
DA:722,16
DA:734,14
DA:735,14
DA:747,62
DA:748,62
DA:752,63
DA:761,18
DA:762,18
DA:767,18
DA:775,8
DA:776,8
DA:777,8
DA:778,5
DA:779,5
DA:781,8
DA:782,7
DA:783,7
DA:784,7
DA:785,7
DA:786,7
DA:788,8
DA:789,7
DA:790,7
DA:791,7
DA:792,7
DA:793,7
DA:794,7
DA:796,8
DA:797,7
DA:798,7
DA:800,8
DA:801,7
DA:802,7
DA:803,7
DA:804,7
DA:805,7
DA:806,7
DA:807,7
DA:809,8
DA:810,7
DA:812,8
DA:814,8
DA:816,8
DA:817,1
DA:819,7
DA:821,8
DA:823,6
DA:827,1
DA:828,1
LF:202
LH:197
BRDA:58,0,0,1
BRDA:58,0,1,16
BRDA:57,1,0,0
BRDA:57,1,1,17
BRDA:57,2,0,17
BRDA:57,2,1,17
BRDA:74,3,0,0
BRDA:74,3,1,17
BRDA:74,4,0,17
BRDA:74,4,1,17
BRDA:74,5,0,0
BRDA:74,5,1,17
BRDA:74,6,0,17
BRDA:74,6,1,17
BRDA:145,7,0,11
BRDA:145,7,1,12
BRDA:146,8,0,10
BRDA:146,8,1,1
BRDA:156,9,0,1
BRDA:156,9,1,16
BRDA:167,10,0,1
BRDA:167,10,1,40
BRDA:183,11,0,24
BRDA:183,11,1,16
BRDA:183,12,0,40
BRDA:183,12,1,28
BRDA:186,13,0,0
BRDA:186,13,1,16
BRDA:186,14,0,16
BRDA:186,14,1,1
BRDA:189,15,0,1
BRDA:189,15,1,15
BRDA:207,16,0,1
BRDA:207,16,1,14
BRDA:207,17,0,15
BRDA:207,17,1,15
BRDA:285,18,0,276
BRDA:285,18,1,6888
BRDA:285,19,0,7164
BRDA:285,19,1,1656
BRDA:293,20,0,1194
BRDA:293,20,1,1194
BRDA:293,20,2,1194
BRDA:293,20,3,1194
BRDA:293,20,4,1194
BRDA:293,20,5,918
BRDA:293,20,6,0
BRDA:293,20,7,0
BRDA:366,21,0,0
BRDA:366,21,1,1194
BRDA:366,22,0,1194
BRDA:366,22,1,1194
BRDA:373,23,0,1194
BRDA:373,23,1,1186
BRDA:383,24,0,0
BRDA:383,24,1,1194
BRDA:383,25,0,1194
BRDA:383,25,1,1194
BRDA:397,26,0,0
BRDA:397,26,1,1194
BRDA:397,27,0,1194
BRDA:397,27,1,1194
BRDA:412,28,0,0
BRDA:412,28,1,1194
BRDA:412,29,0,1194
BRDA:412,29,1,1194
BRDA:426,30,0,0
BRDA:426,30,1,1194
BRDA:426,31,0,1194
BRDA:426,31,1,1194
BRDA:440,32,0,0
BRDA:440,32,1,1194
BRDA:440,33,0,1194
BRDA:440,33,1,1194
BRDA:455,34,0,0
BRDA:455,34,1,1194
BRDA:455,35,0,1194
BRDA:455,35,1,1194
BRDA:469,36,0,0
BRDA:469,36,1,1194
BRDA:469,37,0,1194
BRDA:469,37,1,1194
BRDA:483,38,0,0
BRDA:483,38,1,1194
BRDA:483,39,0,1194
BRDA:483,39,1,1194
BRDA:498,40,0,0
BRDA:498,40,1,1194
BRDA:498,41,0,1194
BRDA:498,41,1,1194
BRDA:513,42,0,0
BRDA:513,42,1,1194
BRDA:513,43,0,1194
BRDA:513,43,1,1194
BRDA:527,44,0,0
BRDA:527,44,1,1194
BRDA:527,45,0,1194
BRDA:527,45,1,1194
BRDA:541,46,0,0
BRDA:541,46,1,1194
BRDA:541,47,0,1194
BRDA:541,47,1,1194
BRDA:556,48,0,0
BRDA:556,48,1,1194
BRDA:556,49,0,1194
BRDA:556,49,1,1194
BRDA:571,50,0,0
BRDA:571,50,1,1194
BRDA:571,51,0,1194
BRDA:571,51,1,1194
BRDA:585,52,0,0
BRDA:585,52,1,1194
BRDA:585,53,0,1194
BRDA:585,53,1,1194
BRDA:599,54,0,0
BRDA:599,54,1,1194
BRDA:599,55,0,1194
BRDA:599,55,1,1194
BRDA:613,56,0,0
BRDA:613,56,1,1194
BRDA:613,57,0,1194
BRDA:613,57,1,1194
BRDA:628,58,0,0
BRDA:628,58,1,1194
BRDA:628,59,0,1194
BRDA:628,59,1,1194
BRDA:642,60,0,0
BRDA:642,60,1,1194
BRDA:642,61,0,1194
BRDA:642,61,1,1194
BRDA:649,62,0,1194
BRDA:649,62,1,1186
BRDA:661,63,0,0
BRDA:661,63,1,1194
BRDA:661,64,0,1194
BRDA:661,64,1,1194
BRDA:668,65,0,1194
BRDA:668,65,1,1186
BRDA:680,66,0,0
BRDA:680,66,1,1194
BRDA:680,67,0,1194
BRDA:680,67,1,1194
BRDA:687,68,0,1194
BRDA:687,68,1,1186
BRDA:705,69,0,0
BRDA:705,69,1,1194
BRDA:705,70,0,1194
BRDA:705,70,1,1194
BRDA:719,71,0,0
BRDA:719,71,1,1194
BRDA:719,72,0,1194
BRDA:719,72,1,1194
BRDA:732,73,0,0
BRDA:732,73,1,1194
BRDA:732,74,0,1194
BRDA:732,74,1,1194
BRDA:745,75,0,0
BRDA:745,75,1,1194
BRDA:745,76,0,1194
BRDA:745,76,1,1194
BRDA:752,77,0,62
BRDA:752,77,1,1
BRDA:759,78,0,0
BRDA:759,78,1,1194
BRDA:759,79,0,1194
BRDA:759,79,1,1194
BRDA:777,80,0,5
BRDA:777,80,1,3
BRDA:781,81,0,7
BRDA:781,81,1,1
BRDA:788,82,0,7
BRDA:788,82,1,1
BRDA:796,83,0,7
BRDA:796,83,1,1
BRDA:800,84,0,7
BRDA:800,84,1,1
BRDA:809,85,0,7
BRDA:809,85,1,1
BRDA:816,86,0,1
BRDA:816,86,1,7
BRDA:827,87,0,1
BRDA:836,88,0,7
BRDA:836,88,1,1187
BRDA:838,89,0,7
BRDA:838,89,1,1187
BRF:185
BRH:152
end_of_record
TN:
SF:src/routes/ProviderConnections/ProviderConnections/ProviderConnections.tsx
FN:27,ProviderConnectionsPage
FN:54,ProviderConnectionsPageContent
FN:59,(anonymous_17)
FN:71,getProvider
FN:77,ProviderConnectionsTable
FN:108,(anonymous_20)
FN:136,(anonymous_21)
FN:147,(anonymous_22)
FN:155,(anonymous_23)
FN:165,(anonymous_24)
FN:177,(anonymous_27)
FN:189,(anonymous_28)
FN:200,(anonymous_29)
FN:211,(anonymous_30)
FN:222,(anonymous_31)
FN:226,(anonymous_32)
FN:237,(anonymous_33)
FNF:17
FNH:0
FNDA:0,ProviderConnectionsPage
FNDA:0,ProviderConnectionsPageContent
FNDA:0,(anonymous_17)
FNDA:0,getProvider
FNDA:0,ProviderConnectionsTable
FNDA:0,(anonymous_20)
FNDA:0,(anonymous_21)
FNDA:0,(anonymous_22)
FNDA:0,(anonymous_23)
FNDA:0,(anonymous_24)
FNDA:0,(anonymous_27)
FNDA:0,(anonymous_28)
FNDA:0,(anonymous_29)
FNDA:0,(anonymous_30)
FNDA:0,(anonymous_31)
FNDA:0,(anonymous_32)
FNDA:0,(anonymous_33)
DA:1,0
DA:14,0
DA:15,0
DA:16,0
DA:17,0
DA:18,0
DA:19,0
DA:20,0
DA:21,0
DA:22,0
DA:23,0
DA:24,0
DA:25,0
DA:27,0
DA:28,0
DA:52,0
DA:54,0
DA:55,0
DA:59,0
DA:60,0
DA:61,0
DA:62,0
DA:65,0
DA:66,0
DA:67,0
DA:68,0
DA:72,0
DA:73,0
DA:74,0
DA:77,0
DA:78,0
DA:79,0
DA:80,0
DA:81,0
DA:82,0
DA:109,0
DA:111,0
DA:113,0
DA:114,0
DA:116,0
DA:117,0
DA:119,0
DA:120,0
DA:122,0
DA:123,0
DA:125,0
DA:126,0
DA:128,0
DA:129,0
DA:132,0
DA:134,0
DA:137,0
DA:148,0
DA:156,0
DA:165,0
DA:166,0
DA:167,0
DA:168,0
DA:169,0
DA:170,0
DA:171,0
DA:172,0
DA:177,0
DA:178,0
DA:184,0
DA:185,0
DA:190,0
DA:201,0
DA:212,0
DA:223,0
DA:224,0
DA:227,0
DA:233,0
DA:238,0
LF:74
LH:0
BRDA:57,0,0,0
BRDA:57,0,1,0
BRDA:60,1,0,0
BRDA:60,1,1,0
BRDA:66,2,0,0
BRDA:66,2,1,0
BRDA:67,3,0,0
BRDA:67,3,1,0
BRDA:72,4,0,0
BRDA:72,4,1,0
BRDA:72,5,0,0
BRDA:72,5,1,0
BRDA:109,6,0,0
BRDA:109,6,1,0
BRDA:109,7,0,0
BRDA:109,7,1,0
BRDA:112,8,0,0
BRDA:112,8,1,0
BRDA:112,8,2,0
BRDA:112,8,3,0
BRDA:112,8,4,0
BRDA:112,8,5,0
BRDA:112,8,6,0
BRDA:112,8,7,0
BRDA:137,9,0,0
BRDA:137,9,1,0
BRDA:137,10,0,0
BRDA:137,10,1,0
BRDA:148,11,0,0
BRDA:148,11,1,0
BRDA:148,12,0,0
BRDA:148,12,1,0
BRDA:171,13,0,0
BRDA:171,13,1,0
BRDA:217,14,0,0
BRDA:217,14,1,0
BRDA:217,15,0,0
BRDA:217,15,1,0
BRF:38
BRH:0
end_of_record
